[+] Containers:
 |- [+] Container: /Game/ThirdPerson/Maps/ThirdPersonMap
 |   |- [+] ActorDescs:
 |   |   |- Guid:022E0FEA4B9669FDC561FC98F3B74EA9 BaseClass: NativeClass:/Script/Engine.StaticMeshActor Name:StaticMeshActor_UAID_047C16CA691A475802_1268807919 Label:SM_Mountain01 SpatiallyLoaded:1 Bounds:IsValid=true, Min=(X=-39417.265 Y=-63110.558 Z=-4055.153), Max=(X=-11604.750 Y=68764.500 Z=18044.567) RuntimeGrid:None EditorOnly:0 RuntimeOnly:0 HLODRelevant:1 ListedInSceneOutliner:1 IsMainWorldOnly:0 FolderPath:Cenario FolderGuid:0531F1A843307BDEEA604A83DF2063F6
 |   |   |- Guid:0D5F5B824A9AE46E19A6A6B85E8721D0 BaseClass:/Game/MinhasBluePrints/BP_Veneno.BP_Veneno_C NativeClass:/Script/Engine.Actor Name:BP_Veneno_C_UAID_047C16CA691A715902_1326759367 Label:BP_Veneno2 SpatiallyLoaded:1 Bounds:IsValid=true, Min=(X=350.000 Y=462.000 Z=57.000), Max=(X=394.000 Y=484.000 Z=123.000) RuntimeGrid:None EditorOnly:0 RuntimeOnly:0 HLODRelevant:0 ListedInSceneOutliner:1 IsMainWorldOnly:0
 |   |   |- Guid:1EBDB89B4D9D4C2487E9F781F560E0D2 BaseClass: NativeClass:/Script/Engine.StaticMeshActor Name:StaticMeshActor_UAID_047C16CA691A975902_2039213065 Label:SM_Fence7 SpatiallyLoaded:1 Bounds:IsValid=true, Min=(X=-1222.905 Y=3283.907 Z=-0.109), Max=(X=-1089.088 Y=3577.117 Z=152.897) RuntimeGrid:None EditorOnly:0 RuntimeOnly:0 HLODRelevant:1 ListedInSceneOutliner:1 IsMainWorldOnly:0 FolderPath:Vila FolderGuid:A87ECB234B40DE4871C0DABC5EE49C64
 |   |   |- Guid:2124AD3C4033A46E1C4D718ED05DFE98 BaseClass:/Game/WaterMaterials/Blueprints/BP_Sunlight.BP_Sunlight_C NativeClass:/Script/Engine.Actor Name:BP_Sunlight_C_UAID_047C16CA691A985902_1186554244 Label:BP_Sunlight SpatiallyLoaded:1 Bounds:IsValid=true, Min=(X=-3179.000 Y=5637.000 Z=0.000), Max=(X=-3179.000 Y=5637.000 Z=0.000) RuntimeGrid:None EditorOnly:0 RuntimeOnly:0 HLODRelevant:0 ListedInSceneOutliner:1 IsMainWorldOnly:0
 |   |   |- Guid:26B16818499034C787B841AE634C3895 BaseClass: NativeClass:/Script/Engine.StaticMeshActor Name:StaticMeshActor_UAID_047C16CA691A915902_1344461000 Label:SM_Fence5 SpatiallyLoaded:1 Bounds:IsValid=true, Min=(X=649.495 Y=3101.217 Z=-0.109), Max=(X=949.424 Y=3134.457 Z=152.897) RuntimeGrid:None EditorOnly:0 RuntimeOnly:0 HLODRelevant:1 ListedInSceneOutliner:1 IsMainWorldOnly:0 FolderPath:Vila FolderGuid:A87ECB234B40DE4871C0DABC5EE49C64
 |   |   |- Guid:2FB58999456391D349DC0F86DAC136ED BaseClass: NativeClass:/Script/Engine.SkyLight Name:SkyLight_1 Label:SkyLight SpatiallyLoaded:0 Bounds:IsValid=true, Min=(X=0.000 Y=0.000 Z=690.000), Max=(X=0.000 Y=0.000 Z=690.000) RuntimeGrid:None EditorOnly:0 RuntimeOnly:0 HLODRelevant:0 ListedInSceneOutliner:1 IsMainWorldOnly:0 FolderPath:Lighting FolderGuid:963EC3EB4002CCE9759E2EBA541A873A
 |   |   |- Guid:316CF2A6494ACA4C0E4180A87D36AB8F BaseClass: NativeClass:/Script/Engine.ExponentialHeightFog Name:ExponentialHeightFog_0 Label:ExponentialHeightFog SpatiallyLoaded:0 Bounds:IsValid=true, Min=(X=-5600.000 Y=-50.000 Z=-6850.000), Max=(X=-5600.000 Y=-50.000 Z=-6850.000) RuntimeGrid:None EditorOnly:0 RuntimeOnly:0 HLODRelevant:0 ListedInSceneOutliner:1 IsMainWorldOnly:0 FolderPath:Lighting FolderGuid:963EC3EB4002CCE9759E2EBA541A873A
 |   |   |- Guid:32AFBF65412D8E2BA6D66D9E471885FF BaseClass: NativeClass:/Script/Engine.StaticMeshActor Name:StaticMeshActor_UAID_047C16CA691A495802_1941679276 Label:goose_low_poly SpatiallyLoaded:1 Bounds:IsValid=true, Min=(X=1097.887 Y=2159.370 Z=13.850), Max=(X=1144.113 Y=2257.991 Z=143.455) RuntimeGrid:None EditorOnly:0 RuntimeOnly:0 HLODRelevant:1 ListedInSceneOutliner:1 IsMainWorldOnly:0
 |   |   |- Guid:33375D5B4A834580944D5B83D56EA115 BaseClass: NativeClass:/Script/Engine.StaticMeshActor Name:StaticMeshActor_UAID_047C16CA691A975902_1209284061 Label:SM_Hills8 SpatiallyLoaded:1 Bounds:IsValid=true, Min=(X=-4160.875 Y=6609.000 Z=-2936.750), Max=(X=-2317.125 Y=6638.096 Z=0.750) RuntimeGrid:None EditorOnly:0 RuntimeOnly:0 HLODRelevant:1 ListedInSceneOutliner:1 IsMainWorldOnly:0
 |   |   |- Guid:3A00AA1C422CE54C0BDB60BAF471BFBB BaseClass: NativeClass:/Script/Engine.PlayerStart Name:PlayerStart_0 Label:PlayerStart SpatiallyLoaded:0 Bounds:IsValid=true, Min=(X=-40.000 Y=-40.000 Z=14.000), Max=(X=40.000 Y=40.000 Z=198.000) RuntimeGrid:None EditorOnly:0 RuntimeOnly:0 HLODRelevant:0 ListedInSceneOutliner:1 IsMainWorldOnly:0
 |   |   |- Guid:4D3BE93F4146AAAC8BBE79999D96D57F BaseClass: NativeClass:/Script/Engine.VolumetricCloud Name:VolumetricCloud_0 Label:VolumetricCloud SpatiallyLoaded:0 Bounds:IsValid=true, Min=(X=0.000 Y=0.000 Z=820.000), Max=(X=0.000 Y=0.000 Z=820.000) RuntimeGrid:None EditorOnly:0 RuntimeOnly:0 HLODRelevant:0 ListedInSceneOutliner:1 IsMainWorldOnly:0 FolderPath:Lighting FolderGuid:963EC3EB4002CCE9759E2EBA541A873A
 |   |   |- Guid:4F9BBFA742E91F767611AB9895A63705 BaseClass: NativeClass:/Script/Engine.StaticMeshActor Name:StaticMeshActor_UAID_047C16CA691A485802_2099527098 Label:SM_Mountain3 SpatiallyLoaded:1 Bounds:IsValid=true, Min=(X=-6285.805 Y=-99575.408 Z=-890.313), Max=(X=70383.769 Y=64877.343 Z=44394.381) RuntimeGrid:None EditorOnly:0 RuntimeOnly:0 HLODRelevant:1 ListedInSceneOutliner:1 IsMainWorldOnly:0 FolderPath:Cenario FolderGuid:0531F1A843307BDEEA604A83DF2063F6
 |   |   |- Guid:5268811F47784A190EE6C4AAC4C58220 BaseClass: NativeClass:/Script/Engine.StaticMeshActor Name:StaticMeshActor_UAID_047C16CA691A915902_1192987999 Label:low_poly_simple_house2 SpatiallyLoaded:1 Bounds:IsValid=true, Min=(X=-803.620 Y=-260.806 Z=-0.307), Max=(X=-9.388 Y=547.191 Z=405.013) RuntimeGrid:None EditorOnly:0 RuntimeOnly:0 HLODRelevant:1 ListedInSceneOutliner:1 IsMainWorldOnly:0 FolderPath:Vila FolderGuid:A87ECB234B40DE4871C0DABC5EE49C64
 |   |   |- Guid:541D671149883E58F7B619B0F5FE24BF BaseClass: NativeClass:/Script/Engine.StaticMeshActor Name:StaticMeshActor_UAID_047C16CA691A955902_1652003703 Label:SM_Hills5 SpatiallyLoaded:1 Bounds:IsValid=true, Min=(X=-4630.693 Y=1465.847 Z=-82.000), Max=(X=-2913.307 Y=5794.153 Z=645.391) RuntimeGrid:None EditorOnly:0 RuntimeOnly:0 HLODRelevant:1 ListedInSceneOutliner:1 IsMainWorldOnly:0
 |   |   |- Guid:56F3399B47E7C3D2B8FFCA95B1C5E6C6 BaseClass:/Game/MinhasBluePrints/BP_Veneno.BP_Veneno_C NativeClass:/Script/Engine.Actor Name:BP_Veneno_C_UAID_047C16CA691A545502_1366475041 Label:BP_Veneno SpatiallyLoaded:1 Bounds:IsValid=true, Min=(X=273.000 Y=462.000 Z=57.000), Max=(X=317.000 Y=484.000 Z=123.000) RuntimeGrid:None EditorOnly:0 RuntimeOnly:0 HLODRelevant:0 ListedInSceneOutliner:1 IsMainWorldOnly:0
 |   |   |- Guid:5984ED204BCDAE9ED46A0E9331159B85 BaseClass: NativeClass:/Script/Engine.StaticMeshActor Name:StaticMeshActor_UAID_047C16CA691AD05302_2066712782 Label:SM_MarketStall_01 SpatiallyLoaded:1 Bounds:IsValid=true, Min=(X=565.146 Y=1157.813 Z=-0.000), Max=(X=912.220 Y=1565.708 Z=388.838) RuntimeGrid:None EditorOnly:0 RuntimeOnly:0 HLODRelevant:1 ListedInSceneOutliner:1 IsMainWorldOnly:0
 |   |   |- Guid:5CE3BF974AE446AC758654883FDEDAEE BaseClass: NativeClass:/Script/Engine.StaticMeshActor Name:StaticMeshActor_UAID_047C16CA691A6B5902_1309946311 Label:SM_Tile_Grass SpatiallyLoaded:1 Bounds:IsValid=true, Min=(X=-6093.750 Y=-3640.000 Z=-0.000), Max=(X=10593.750 Y=6610.000 Z=0.000) RuntimeGrid:None EditorOnly:0 RuntimeOnly:0 HLODRelevant:1 ListedInSceneOutliner:1 IsMainWorldOnly:0 FolderPath:Cenario FolderGuid:0531F1A843307BDEEA604A83DF2063F6
 |   |   |- Guid:60CDBA5A4784FA6A32B836B1959B6FF2 BaseClass: NativeClass:/Script/Engine.StaticMeshActor Name:StaticMeshActor_UAID_047C16CA691A915902_1472762006 Label:SM_Fence6 SpatiallyLoaded:1 Bounds:IsValid=true, Min=(X=-531.505 Y=3101.217 Z=-0.109), Max=(X=-231.576 Y=3134.457 Z=152.897) RuntimeGrid:None EditorOnly:0 RuntimeOnly:0 HLODRelevant:1 ListedInSceneOutliner:1 IsMainWorldOnly:0 FolderPath:Vila FolderGuid:A87ECB234B40DE4871C0DABC5EE49C64
 |   |   |- Guid:61A254BC4E4CA6DADFE2C680931F9CA8 BaseClass: NativeClass:/Script/Engine.StaticMeshActor Name:StaticMeshActor_UAID_047C16CA691A975902_2082109067 Label:SM_Fence9 SpatiallyLoaded:1 Bounds:IsValid=true, Min=(X=-1422.905 Y=3845.907 Z=-0.109), Max=(X=-1289.088 Y=4139.117 Z=152.897) RuntimeGrid:None EditorOnly:0 RuntimeOnly:0 HLODRelevant:1 ListedInSceneOutliner:1 IsMainWorldOnly:0 FolderPath:Vila FolderGuid:A87ECB234B40DE4871C0DABC5EE49C64
 |   |   |- Guid:62FCB5C54C951DE50D591192DF6E78B8 BaseClass: NativeClass:/Script/Engine.StaticMeshActor Name:StaticMeshActor_UAID_047C16CA691A965902_1806503881 Label:SM_Tile_Grass2 SpatiallyLoaded:1 Bounds:IsValid=true, Min=(X=-6418.750 Y=7373.000 Z=-0.000), Max=(X=-731.250 Y=11123.000 Z=0.000) RuntimeGrid:None EditorOnly:0 RuntimeOnly:0 HLODRelevant:1 ListedInSceneOutliner:1 IsMainWorldOnly:0 FolderPath:Cenario FolderGuid:0531F1A843307BDEEA604A83DF2063F6
 |   |   |- Guid:6854DEED403581D2169C9189422F85A4 BaseClass: NativeClass:/Script/Engine.StaticMeshActor Name:StaticMeshActor_UAID_047C16CA691AD05302_1764752771 Label:SM_Fence4 SpatiallyLoaded:1 Bounds:IsValid=true, Min=(X=364.495 Y=3101.217 Z=-0.109), Max=(X=664.424 Y=3134.457 Z=152.897) RuntimeGrid:None EditorOnly:0 RuntimeOnly:0 HLODRelevant:1 ListedInSceneOutliner:1 IsMainWorldOnly:0 FolderPath:Vila FolderGuid:A87ECB234B40DE4871C0DABC5EE49C64
 |   |   |- Guid:686FDCFC4DAEF7CA39B1C4B3E489799E BaseClass: NativeClass:/Script/Engine.StaticMeshActor Name:StaticMeshActor_UAID_047C16CA691A965902_2144386884 Label:SM_Hills7 SpatiallyLoaded:1 Bounds:IsValid=true, Min=(X=-5536.295 Y=4184.826 Z=-1.000), Max=(X=-3153.705 Y=8491.174 Z=726.391) RuntimeGrid:None EditorOnly:0 RuntimeOnly:0 HLODRelevant:1 ListedInSceneOutliner:1 IsMainWorldOnly:0
 |   |   |- Guid:6BAF4DDD444C60371492D3919DB42C97 BaseClass: NativeClass:/Script/Engine.WorldDataLayers Name:WorldDataLayers Label:WorldDataLayers SpatiallyLoaded:0 Bounds:IsValid=true, Min=(X=0.000 Y=0.000 Z=0.000), Max=(X=0.000 Y=0.000 Z=0.000) RuntimeGrid:None EditorOnly:0 RuntimeOnly:0 HLODRelevant:0 ListedInSceneOutliner:1 IsMainWorldOnly:1
 |   |   |- Guid:6D3B377048627EA156D1B6B40F355076 BaseClass: NativeClass:/Script/Engine.StaticMeshActor Name:StaticMeshActor_UAID_047C16CA691A975902_2066997066 Label:SM_Fence8 SpatiallyLoaded:1 Bounds:IsValid=true, Min=(X=-1326.905 Y=3561.907 Z=-0.109), Max=(X=-1193.088 Y=3855.117 Z=152.897) RuntimeGrid:None EditorOnly:0 RuntimeOnly:0 HLODRelevant:1 ListedInSceneOutliner:1 IsMainWorldOnly:0 FolderPath:Vila FolderGuid:A87ECB234B40DE4871C0DABC5EE49C64
 |   |   |- Guid:79F4FE28459C9FE8C0A4BCAF59042F99 BaseClass: NativeClass:/Script/Engine.StaticMeshActor Name:StaticMeshActor_UAID_047C16CA691A965902_1523072880 Label:stylized_stone_bridge SpatiallyLoaded:1 Bounds:IsValid=true, Min=(X=-3467.252 Y=6611.017 Z=-623.567), Max=(X=-3118.748 Y=7374.983 Z=164.292) RuntimeGrid:None EditorOnly:0 RuntimeOnly:0 HLODRelevant:1 ListedInSceneOutliner:1 IsMainWorldOnly:0
 |   |   |- Guid:7F6B75534123E0ABCC9AB4BF4E628C1B BaseClass: NativeClass:/Script/Engine.StaticMeshActor Name:StaticMeshActor_UAID_047C16CA691A915902_1574196007 Label:SM_Hills2 SpatiallyLoaded:1 Bounds:IsValid=true, Min=(X=-2168.625 Y=-1693.000 Z=-266.000), Max=(X=2362.625 Y=-693.000 Z=708.398) RuntimeGrid:None EditorOnly:0 RuntimeOnly:0 HLODRelevant:1 ListedInSceneOutliner:1 IsMainWorldOnly:0
 |   |   |- Guid:82BE3F9445C1F463303EB18CC45F4EEC BaseClass:/Game/MinhasBluePrints/BP_Veneno2.BP_Veneno2_C NativeClass:/Script/Engine.Actor Name:BP_Veneno2_C_UAID_047C16CA691A835902_1118242536 Label:BP_Veneno5 SpatiallyLoaded:1 Bounds:IsValid=true, Min=(X=-41.000 Y=436.000 Z=55.000), Max=(X=3.000 Y=458.000 Z=121.000) RuntimeGrid:None EditorOnly:0 RuntimeOnly:0 HLODRelevant:0 ListedInSceneOutliner:1 IsMainWorldOnly:0
 |   |   |- Guid:84CAC86745E6855388F8428317AEBC29 BaseClass: NativeClass:/Script/Engine.StaticMeshActor Name:StaticMeshActor_UAID_047C16CA691A495802_2052599277 Label:goose_low_poly2 SpatiallyLoaded:1 Bounds:IsValid=true, Min=(X=-7825.252 Y=19499.155 Z=-32238.852), Max=(X=7583.253 Y=52372.514 Z=10962.816) RuntimeGrid:None EditorOnly:0 RuntimeOnly:0 HLODRelevant:1 ListedInSceneOutliner:1 IsMainWorldOnly:0
 |   |   |- Guid:87E2B2FB47E5E0CA4E8F8E86CB1FB1A0 BaseClass: NativeClass:/Script/Engine.StaticMeshActor Name:StaticMeshActor_UAID_047C16CA691A6C5902_1117126488 Label:SM_Hills02 SpatiallyLoaded:1 Bounds:IsValid=true, Min=(X=-2659.741 Y=4085.995 Z=-82.000), Max=(X=853.741 Y=6180.005 Z=742.376) RuntimeGrid:None EditorOnly:0 RuntimeOnly:0 HLODRelevant:1 ListedInSceneOutliner:1 IsMainWorldOnly:0
 |   |   |- Guid:8CC51D704DE7E423C3ABA7BEA07CC0D2 BaseClass: NativeClass:/Script/Engine.StaticMeshActor Name:StaticMeshActor_UAID_047C16CA691A915902_1421561003 Label:low_poly_simple_house4 SpatiallyLoaded:1 Bounds:IsValid=true, Min=(X=-2144.983 Y=1092.478 Z=-0.307), Max=(X=-1531.534 Y=1796.512 Z=405.013) RuntimeGrid:None EditorOnly:0 RuntimeOnly:0 HLODRelevant:1 ListedInSceneOutliner:1 IsMainWorldOnly:0 FolderPath:Vila FolderGuid:A87ECB234B40DE4871C0DABC5EE49C64
 |   |   |- Guid:8E2C70AF4B5974A83D3F02BA03E7303C BaseClass: NativeClass:/Script/Engine.StaticMeshActor Name:StaticMeshActor_UAID_047C16CA691A975902_1767553063 Label:SM_Hills10 SpatiallyLoaded:1 Bounds:IsValid=true, Min=(X=-2888.736 Y=6389.078 Z=-2935.750), Max=(X=-2539.918 Y=8209.870 Z=1.750) RuntimeGrid:None EditorOnly:0 RuntimeOnly:0 HLODRelevant:1 ListedInSceneOutliner:1 IsMainWorldOnly:0
 |   |   |- Guid:90947A784959D306A8E5C18201527F36 BaseClass: NativeClass:/Script/Engine.StaticMeshActor Name:StaticMeshActor_UAID_047C16CA691A6C5902_1126765489 Label:SM_Hills01 SpatiallyLoaded:1 Bounds:IsValid=true, Min=(X=-4120.338 Y=-1887.963 Z=-216.000), Max=(X=-441.662 Y=2225.963 Z=758.398) RuntimeGrid:None EditorOnly:0 RuntimeOnly:0 HLODRelevant:1 ListedInSceneOutliner:1 IsMainWorldOnly:0
 |   |   |- Guid:91517FA7430A0B37D8E5C1901B7DB2F0 BaseClass:/Game/MinhasBluePrints/BP_Vida.BP_Vida_C NativeClass:/Script/Engine.Actor Name:BP_Vida_C_UAID_047C16CA691A535502_2097330863 Label:BP_Vida SpatiallyLoaded:1 Bounds:IsValid=true, Min=(X=183.000 Y=322.000 Z=78.000), Max=(X=247.000 Y=386.000 Z=142.000) RuntimeGrid:None EditorOnly:0 RuntimeOnly:0 HLODRelevant:0 ListedInSceneOutliner:1 IsMainWorldOnly:0
 |   |   |- Guid:9D03D413439A6964371F02847F6208D9 BaseClass: NativeClass:/Script/Engine.StaticMeshActor Name:StaticMeshActor_UAID_047C16CA691A975902_1877191064 Label:SM_Hills11 SpatiallyLoaded:1 Bounds:IsValid=true, Min=(X=-4475.300 Y=6435.721 Z=-2935.750), Max=(X=-3817.359 Y=8178.230 Z=1.750) RuntimeGrid:None EditorOnly:0 RuntimeOnly:0 HLODRelevant:1 ListedInSceneOutliner:1 IsMainWorldOnly:0
 |   |   |- Guid:9E2562B441D1662174B18B9AC46045EC BaseClass: NativeClass:/Script/Engine.PlanarReflection Name:PlanarReflection_UAID_047C16CA691A985902_1345266245 Label:PlanarReflection SpatiallyLoaded:1 Bounds:IsValid=true, Min=(X=-5379.000 Y=5231.000 Z=-634.000), Max=(X=-1379.000 Y=9231.000 Z=566.000) RuntimeGrid:None EditorOnly:0 RuntimeOnly:0 HLODRelevant:0 ListedInSceneOutliner:1 IsMainWorldOnly:0
 |   |   |- Guid:A1C7CEB948074508A3B59688349F9DE9 BaseClass: NativeClass:/Script/Engine.StaticMeshActor Name:StaticMeshActor_UAID_047C16CA691A965902_1430632879 Label:big_sand_castle_low_poly2 SpatiallyLoaded:1 Bounds:IsValid=true, Min=(X=-5300.036 Y=7818.249 Z=-4.895), Max=(X=-2557.396 Y=10158.353 Z=2019.903) RuntimeGrid:None EditorOnly:0 RuntimeOnly:0 HLODRelevant:1 ListedInSceneOutliner:1 IsMainWorldOnly:0
 |   |   |- Guid:A6839A67473445B9429718939C2CCBC1 BaseClass: NativeClass:/Script/Landscape.Landscape Name:Landscape_UAID_047C16CA691A475802_1813730920 Label:Landscape3 SpatiallyLoaded:0 Bounds:IsValid=true, Min=(X=-19823.000 Y=-23290.000 Z=-576.250), Max=(X=24277.000 Y=20810.000 Z=5952.875) RuntimeGrid:None EditorOnly:0 RuntimeOnly:0 HLODRelevant:0 ListedInSceneOutliner:1 IsMainWorldOnly:0 FolderPath:Cenario FolderGuid:0531F1A843307BDEEA604A83DF2063F6
 |   |   |- Guid:AE07F2D44A87B1B1C2065690C7125DB1 BaseClass: NativeClass:/Script/Engine.StaticMeshActor Name:StaticMeshActor_UAID_047C16CA691ACF5302_2136114586 Label:small_low_poly_church SpatiallyLoaded:1 Bounds:IsValid=true, Min=(X=-283.824 Y=2970.791 Z=0.000), Max=(X=416.135 Y=4276.925 Z=1428.744) RuntimeGrid:None EditorOnly:0 RuntimeOnly:0 HLODRelevant:1 ListedInSceneOutliner:1 IsMainWorldOnly:0
 |   |   |- Guid:B785ED2844B84CFB91E7F39FE661CD99 BaseClass: NativeClass:/Script/Engine.DirectionalLight Name:DirectionalLight_0 Label:DirectionalLight SpatiallyLoaded:0 Bounds:IsValid=true, Min=(X=-1048576.000 Y=-1048576.000 Z=-1048576.000), Max=(X=1048576.000 Y=1048576.000 Z=1048576.000) RuntimeGrid:None EditorOnly:0 RuntimeOnly:0 HLODRelevant:0 ListedInSceneOutliner:1 IsMainWorldOnly:0 FolderPath:Lighting FolderGuid:963EC3EB4002CCE9759E2EBA541A873A
 |   |   |- Guid:BAA6C8E94727BA03FE708A90A4954631 BaseClass: NativeClass:/Script/Engine.StaticMeshActor Name:StaticMeshActor_UAID_047C16CA691AD05302_1521552763 Label:low_poly_simple_house SpatiallyLoaded:1 Bounds:IsValid=true, Min=(X=123.809 Y=-344.620 Z=-0.307), Max=(X=931.806 Y=449.612 Z=405.013) RuntimeGrid:None EditorOnly:0 RuntimeOnly:0 HLODRelevant:1 ListedInSceneOutliner:1 IsMainWorldOnly:0 FolderPath:Vila FolderGuid:A87ECB234B40DE4871C0DABC5EE49C64
 |   |   |- Guid:C06650BA400EEFB3FF2064B415C14450 BaseClass: NativeClass:/Script/Engine.StaticMeshActor Name:StaticMeshActor_UAID_047C16CA691A915902_1983359010 Label:SM_Hills3 SpatiallyLoaded:1 Bounds:IsValid=true, Min=(X=-4309.661 Y=135.941 Z=-216.000), Max=(X=-2226.339 Y=3620.059 Z=758.398) RuntimeGrid:None EditorOnly:0 RuntimeOnly:0 HLODRelevant:1 ListedInSceneOutliner:1 IsMainWorldOnly:0
 |   |   |- Guid:CCFF262C46EEFFDF319E7F9539CE697E BaseClass: NativeClass:/Script/Engine.SkyAtmosphere Name:SkyAtmosphere_0 Label:SkyAtmosphere SpatiallyLoaded:0 Bounds:IsValid=true, Min=(X=0.000 Y=0.000 Z=1020.000), Max=(X=0.000 Y=0.000 Z=1020.000) RuntimeGrid:None EditorOnly:0 RuntimeOnly:0 HLODRelevant:0 ListedInSceneOutliner:1 IsMainWorldOnly:0 FolderPath:Lighting FolderGuid:963EC3EB4002CCE9759E2EBA541A873A
 |   |   |- Guid:D09A52544304C56B9263D1AA46FFC7B5 BaseClass: NativeClass:/Script/Engine.StaticMeshActor Name:StaticMeshActor_UAID_047C16CA691A915902_1725031008 Label:SM_MarketStall_02 SpatiallyLoaded:1 Bounds:IsValid=true, Min=(X=-128.134 Y=1815.617 Z=-0.000), Max=(X=372.369 Y=2087.623 Z=260.477) RuntimeGrid:None EditorOnly:0 RuntimeOnly:0 HLODRelevant:1 ListedInSceneOutliner:1 IsMainWorldOnly:0
 |   |   |- Guid:D2870B8D48137D6222C9839A5517780C BaseClass: NativeClass:/Script/Engine.StaticMeshActor Name:StaticMeshActor_UAID_047C16CA691A965902_2053229883 Label:SM_Hills6 SpatiallyLoaded:1 Bounds:IsValid=true, Min=(X=-2797.994 Y=4176.662 Z=-1.000), Max=(X=-1162.006 Y=8043.338 Z=823.376) RuntimeGrid:None EditorOnly:0 RuntimeOnly:0 HLODRelevant:1 ListedInSceneOutliner:1 IsMainWorldOnly:0
 |   |   |- Guid:DAEA1A6E412064B81353DB9AE75ED0A0 BaseClass: NativeClass:/Script/Engine.StaticMeshActor Name:StaticMeshActor_UAID_047C16CA691ACF5302_2024186580 Label:SM_Stones02 SpatiallyLoaded:1 Bounds:IsValid=true, Min=(X=1804.605 Y=1678.851 Z=10.000), Max=(X=2256.562 Y=2142.292 Z=246.141) RuntimeGrid:None EditorOnly:0 RuntimeOnly:0 HLODRelevant:1 ListedInSceneOutliner:1 IsMainWorldOnly:0
 |   |   |- Guid:E02DB9914C347B64A2FB44A4A680D0D4 BaseClass: NativeClass:/Script/Engine.StaticMeshActor Name:StaticMeshActor_UAID_047C16CA691A915902_1728773009 Label:SM_MarketStall_03 SpatiallyLoaded:1 Bounds:IsValid=true, Min=(X=674.026 Y=675.296 Z=-0.000), Max=(X=1079.856 Y=1052.060 Z=258.330) RuntimeGrid:None EditorOnly:0 RuntimeOnly:0 HLODRelevant:1 ListedInSceneOutliner:1 IsMainWorldOnly:0
 |   |   |- Guid:E138BAF34D1671B7EEEB17A46221C8F6 BaseClass: NativeClass:/Script/Engine.StaticMeshActor Name:StaticMeshActor_UAID_047C16CA691A485802_2055333097 Label:SM_Mountain2 SpatiallyLoaded:1 Bounds:IsValid=true, Min=(X=-70927.439 Y=-69667.806 Z=-2764.141), Max=(X=66675.392 Y=13023.846 Z=17559.709) RuntimeGrid:None EditorOnly:0 RuntimeOnly:0 HLODRelevant:1 ListedInSceneOutliner:1 IsMainWorldOnly:0 FolderPath:Cenario FolderGuid:0531F1A843307BDEEA604A83DF2063F6
 |   |   |- Guid:E49039764924F6EDF0F2CC873FAC5270 BaseClass: NativeClass:/Script/Engine.StaticMeshActor Name:StaticMeshActor_UAID_047C16CA691A915902_1357489001 Label:low_poly_simple_house3 SpatiallyLoaded:1 Bounds:IsValid=true, Min=(X=-1678.191 Y=225.380 Z=-0.307), Max=(X=-870.194 Y=1019.612 Z=405.013) RuntimeGrid:None EditorOnly:0 RuntimeOnly:0 HLODRelevant:1 ListedInSceneOutliner:1 IsMainWorldOnly:0 FolderPath:Vila FolderGuid:A87ECB234B40DE4871C0DABC5EE49C64
 |   |   |- Guid:F52D0A8F42D6D45FB4B8EDAB98B3E443 BaseClass:/Game/MinhasBluePrints/BP_Veneno.BP_Veneno_C NativeClass:/Script/Engine.Actor Name:BP_Veneno_C_UAID_047C16CA691A715902_1327699368 Label:BP_Veneno3 SpatiallyLoaded:1 Bounds:IsValid=true, Min=(X=409.000 Y=462.000 Z=57.000), Max=(X=453.000 Y=484.000 Z=123.000) RuntimeGrid:None EditorOnly:0 RuntimeOnly:0 HLODRelevant:0 ListedInSceneOutliner:1 IsMainWorldOnly:0
 |   |   |- Guid:F5E3FEB3450C49844FD93DA8E083C8AD BaseClass: NativeClass:/Script/Engine.PostProcessVolume Name:PostProcessVolume_0 Label:PostProcessVolume SpatiallyLoaded:0 Bounds:IsValid=true, Min=(X=0.000 Y=0.000 Z=400.000), Max=(X=200.000 Y=200.000 Z=600.000) RuntimeGrid:None EditorOnly:0 RuntimeOnly:0 HLODRelevant:0 ListedInSceneOutliner:1 IsMainWorldOnly:0 FolderPath:Lighting FolderGuid:963EC3EB4002CCE9759E2EBA541A873A
 |   |   |- Guid:F78379834F75CB99F18D0CAD4B6B1399 BaseClass: NativeClass:/Script/Engine.StaticMeshActor Name:StaticMeshActor_UAID_047C16CA691A915902_1442157005 Label:low_poly_simple_house6 SpatiallyLoaded:1 Bounds:IsValid=true, Min=(X=-1134.522 Y=2840.534 Z=-0.307), Max=(X=-430.488 Y=3453.983 Z=405.013) RuntimeGrid:None EditorOnly:0 RuntimeOnly:0 HLODRelevant:1 ListedInSceneOutliner:1 IsMainWorldOnly:0 FolderPath:Vila FolderGuid:A87ECB234B40DE4871C0DABC5EE49C64
 |   |   |- Guid:F86178EE43100779C1D32B8DC2EF7CEA BaseClass:/Game/MinhasBluePrints/BP_Veneno2.BP_Veneno2_C NativeClass:/Script/Engine.Actor Name:BP_Veneno2_C_UAID_047C16CA691A835902_1112081535 Label:BP_Veneno4 SpatiallyLoaded:1 Bounds:IsValid=true, Min=(X=35.000 Y=436.000 Z=55.000), Max=(X=79.000 Y=458.000 Z=121.000) RuntimeGrid:None EditorOnly:0 RuntimeOnly:0 HLODRelevant:0 ListedInSceneOutliner:1 IsMainWorldOnly:0
 |   |   |- Guid:FB0DF2DB459E7ED9269DC8BD9CE4AEA7 BaseClass: NativeClass:/Script/Engine.StaticMeshActor Name:StaticMeshActor_UAID_047C16CA691A915902_2047432011 Label:SM_Hills4 SpatiallyLoaded:1 Bounds:IsValid=true, Min=(X=-963.125 Y=4811.000 Z=-82.000), Max=(X=1943.125 Y=5811.000 Z=679.336) RuntimeGrid:None EditorOnly:0 RuntimeOnly:0 HLODRelevant:1 ListedInSceneOutliner:1 IsMainWorldOnly:0
 |   |   |- Guid:FBE743FB4E993E4114453088C321B6F2 BaseClass: NativeClass:/Script/Engine.StaticMeshActor Name:StaticMeshActor_UAID_047C16CA691A975902_1738695062 Label:SM_Hills9 SpatiallyLoaded:1 Bounds:IsValid=true, Min=(X=-4333.875 Y=7344.904 Z=-2933.750), Max=(X=-2490.125 Y=7374.000 Z=3.750) RuntimeGrid:None EditorOnly:0 RuntimeOnly:0 HLODRelevant:1 ListedInSceneOutliner:1 IsMainWorldOnly:0
 |   |- [+] Clusters:
 |   |   |- [+] [  0]
 |   |   |   |- Guid:022E0FEA4B9669FDC561FC98F3B74EA9 BaseClass: NativeClass:/Script/Engine.StaticMeshActor Name:StaticMeshActor_UAID_047C16CA691A475802_1268807919 Label:SM_Mountain01 SpatiallyLoaded:1 Bounds:IsValid=true, Min=(X=-39417.265 Y=-63110.558 Z=-4055.153), Max=(X=-11604.750 Y=68764.500 Z=18044.567) RuntimeGrid:None EditorOnly:0 RuntimeOnly:0 HLODRelevant:1 ListedInSceneOutliner:1 IsMainWorldOnly:0 FolderPath:Cenario FolderGuid:0531F1A843307BDEEA604A83DF2063F6
 |   |   |- [+] [  1]
 |   |   |   |- Guid:0D5F5B824A9AE46E19A6A6B85E8721D0 BaseClass:/Game/MinhasBluePrints/BP_Veneno.BP_Veneno_C NativeClass:/Script/Engine.Actor Name:BP_Veneno_C_UAID_047C16CA691A715902_1326759367 Label:BP_Veneno2 SpatiallyLoaded:1 Bounds:IsValid=true, Min=(X=350.000 Y=462.000 Z=57.000), Max=(X=394.000 Y=484.000 Z=123.000) RuntimeGrid:None EditorOnly:0 RuntimeOnly:0 HLODRelevant:0 ListedInSceneOutliner:1 IsMainWorldOnly:0
 |   |   |- [+] [  2]
 |   |   |   |- Guid:1EBDB89B4D9D4C2487E9F781F560E0D2 BaseClass: NativeClass:/Script/Engine.StaticMeshActor Name:StaticMeshActor_UAID_047C16CA691A975902_2039213065 Label:SM_Fence7 SpatiallyLoaded:1 Bounds:IsValid=true, Min=(X=-1222.905 Y=3283.907 Z=-0.109), Max=(X=-1089.088 Y=3577.117 Z=152.897) RuntimeGrid:None EditorOnly:0 RuntimeOnly:0 HLODRelevant:1 ListedInSceneOutliner:1 IsMainWorldOnly:0 FolderPath:Vila FolderGuid:A87ECB234B40DE4871C0DABC5EE49C64
 |   |   |- [+] [  3]
 |   |   |   |- Guid:2124AD3C4033A46E1C4D718ED05DFE98 BaseClass:/Game/WaterMaterials/Blueprints/BP_Sunlight.BP_Sunlight_C NativeClass:/Script/Engine.Actor Name:BP_Sunlight_C_UAID_047C16CA691A985902_1186554244 Label:BP_Sunlight SpatiallyLoaded:1 Bounds:IsValid=true, Min=(X=-3179.000 Y=5637.000 Z=0.000), Max=(X=-3179.000 Y=5637.000 Z=0.000) RuntimeGrid:None EditorOnly:0 RuntimeOnly:0 HLODRelevant:0 ListedInSceneOutliner:1 IsMainWorldOnly:0
 |   |   |- [+] [  4]
 |   |   |   |- Guid:26B16818499034C787B841AE634C3895 BaseClass: NativeClass:/Script/Engine.StaticMeshActor Name:StaticMeshActor_UAID_047C16CA691A915902_1344461000 Label:SM_Fence5 SpatiallyLoaded:1 Bounds:IsValid=true, Min=(X=649.495 Y=3101.217 Z=-0.109), Max=(X=949.424 Y=3134.457 Z=152.897) RuntimeGrid:None EditorOnly:0 RuntimeOnly:0 HLODRelevant:1 ListedInSceneOutliner:1 IsMainWorldOnly:0 FolderPath:Vila FolderGuid:A87ECB234B40DE4871C0DABC5EE49C64
 |   |   |- [+] [  5]
 |   |   |   |- Guid:2FB58999456391D349DC0F86DAC136ED BaseClass: NativeClass:/Script/Engine.SkyLight Name:SkyLight_1 Label:SkyLight SpatiallyLoaded:0 Bounds:IsValid=true, Min=(X=0.000 Y=0.000 Z=690.000), Max=(X=0.000 Y=0.000 Z=690.000) RuntimeGrid:None EditorOnly:0 RuntimeOnly:0 HLODRelevant:0 ListedInSceneOutliner:1 IsMainWorldOnly:0 FolderPath:Lighting FolderGuid:963EC3EB4002CCE9759E2EBA541A873A
 |   |   |- [+] [  6]
 |   |   |   |- Guid:316CF2A6494ACA4C0E4180A87D36AB8F BaseClass: NativeClass:/Script/Engine.ExponentialHeightFog Name:ExponentialHeightFog_0 Label:ExponentialHeightFog SpatiallyLoaded:0 Bounds:IsValid=true, Min=(X=-5600.000 Y=-50.000 Z=-6850.000), Max=(X=-5600.000 Y=-50.000 Z=-6850.000) RuntimeGrid:None EditorOnly:0 RuntimeOnly:0 HLODRelevant:0 ListedInSceneOutliner:1 IsMainWorldOnly:0 FolderPath:Lighting FolderGuid:963EC3EB4002CCE9759E2EBA541A873A
 |   |   |- [+] [  7]
 |   |   |   |- Guid:32AFBF65412D8E2BA6D66D9E471885FF BaseClass: NativeClass:/Script/Engine.StaticMeshActor Name:StaticMeshActor_UAID_047C16CA691A495802_1941679276 Label:goose_low_poly SpatiallyLoaded:1 Bounds:IsValid=true, Min=(X=1097.887 Y=2159.370 Z=13.850), Max=(X=1144.113 Y=2257.991 Z=143.455) RuntimeGrid:None EditorOnly:0 RuntimeOnly:0 HLODRelevant:1 ListedInSceneOutliner:1 IsMainWorldOnly:0
 |   |   |- [+] [  8]
 |   |   |   |- Guid:33375D5B4A834580944D5B83D56EA115 BaseClass: NativeClass:/Script/Engine.StaticMeshActor Name:StaticMeshActor_UAID_047C16CA691A975902_1209284061 Label:SM_Hills8 SpatiallyLoaded:1 Bounds:IsValid=true, Min=(X=-4160.875 Y=6609.000 Z=-2936.750), Max=(X=-2317.125 Y=6638.096 Z=0.750) RuntimeGrid:None EditorOnly:0 RuntimeOnly:0 HLODRelevant:1 ListedInSceneOutliner:1 IsMainWorldOnly:0
 |   |   |- [+] [  9]
 |   |   |   |- Guid:3A00AA1C422CE54C0BDB60BAF471BFBB BaseClass: NativeClass:/Script/Engine.PlayerStart Name:PlayerStart_0 Label:PlayerStart SpatiallyLoaded:0 Bounds:IsValid=true, Min=(X=-40.000 Y=-40.000 Z=14.000), Max=(X=40.000 Y=40.000 Z=198.000) RuntimeGrid:None EditorOnly:0 RuntimeOnly:0 HLODRelevant:0 ListedInSceneOutliner:1 IsMainWorldOnly:0
 |   |   |- [+] [ 10]
 |   |   |   |- Guid:4D3BE93F4146AAAC8BBE79999D96D57F BaseClass: NativeClass:/Script/Engine.VolumetricCloud Name:VolumetricCloud_0 Label:VolumetricCloud SpatiallyLoaded:0 Bounds:IsValid=true, Min=(X=0.000 Y=0.000 Z=820.000), Max=(X=0.000 Y=0.000 Z=820.000) RuntimeGrid:None EditorOnly:0 RuntimeOnly:0 HLODRelevant:0 ListedInSceneOutliner:1 IsMainWorldOnly:0 FolderPath:Lighting FolderGuid:963EC3EB4002CCE9759E2EBA541A873A
 |   |   |- [+] [ 11]
 |   |   |   |- Guid:4F9BBFA742E91F767611AB9895A63705 BaseClass: NativeClass:/Script/Engine.StaticMeshActor Name:StaticMeshActor_UAID_047C16CA691A485802_2099527098 Label:SM_Mountain3 SpatiallyLoaded:1 Bounds:IsValid=true, Min=(X=-6285.805 Y=-99575.408 Z=-890.313), Max=(X=70383.769 Y=64877.343 Z=44394.381) RuntimeGrid:None EditorOnly:0 RuntimeOnly:0 HLODRelevant:1 ListedInSceneOutliner:1 IsMainWorldOnly:0 FolderPath:Cenario FolderGuid:0531F1A843307BDEEA604A83DF2063F6
 |   |   |- [+] [ 12]
 |   |   |   |- Guid:5268811F47784A190EE6C4AAC4C58220 BaseClass: NativeClass:/Script/Engine.StaticMeshActor Name:StaticMeshActor_UAID_047C16CA691A915902_1192987999 Label:low_poly_simple_house2 SpatiallyLoaded:1 Bounds:IsValid=true, Min=(X=-803.620 Y=-260.806 Z=-0.307), Max=(X=-9.388 Y=547.191 Z=405.013) RuntimeGrid:None EditorOnly:0 RuntimeOnly:0 HLODRelevant:1 ListedInSceneOutliner:1 IsMainWorldOnly:0 FolderPath:Vila FolderGuid:A87ECB234B40DE4871C0DABC5EE49C64
 |   |   |- [+] [ 13]
 |   |   |   |- Guid:541D671149883E58F7B619B0F5FE24BF BaseClass: NativeClass:/Script/Engine.StaticMeshActor Name:StaticMeshActor_UAID_047C16CA691A955902_1652003703 Label:SM_Hills5 SpatiallyLoaded:1 Bounds:IsValid=true, Min=(X=-4630.693 Y=1465.847 Z=-82.000), Max=(X=-2913.307 Y=5794.153 Z=645.391) RuntimeGrid:None EditorOnly:0 RuntimeOnly:0 HLODRelevant:1 ListedInSceneOutliner:1 IsMainWorldOnly:0
 |   |   |- [+] [ 14]
 |   |   |   |- Guid:56F3399B47E7C3D2B8FFCA95B1C5E6C6 BaseClass:/Game/MinhasBluePrints/BP_Veneno.BP_Veneno_C NativeClass:/Script/Engine.Actor Name:BP_Veneno_C_UAID_047C16CA691A545502_1366475041 Label:BP_Veneno SpatiallyLoaded:1 Bounds:IsValid=true, Min=(X=273.000 Y=462.000 Z=57.000), Max=(X=317.000 Y=484.000 Z=123.000) RuntimeGrid:None EditorOnly:0 RuntimeOnly:0 HLODRelevant:0 ListedInSceneOutliner:1 IsMainWorldOnly:0
 |   |   |- [+] [ 15]
 |   |   |   |- Guid:5984ED204BCDAE9ED46A0E9331159B85 BaseClass: NativeClass:/Script/Engine.StaticMeshActor Name:StaticMeshActor_UAID_047C16CA691AD05302_2066712782 Label:SM_MarketStall_01 SpatiallyLoaded:1 Bounds:IsValid=true, Min=(X=565.146 Y=1157.813 Z=-0.000), Max=(X=912.220 Y=1565.708 Z=388.838) RuntimeGrid:None EditorOnly:0 RuntimeOnly:0 HLODRelevant:1 ListedInSceneOutliner:1 IsMainWorldOnly:0
 |   |   |- [+] [ 16]
 |   |   |   |- Guid:5CE3BF974AE446AC758654883FDEDAEE BaseClass: NativeClass:/Script/Engine.StaticMeshActor Name:StaticMeshActor_UAID_047C16CA691A6B5902_1309946311 Label:SM_Tile_Grass SpatiallyLoaded:1 Bounds:IsValid=true, Min=(X=-6093.750 Y=-3640.000 Z=-0.000), Max=(X=10593.750 Y=6610.000 Z=0.000) RuntimeGrid:None EditorOnly:0 RuntimeOnly:0 HLODRelevant:1 ListedInSceneOutliner:1 IsMainWorldOnly:0 FolderPath:Cenario FolderGuid:0531F1A843307BDEEA604A83DF2063F6
 |   |   |- [+] [ 17]
 |   |   |   |- Guid:60CDBA5A4784FA6A32B836B1959B6FF2 BaseClass: NativeClass:/Script/Engine.StaticMeshActor Name:StaticMeshActor_UAID_047C16CA691A915902_1472762006 Label:SM_Fence6 SpatiallyLoaded:1 Bounds:IsValid=true, Min=(X=-531.505 Y=3101.217 Z=-0.109), Max=(X=-231.576 Y=3134.457 Z=152.897) RuntimeGrid:None EditorOnly:0 RuntimeOnly:0 HLODRelevant:1 ListedInSceneOutliner:1 IsMainWorldOnly:0 FolderPath:Vila FolderGuid:A87ECB234B40DE4871C0DABC5EE49C64
 |   |   |- [+] [ 18]
 |   |   |   |- Guid:61A254BC4E4CA6DADFE2C680931F9CA8 BaseClass: NativeClass:/Script/Engine.StaticMeshActor Name:StaticMeshActor_UAID_047C16CA691A975902_2082109067 Label:SM_Fence9 SpatiallyLoaded:1 Bounds:IsValid=true, Min=(X=-1422.905 Y=3845.907 Z=-0.109), Max=(X=-1289.088 Y=4139.117 Z=152.897) RuntimeGrid:None EditorOnly:0 RuntimeOnly:0 HLODRelevant:1 ListedInSceneOutliner:1 IsMainWorldOnly:0 FolderPath:Vila FolderGuid:A87ECB234B40DE4871C0DABC5EE49C64
 |   |   |- [+] [ 19]
 |   |   |   |- Guid:62FCB5C54C951DE50D591192DF6E78B8 BaseClass: NativeClass:/Script/Engine.StaticMeshActor Name:StaticMeshActor_UAID_047C16CA691A965902_1806503881 Label:SM_Tile_Grass2 SpatiallyLoaded:1 Bounds:IsValid=true, Min=(X=-6418.750 Y=7373.000 Z=-0.000), Max=(X=-731.250 Y=11123.000 Z=0.000) RuntimeGrid:None EditorOnly:0 RuntimeOnly:0 HLODRelevant:1 ListedInSceneOutliner:1 IsMainWorldOnly:0 FolderPath:Cenario FolderGuid:0531F1A843307BDEEA604A83DF2063F6
 |   |   |- [+] [ 20]
 |   |   |   |- Guid:6854DEED403581D2169C9189422F85A4 BaseClass: NativeClass:/Script/Engine.StaticMeshActor Name:StaticMeshActor_UAID_047C16CA691AD05302_1764752771 Label:SM_Fence4 SpatiallyLoaded:1 Bounds:IsValid=true, Min=(X=364.495 Y=3101.217 Z=-0.109), Max=(X=664.424 Y=3134.457 Z=152.897) RuntimeGrid:None EditorOnly:0 RuntimeOnly:0 HLODRelevant:1 ListedInSceneOutliner:1 IsMainWorldOnly:0 FolderPath:Vila FolderGuid:A87ECB234B40DE4871C0DABC5EE49C64
 |   |   |- [+] [ 21]
 |   |   |   |- Guid:686FDCFC4DAEF7CA39B1C4B3E489799E BaseClass: NativeClass:/Script/Engine.StaticMeshActor Name:StaticMeshActor_UAID_047C16CA691A965902_2144386884 Label:SM_Hills7 SpatiallyLoaded:1 Bounds:IsValid=true, Min=(X=-5536.295 Y=4184.826 Z=-1.000), Max=(X=-3153.705 Y=8491.174 Z=726.391) RuntimeGrid:None EditorOnly:0 RuntimeOnly:0 HLODRelevant:1 ListedInSceneOutliner:1 IsMainWorldOnly:0
 |   |   |- [+] [ 22]
 |   |   |   |- Guid:6BAF4DDD444C60371492D3919DB42C97 BaseClass: NativeClass:/Script/Engine.WorldDataLayers Name:WorldDataLayers Label:WorldDataLayers SpatiallyLoaded:0 Bounds:IsValid=true, Min=(X=0.000 Y=0.000 Z=0.000), Max=(X=0.000 Y=0.000 Z=0.000) RuntimeGrid:None EditorOnly:0 RuntimeOnly:0 HLODRelevant:0 ListedInSceneOutliner:1 IsMainWorldOnly:1
 |   |   |- [+] [ 23]
 |   |   |   |- Guid:6D3B377048627EA156D1B6B40F355076 BaseClass: NativeClass:/Script/Engine.StaticMeshActor Name:StaticMeshActor_UAID_047C16CA691A975902_2066997066 Label:SM_Fence8 SpatiallyLoaded:1 Bounds:IsValid=true, Min=(X=-1326.905 Y=3561.907 Z=-0.109), Max=(X=-1193.088 Y=3855.117 Z=152.897) RuntimeGrid:None EditorOnly:0 RuntimeOnly:0 HLODRelevant:1 ListedInSceneOutliner:1 IsMainWorldOnly:0 FolderPath:Vila FolderGuid:A87ECB234B40DE4871C0DABC5EE49C64
 |   |   |- [+] [ 24]
 |   |   |   |- Guid:79F4FE28459C9FE8C0A4BCAF59042F99 BaseClass: NativeClass:/Script/Engine.StaticMeshActor Name:StaticMeshActor_UAID_047C16CA691A965902_1523072880 Label:stylized_stone_bridge SpatiallyLoaded:1 Bounds:IsValid=true, Min=(X=-3467.252 Y=6611.017 Z=-623.567), Max=(X=-3118.748 Y=7374.983 Z=164.292) RuntimeGrid:None EditorOnly:0 RuntimeOnly:0 HLODRelevant:1 ListedInSceneOutliner:1 IsMainWorldOnly:0
 |   |   |- [+] [ 25]
 |   |   |   |- Guid:7F6B75534123E0ABCC9AB4BF4E628C1B BaseClass: NativeClass:/Script/Engine.StaticMeshActor Name:StaticMeshActor_UAID_047C16CA691A915902_1574196007 Label:SM_Hills2 SpatiallyLoaded:1 Bounds:IsValid=true, Min=(X=-2168.625 Y=-1693.000 Z=-266.000), Max=(X=2362.625 Y=-693.000 Z=708.398) RuntimeGrid:None EditorOnly:0 RuntimeOnly:0 HLODRelevant:1 ListedInSceneOutliner:1 IsMainWorldOnly:0
 |   |   |- [+] [ 26]
 |   |   |   |- Guid:82BE3F9445C1F463303EB18CC45F4EEC BaseClass:/Game/MinhasBluePrints/BP_Veneno2.BP_Veneno2_C NativeClass:/Script/Engine.Actor Name:BP_Veneno2_C_UAID_047C16CA691A835902_1118242536 Label:BP_Veneno5 SpatiallyLoaded:1 Bounds:IsValid=true, Min=(X=-41.000 Y=436.000 Z=55.000), Max=(X=3.000 Y=458.000 Z=121.000) RuntimeGrid:None EditorOnly:0 RuntimeOnly:0 HLODRelevant:0 ListedInSceneOutliner:1 IsMainWorldOnly:0
 |   |   |- [+] [ 27]
 |   |   |   |- Guid:84CAC86745E6855388F8428317AEBC29 BaseClass: NativeClass:/Script/Engine.StaticMeshActor Name:StaticMeshActor_UAID_047C16CA691A495802_2052599277 Label:goose_low_poly2 SpatiallyLoaded:1 Bounds:IsValid=true, Min=(X=-7825.252 Y=19499.155 Z=-32238.852), Max=(X=7583.253 Y=52372.514 Z=10962.816) RuntimeGrid:None EditorOnly:0 RuntimeOnly:0 HLODRelevant:1 ListedInSceneOutliner:1 IsMainWorldOnly:0
 |   |   |- [+] [ 28]
 |   |   |   |- Guid:87E2B2FB47E5E0CA4E8F8E86CB1FB1A0 BaseClass: NativeClass:/Script/Engine.StaticMeshActor Name:StaticMeshActor_UAID_047C16CA691A6C5902_1117126488 Label:SM_Hills02 SpatiallyLoaded:1 Bounds:IsValid=true, Min=(X=-2659.741 Y=4085.995 Z=-82.000), Max=(X=853.741 Y=6180.005 Z=742.376) RuntimeGrid:None EditorOnly:0 RuntimeOnly:0 HLODRelevant:1 ListedInSceneOutliner:1 IsMainWorldOnly:0
 |   |   |- [+] [ 29]
 |   |   |   |- Guid:8CC51D704DE7E423C3ABA7BEA07CC0D2 BaseClass: NativeClass:/Script/Engine.StaticMeshActor Name:StaticMeshActor_UAID_047C16CA691A915902_1421561003 Label:low_poly_simple_house4 SpatiallyLoaded:1 Bounds:IsValid=true, Min=(X=-2144.983 Y=1092.478 Z=-0.307), Max=(X=-1531.534 Y=1796.512 Z=405.013) RuntimeGrid:None EditorOnly:0 RuntimeOnly:0 HLODRelevant:1 ListedInSceneOutliner:1 IsMainWorldOnly:0 FolderPath:Vila FolderGuid:A87ECB234B40DE4871C0DABC5EE49C64
 |   |   |- [+] [ 30]
 |   |   |   |- Guid:8E2C70AF4B5974A83D3F02BA03E7303C BaseClass: NativeClass:/Script/Engine.StaticMeshActor Name:StaticMeshActor_UAID_047C16CA691A975902_1767553063 Label:SM_Hills10 SpatiallyLoaded:1 Bounds:IsValid=true, Min=(X=-2888.736 Y=6389.078 Z=-2935.750), Max=(X=-2539.918 Y=8209.870 Z=1.750) RuntimeGrid:None EditorOnly:0 RuntimeOnly:0 HLODRelevant:1 ListedInSceneOutliner:1 IsMainWorldOnly:0
 |   |   |- [+] [ 31]
 |   |   |   |- Guid:90947A784959D306A8E5C18201527F36 BaseClass: NativeClass:/Script/Engine.StaticMeshActor Name:StaticMeshActor_UAID_047C16CA691A6C5902_1126765489 Label:SM_Hills01 SpatiallyLoaded:1 Bounds:IsValid=true, Min=(X=-4120.338 Y=-1887.963 Z=-216.000), Max=(X=-441.662 Y=2225.963 Z=758.398) RuntimeGrid:None EditorOnly:0 RuntimeOnly:0 HLODRelevant:1 ListedInSceneOutliner:1 IsMainWorldOnly:0
 |   |   |- [+] [ 32]
 |   |   |   |- Guid:91517FA7430A0B37D8E5C1901B7DB2F0 BaseClass:/Game/MinhasBluePrints/BP_Vida.BP_Vida_C NativeClass:/Script/Engine.Actor Name:BP_Vida_C_UAID_047C16CA691A535502_2097330863 Label:BP_Vida SpatiallyLoaded:1 Bounds:IsValid=true, Min=(X=183.000 Y=322.000 Z=78.000), Max=(X=247.000 Y=386.000 Z=142.000) RuntimeGrid:None EditorOnly:0 RuntimeOnly:0 HLODRelevant:0 ListedInSceneOutliner:1 IsMainWorldOnly:0
 |   |   |- [+] [ 33]
 |   |   |   |- Guid:9D03D413439A6964371F02847F6208D9 BaseClass: NativeClass:/Script/Engine.StaticMeshActor Name:StaticMeshActor_UAID_047C16CA691A975902_1877191064 Label:SM_Hills11 SpatiallyLoaded:1 Bounds:IsValid=true, Min=(X=-4475.300 Y=6435.721 Z=-2935.750), Max=(X=-3817.359 Y=8178.230 Z=1.750) RuntimeGrid:None EditorOnly:0 RuntimeOnly:0 HLODRelevant:1 ListedInSceneOutliner:1 IsMainWorldOnly:0
 |   |   |- [+] [ 34]
 |   |   |   |- Guid:9E2562B441D1662174B18B9AC46045EC BaseClass: NativeClass:/Script/Engine.PlanarReflection Name:PlanarReflection_UAID_047C16CA691A985902_1345266245 Label:PlanarReflection SpatiallyLoaded:1 Bounds:IsValid=true, Min=(X=-5379.000 Y=5231.000 Z=-634.000), Max=(X=-1379.000 Y=9231.000 Z=566.000) RuntimeGrid:None EditorOnly:0 RuntimeOnly:0 HLODRelevant:0 ListedInSceneOutliner:1 IsMainWorldOnly:0
 |   |   |- [+] [ 35]
 |   |   |   |- Guid:A1C7CEB948074508A3B59688349F9DE9 BaseClass: NativeClass:/Script/Engine.StaticMeshActor Name:StaticMeshActor_UAID_047C16CA691A965902_1430632879 Label:big_sand_castle_low_poly2 SpatiallyLoaded:1 Bounds:IsValid=true, Min=(X=-5300.036 Y=7818.249 Z=-4.895), Max=(X=-2557.396 Y=10158.353 Z=2019.903) RuntimeGrid:None EditorOnly:0 RuntimeOnly:0 HLODRelevant:1 ListedInSceneOutliner:1 IsMainWorldOnly:0
 |   |   |- [+] [ 36]
 |   |   |   |- Guid:A6839A67473445B9429718939C2CCBC1 BaseClass: NativeClass:/Script/Landscape.Landscape Name:Landscape_UAID_047C16CA691A475802_1813730920 Label:Landscape3 SpatiallyLoaded:0 Bounds:IsValid=true, Min=(X=-19823.000 Y=-23290.000 Z=-576.250), Max=(X=24277.000 Y=20810.000 Z=5952.875) RuntimeGrid:None EditorOnly:0 RuntimeOnly:0 HLODRelevant:0 ListedInSceneOutliner:1 IsMainWorldOnly:0 FolderPath:Cenario FolderGuid:0531F1A843307BDEEA604A83DF2063F6
 |   |   |- [+] [ 37]
 |   |   |   |- Guid:AE07F2D44A87B1B1C2065690C7125DB1 BaseClass: NativeClass:/Script/Engine.StaticMeshActor Name:StaticMeshActor_UAID_047C16CA691ACF5302_2136114586 Label:small_low_poly_church SpatiallyLoaded:1 Bounds:IsValid=true, Min=(X=-283.824 Y=2970.791 Z=0.000), Max=(X=416.135 Y=4276.925 Z=1428.744) RuntimeGrid:None EditorOnly:0 RuntimeOnly:0 HLODRelevant:1 ListedInSceneOutliner:1 IsMainWorldOnly:0
 |   |   |- [+] [ 38]
 |   |   |   |- Guid:B785ED2844B84CFB91E7F39FE661CD99 BaseClass: NativeClass:/Script/Engine.DirectionalLight Name:DirectionalLight_0 Label:DirectionalLight SpatiallyLoaded:0 Bounds:IsValid=true, Min=(X=-1048576.000 Y=-1048576.000 Z=-1048576.000), Max=(X=1048576.000 Y=1048576.000 Z=1048576.000) RuntimeGrid:None EditorOnly:0 RuntimeOnly:0 HLODRelevant:0 ListedInSceneOutliner:1 IsMainWorldOnly:0 FolderPath:Lighting FolderGuid:963EC3EB4002CCE9759E2EBA541A873A
 |   |   |- [+] [ 39]
 |   |   |   |- Guid:BAA6C8E94727BA03FE708A90A4954631 BaseClass: NativeClass:/Script/Engine.StaticMeshActor Name:StaticMeshActor_UAID_047C16CA691AD05302_1521552763 Label:low_poly_simple_house SpatiallyLoaded:1 Bounds:IsValid=true, Min=(X=123.809 Y=-344.620 Z=-0.307), Max=(X=931.806 Y=449.612 Z=405.013) RuntimeGrid:None EditorOnly:0 RuntimeOnly:0 HLODRelevant:1 ListedInSceneOutliner:1 IsMainWorldOnly:0 FolderPath:Vila FolderGuid:A87ECB234B40DE4871C0DABC5EE49C64
 |   |   |- [+] [ 40]
 |   |   |   |- Guid:C06650BA400EEFB3FF2064B415C14450 BaseClass: NativeClass:/Script/Engine.StaticMeshActor Name:StaticMeshActor_UAID_047C16CA691A915902_1983359010 Label:SM_Hills3 SpatiallyLoaded:1 Bounds:IsValid=true, Min=(X=-4309.661 Y=135.941 Z=-216.000), Max=(X=-2226.339 Y=3620.059 Z=758.398) RuntimeGrid:None EditorOnly:0 RuntimeOnly:0 HLODRelevant:1 ListedInSceneOutliner:1 IsMainWorldOnly:0
 |   |   |- [+] [ 41]
 |   |   |   |- Guid:CCFF262C46EEFFDF319E7F9539CE697E BaseClass: NativeClass:/Script/Engine.SkyAtmosphere Name:SkyAtmosphere_0 Label:SkyAtmosphere SpatiallyLoaded:0 Bounds:IsValid=true, Min=(X=0.000 Y=0.000 Z=1020.000), Max=(X=0.000 Y=0.000 Z=1020.000) RuntimeGrid:None EditorOnly:0 RuntimeOnly:0 HLODRelevant:0 ListedInSceneOutliner:1 IsMainWorldOnly:0 FolderPath:Lighting FolderGuid:963EC3EB4002CCE9759E2EBA541A873A
 |   |   |- [+] [ 42]
 |   |   |   |- Guid:D09A52544304C56B9263D1AA46FFC7B5 BaseClass: NativeClass:/Script/Engine.StaticMeshActor Name:StaticMeshActor_UAID_047C16CA691A915902_1725031008 Label:SM_MarketStall_02 SpatiallyLoaded:1 Bounds:IsValid=true, Min=(X=-128.134 Y=1815.617 Z=-0.000), Max=(X=372.369 Y=2087.623 Z=260.477) RuntimeGrid:None EditorOnly:0 RuntimeOnly:0 HLODRelevant:1 ListedInSceneOutliner:1 IsMainWorldOnly:0
 |   |   |- [+] [ 43]
 |   |   |   |- Guid:D2870B8D48137D6222C9839A5517780C BaseClass: NativeClass:/Script/Engine.StaticMeshActor Name:StaticMeshActor_UAID_047C16CA691A965902_2053229883 Label:SM_Hills6 SpatiallyLoaded:1 Bounds:IsValid=true, Min=(X=-2797.994 Y=4176.662 Z=-1.000), Max=(X=-1162.006 Y=8043.338 Z=823.376) RuntimeGrid:None EditorOnly:0 RuntimeOnly:0 HLODRelevant:1 ListedInSceneOutliner:1 IsMainWorldOnly:0
 |   |   |- [+] [ 44]
 |   |   |   |- Guid:DAEA1A6E412064B81353DB9AE75ED0A0 BaseClass: NativeClass:/Script/Engine.StaticMeshActor Name:StaticMeshActor_UAID_047C16CA691ACF5302_2024186580 Label:SM_Stones02 SpatiallyLoaded:1 Bounds:IsValid=true, Min=(X=1804.605 Y=1678.851 Z=10.000), Max=(X=2256.562 Y=2142.292 Z=246.141) RuntimeGrid:None EditorOnly:0 RuntimeOnly:0 HLODRelevant:1 ListedInSceneOutliner:1 IsMainWorldOnly:0
 |   |   |- [+] [ 45]
 |   |   |   |- Guid:E02DB9914C347B64A2FB44A4A680D0D4 BaseClass: NativeClass:/Script/Engine.StaticMeshActor Name:StaticMeshActor_UAID_047C16CA691A915902_1728773009 Label:SM_MarketStall_03 SpatiallyLoaded:1 Bounds:IsValid=true, Min=(X=674.026 Y=675.296 Z=-0.000), Max=(X=1079.856 Y=1052.060 Z=258.330) RuntimeGrid:None EditorOnly:0 RuntimeOnly:0 HLODRelevant:1 ListedInSceneOutliner:1 IsMainWorldOnly:0
 |   |   |- [+] [ 46]
 |   |   |   |- Guid:E138BAF34D1671B7EEEB17A46221C8F6 BaseClass: NativeClass:/Script/Engine.StaticMeshActor Name:StaticMeshActor_UAID_047C16CA691A485802_2055333097 Label:SM_Mountain2 SpatiallyLoaded:1 Bounds:IsValid=true, Min=(X=-70927.439 Y=-69667.806 Z=-2764.141), Max=(X=66675.392 Y=13023.846 Z=17559.709) RuntimeGrid:None EditorOnly:0 RuntimeOnly:0 HLODRelevant:1 ListedInSceneOutliner:1 IsMainWorldOnly:0 FolderPath:Cenario FolderGuid:0531F1A843307BDEEA604A83DF2063F6
 |   |   |- [+] [ 47]
 |   |   |   |- Guid:E49039764924F6EDF0F2CC873FAC5270 BaseClass: NativeClass:/Script/Engine.StaticMeshActor Name:StaticMeshActor_UAID_047C16CA691A915902_1357489001 Label:low_poly_simple_house3 SpatiallyLoaded:1 Bounds:IsValid=true, Min=(X=-1678.191 Y=225.380 Z=-0.307), Max=(X=-870.194 Y=1019.612 Z=405.013) RuntimeGrid:None EditorOnly:0 RuntimeOnly:0 HLODRelevant:1 ListedInSceneOutliner:1 IsMainWorldOnly:0 FolderPath:Vila FolderGuid:A87ECB234B40DE4871C0DABC5EE49C64
 |   |   |- [+] [ 48]
 |   |   |   |- Guid:F52D0A8F42D6D45FB4B8EDAB98B3E443 BaseClass:/Game/MinhasBluePrints/BP_Veneno.BP_Veneno_C NativeClass:/Script/Engine.Actor Name:BP_Veneno_C_UAID_047C16CA691A715902_1327699368 Label:BP_Veneno3 SpatiallyLoaded:1 Bounds:IsValid=true, Min=(X=409.000 Y=462.000 Z=57.000), Max=(X=453.000 Y=484.000 Z=123.000) RuntimeGrid:None EditorOnly:0 RuntimeOnly:0 HLODRelevant:0 ListedInSceneOutliner:1 IsMainWorldOnly:0
 |   |   |- [+] [ 49]
 |   |   |   |- Guid:F5E3FEB3450C49844FD93DA8E083C8AD BaseClass: NativeClass:/Script/Engine.PostProcessVolume Name:PostProcessVolume_0 Label:PostProcessVolume SpatiallyLoaded:0 Bounds:IsValid=true, Min=(X=0.000 Y=0.000 Z=400.000), Max=(X=200.000 Y=200.000 Z=600.000) RuntimeGrid:None EditorOnly:0 RuntimeOnly:0 HLODRelevant:0 ListedInSceneOutliner:1 IsMainWorldOnly:0 FolderPath:Lighting FolderGuid:963EC3EB4002CCE9759E2EBA541A873A
 |   |   |- [+] [ 50]
 |   |   |   |- Guid:F78379834F75CB99F18D0CAD4B6B1399 BaseClass: NativeClass:/Script/Engine.StaticMeshActor Name:StaticMeshActor_UAID_047C16CA691A915902_1442157005 Label:low_poly_simple_house6 SpatiallyLoaded:1 Bounds:IsValid=true, Min=(X=-1134.522 Y=2840.534 Z=-0.307), Max=(X=-430.488 Y=3453.983 Z=405.013) RuntimeGrid:None EditorOnly:0 RuntimeOnly:0 HLODRelevant:1 ListedInSceneOutliner:1 IsMainWorldOnly:0 FolderPath:Vila FolderGuid:A87ECB234B40DE4871C0DABC5EE49C64
 |   |   |- [+] [ 51]
 |   |   |   |- Guid:F86178EE43100779C1D32B8DC2EF7CEA BaseClass:/Game/MinhasBluePrints/BP_Veneno2.BP_Veneno2_C NativeClass:/Script/Engine.Actor Name:BP_Veneno2_C_UAID_047C16CA691A835902_1112081535 Label:BP_Veneno4 SpatiallyLoaded:1 Bounds:IsValid=true, Min=(X=35.000 Y=436.000 Z=55.000), Max=(X=79.000 Y=458.000 Z=121.000) RuntimeGrid:None EditorOnly:0 RuntimeOnly:0 HLODRelevant:0 ListedInSceneOutliner:1 IsMainWorldOnly:0
 |   |   |- [+] [ 52]
 |   |   |   |- Guid:FB0DF2DB459E7ED9269DC8BD9CE4AEA7 BaseClass: NativeClass:/Script/Engine.StaticMeshActor Name:StaticMeshActor_UAID_047C16CA691A915902_2047432011 Label:SM_Hills4 SpatiallyLoaded:1 Bounds:IsValid=true, Min=(X=-963.125 Y=4811.000 Z=-82.000), Max=(X=1943.125 Y=5811.000 Z=679.336) RuntimeGrid:None EditorOnly:0 RuntimeOnly:0 HLODRelevant:1 ListedInSceneOutliner:1 IsMainWorldOnly:0
 |   |   |- [+] [ 53]
 |   |   |   |- Guid:FBE743FB4E993E4114453088C321B6F2 BaseClass: NativeClass:/Script/Engine.StaticMeshActor Name:StaticMeshActor_UAID_047C16CA691A975902_1738695062 Label:SM_Hills9 SpatiallyLoaded:1 Bounds:IsValid=true, Min=(X=-4333.875 Y=7344.904 Z=-2933.750), Max=(X=-2490.125 Y=7374.000 Z=3.750) RuntimeGrid:None EditorOnly:0 RuntimeOnly:0 HLODRelevant:1 ListedInSceneOutliner:1 IsMainWorldOnly:0
 |- ContainerInstances:
 |- [+] MainContainer:
 |   |-        ID: 00000000000000000000000000000000
 |   |-  ParentID: 00000000000000000000000000000000
 |   |-    Bounds: IsValid=false, Min=(X=0.000 Y=0.000 Z=0.000), Max=(X=0.000 Y=0.000 Z=0.000)
 |   |- Transform: 0.000000,0.000000,0.000000|0.000000,0.000000,-0.000000|1.000000,1.000000,1.000000
 |   |- Container: /Game/ThirdPerson/Maps/ThirdPersonMap
----------------------------------------------------------------------------------------------------------------
ThirdPersonMap - Persistent Level
----------------------------------------------------------------------------------------------------------------
[+] Content of ThirdPersonMap Persistent Level
 |- Always loaded Actor Count: 54 
 |- Actor Path: /Game/ThirdPerson/Maps/ThirdPersonMap.ThirdPersonMap:PersistentLevel.BP_Sunlight_C_UAID_047C16CA691A985902_1186554244
 |- Actor Package: /Game/__ExternalActors__/ThirdPerson/Maps/ThirdPersonMap/7/6Q/00QVZ2LZR75POGMQQTH73R
 |- Actor Path: /Game/ThirdPerson/Maps/ThirdPersonMap.ThirdPersonMap:PersistentLevel.BP_Veneno2_C_UAID_047C16CA691A835902_1112081535
 |- Actor Package: /Game/__ExternalActors__/ThirdPerson/Maps/ThirdPersonMap/7/SH/CVGWVWWY88ZROF1U077SUJ
 |- Actor Path: /Game/ThirdPerson/Maps/ThirdPersonMap.ThirdPersonMap:PersistentLevel.BP_Veneno2_C_UAID_047C16CA691A835902_1118242536
 |- Actor Package: /Game/__ExternalActors__/ThirdPerson/Maps/ThirdPersonMap/0/DP/1XV46AWP6CMVB95T9OW8IG
 |- Actor Path: /Game/ThirdPerson/Maps/ThirdPersonMap.ThirdPersonMap:PersistentLevel.BP_Veneno_C_UAID_047C16CA691A545502_1366475041
 |- Actor Package: /Game/__ExternalActors__/ThirdPerson/Maps/ThirdPersonMap/D/OR/X1COMACJ24K15KHPREV3PK
 |- Actor Path: /Game/ThirdPerson/Maps/ThirdPersonMap.ThirdPersonMap:PersistentLevel.BP_Veneno_C_UAID_047C16CA691A715902_1326759367
 |- Actor Package: /Game/__ExternalActors__/ThirdPerson/Maps/ThirdPersonMap/6/H2/7PSD878NAXXTS9MH69I3EQ
 |- Actor Path: /Game/ThirdPerson/Maps/ThirdPersonMap.ThirdPersonMap:PersistentLevel.BP_Veneno_C_UAID_047C16CA691A715902_1327699368
 |- Actor Package: /Game/__ExternalActors__/ThirdPerson/Maps/ThirdPersonMap/D/OU/KY4XJ9TOAA3VKVZDJOEKFW
 |- Actor Path: /Game/ThirdPerson/Maps/ThirdPersonMap.ThirdPersonMap:PersistentLevel.BP_Vida_C_UAID_047C16CA691A535502_2097330863
 |- Actor Package: /Game/__ExternalActors__/ThirdPerson/Maps/ThirdPersonMap/D/XU/QNE9UMG11FCYWNAC5JCQKQ
 |- Actor Path: /Game/ThirdPerson/Maps/ThirdPersonMap.ThirdPersonMap:PersistentLevel.DirectionalLight_0
 |- Actor Package: /Game/__ExternalActors__/ThirdPerson/Maps/ThirdPersonMap/5/R1/TS5OQ5CRUWFZYL1ZQ7I416
 |- Actor Path: /Game/ThirdPerson/Maps/ThirdPersonMap.ThirdPersonMap:PersistentLevel.ExponentialHeightFog_0
 |- Actor Package: /Game/__ExternalActors__/ThirdPerson/Maps/ThirdPersonMap/6/J7/N10XDC9G27EMLS5AGZ6AVV
 |- Actor Path: /Game/ThirdPerson/Maps/ThirdPersonMap.ThirdPersonMap:PersistentLevel.Landscape_UAID_047C16CA691A475802_1813730920
 |- Actor Package: /Game/__ExternalActors__/ThirdPerson/Maps/ThirdPersonMap/9/ZS/TA0EZFJH5FX259T0L2OXIG
 |- Actor Path: /Game/ThirdPerson/Maps/ThirdPersonMap.ThirdPersonMap:PersistentLevel.PlanarReflection_UAID_047C16CA691A985902_1345266245
 |- Actor Package: /Game/__ExternalActors__/ThirdPerson/Maps/ThirdPersonMap/0/BB/EMU9M7YHCZMCINE6QKSFO6
 |- Actor Path: /Game/ThirdPerson/Maps/ThirdPersonMap.ThirdPersonMap:PersistentLevel.PlayerStart_0
 |- Actor Package: /Game/__ExternalActors__/ThirdPerson/Maps/ThirdPersonMap/D/DE/SWSI13675DVYIZ0N4NF7Y3
 |- Actor Path: /Game/ThirdPerson/Maps/ThirdPersonMap.ThirdPersonMap:PersistentLevel.PostProcessVolume_0
 |- Actor Package: /Game/__ExternalActors__/ThirdPerson/Maps/ThirdPersonMap/1/AZ/A7GPT109Y6ZTTJD4A7TXER
 |- Actor Path: /Game/ThirdPerson/Maps/ThirdPersonMap.ThirdPersonMap:PersistentLevel.SkyAtmosphere_0
 |- Actor Package: /Game/__ExternalActors__/ThirdPerson/Maps/ThirdPersonMap/4/LN/30UBDLYFFA5ZR7U4W4L4GG
 |- Actor Path: /Game/ThirdPerson/Maps/ThirdPersonMap.ThirdPersonMap:PersistentLevel.SkyLight_1
 |- Actor Package: /Game/__ExternalActors__/ThirdPerson/Maps/ThirdPersonMap/8/S1/DXUWD12MD3HRWVVXX076BY
 |- Actor Path: /Game/ThirdPerson/Maps/ThirdPersonMap.ThirdPersonMap:PersistentLevel.StaticMeshActor_UAID_047C16CA691A475802_1268807919
 |- Actor Package: /Game/__ExternalActors__/ThirdPerson/Maps/ThirdPersonMap/E/TL/VLDX88KUE1SBIG9UXHXM2N
 |- Actor Path: /Game/ThirdPerson/Maps/ThirdPersonMap.ThirdPersonMap:PersistentLevel.StaticMeshActor_UAID_047C16CA691A485802_2055333097
 |- Actor Package: /Game/__ExternalActors__/ThirdPerson/Maps/ThirdPersonMap/0/CU/98DR6ULV2J0RSN9K2VBY8W
 |- Actor Path: /Game/ThirdPerson/Maps/ThirdPersonMap.ThirdPersonMap:PersistentLevel.StaticMeshActor_UAID_047C16CA691A485802_2099527098
 |- Actor Package: /Game/__ExternalActors__/ThirdPerson/Maps/ThirdPersonMap/7/GV/3BUB0L3373L4H9CEAEGLTI
 |- Actor Path: /Game/ThirdPerson/Maps/ThirdPersonMap.ThirdPersonMap:PersistentLevel.StaticMeshActor_UAID_047C16CA691A495802_1941679276
 |- Actor Package: /Game/__ExternalActors__/ThirdPerson/Maps/ThirdPersonMap/9/69/SQ6UENGK1EDH4NDC1JOL35
 |- Actor Path: /Game/ThirdPerson/Maps/ThirdPersonMap.ThirdPersonMap:PersistentLevel.StaticMeshActor_UAID_047C16CA691A495802_2052599277
 |- Actor Package: /Game/__ExternalActors__/ThirdPerson/Maps/ThirdPersonMap/1/NM/6UUPDT7GR27TQHLB0R8W8D
 |- Actor Path: /Game/ThirdPerson/Maps/ThirdPersonMap.ThirdPersonMap:PersistentLevel.StaticMeshActor_UAID_047C16CA691A6B5902_1309946311
 |- Actor Package: /Game/__ExternalActors__/ThirdPerson/Maps/ThirdPersonMap/B/08/AKS9FLTIXDIHMB9W0QBKQJ
 |- Actor Path: /Game/ThirdPerson/Maps/ThirdPersonMap.ThirdPersonMap:PersistentLevel.StaticMeshActor_UAID_047C16CA691A6C5902_1117126488
 |- Actor Package: /Game/__ExternalActors__/ThirdPerson/Maps/ThirdPersonMap/8/IP/LSXZ92IEAG2TQQTUZTUAUB
 |- Actor Path: /Game/ThirdPerson/Maps/ThirdPersonMap.ThirdPersonMap:PersistentLevel.StaticMeshActor_UAID_047C16CA691A6C5902_1126765489
 |- Actor Package: /Game/__ExternalActors__/ThirdPerson/Maps/ThirdPersonMap/6/98/WILA6Q9G9TOAL5EQDQGGBF
 |- Actor Path: /Game/ThirdPerson/Maps/ThirdPersonMap.ThirdPersonMap:PersistentLevel.StaticMeshActor_UAID_047C16CA691A915902_1192987999
 |- Actor Package: /Game/__ExternalActors__/ThirdPerson/Maps/ThirdPersonMap/2/VW/RFQ8A840QOWLN4KHEY4JQB
 |- Actor Path: /Game/ThirdPerson/Maps/ThirdPersonMap.ThirdPersonMap:PersistentLevel.StaticMeshActor_UAID_047C16CA691A915902_1344461000
 |- Actor Package: /Game/__ExternalActors__/ThirdPerson/Maps/ThirdPersonMap/0/8D/GOBA61VAVDD0NGTBMGCIWF
 |- Actor Path: /Game/ThirdPerson/Maps/ThirdPersonMap.ThirdPersonMap:PersistentLevel.StaticMeshActor_UAID_047C16CA691A915902_1357489001
 |- Actor Package: /Game/__ExternalActors__/ThirdPerson/Maps/ThirdPersonMap/0/4A/T8BXMYGUJOMPJL6MEFGX3O
 |- Actor Path: /Game/ThirdPerson/Maps/ThirdPersonMap.ThirdPersonMap:PersistentLevel.StaticMeshActor_UAID_047C16CA691A915902_1421561003
 |- Actor Package: /Game/__ExternalActors__/ThirdPerson/Maps/ThirdPersonMap/6/P5/NPC7M4LPZKKHOS9X1GJL0J
 |- Actor Path: /Game/ThirdPerson/Maps/ThirdPersonMap.ThirdPersonMap:PersistentLevel.StaticMeshActor_UAID_047C16CA691A915902_1442157005
 |- Actor Package: /Game/__ExternalActors__/ThirdPerson/Maps/ThirdPersonMap/9/AT/45A4BLM545Q7O8LYNK93YM
 |- Actor Path: /Game/ThirdPerson/Maps/ThirdPersonMap.ThirdPersonMap:PersistentLevel.StaticMeshActor_UAID_047C16CA691A915902_1472762006
 |- Actor Package: /Game/__ExternalActors__/ThirdPerson/Maps/ThirdPersonMap/8/RA/FRIGIDIXFWD2D806UIY02W
 |- Actor Path: /Game/ThirdPerson/Maps/ThirdPersonMap.ThirdPersonMap:PersistentLevel.StaticMeshActor_UAID_047C16CA691A915902_1574196007
 |- Actor Package: /Game/__ExternalActors__/ThirdPerson/Maps/ThirdPersonMap/6/RQ/IOK6RK1PCT7IVKDCMIF2GK
 |- Actor Path: /Game/ThirdPerson/Maps/ThirdPersonMap.ThirdPersonMap:PersistentLevel.StaticMeshActor_UAID_047C16CA691A915902_1725031008
 |- Actor Package: /Game/__ExternalActors__/ThirdPerson/Maps/ThirdPersonMap/9/U3/LVYFZ2F9VHEA95MXK96QGP
 |- Actor Path: /Game/ThirdPerson/Maps/ThirdPersonMap.ThirdPersonMap:PersistentLevel.StaticMeshActor_UAID_047C16CA691A915902_1728773009
 |- Actor Package: /Game/__ExternalActors__/ThirdPerson/Maps/ThirdPersonMap/E/3U/W5KGXAC0HJ4I9O96PF9SPA
 |- Actor Path: /Game/ThirdPerson/Maps/ThirdPersonMap.ThirdPersonMap:PersistentLevel.StaticMeshActor_UAID_047C16CA691A915902_1983359010
 |- Actor Package: /Game/__ExternalActors__/ThirdPerson/Maps/ThirdPersonMap/2/UR/48MMNOHSVTUXIIQGY6VGMQ
 |- Actor Path: /Game/ThirdPerson/Maps/ThirdPersonMap.ThirdPersonMap:PersistentLevel.StaticMeshActor_UAID_047C16CA691A915902_2047432011
 |- Actor Package: /Game/__ExternalActors__/ThirdPerson/Maps/ThirdPersonMap/9/H6/IGHJRCRVY4HSGOX5II7VYQ
 |- Actor Path: /Game/ThirdPerson/Maps/ThirdPersonMap.ThirdPersonMap:PersistentLevel.StaticMeshActor_UAID_047C16CA691A955902_1652003703
 |- Actor Package: /Game/__ExternalActors__/ThirdPerson/Maps/ThirdPersonMap/0/UT/OLKM9ENFESCM6DKBE5QWDO
 |- Actor Path: /Game/ThirdPerson/Maps/ThirdPersonMap.ThirdPersonMap:PersistentLevel.StaticMeshActor_UAID_047C16CA691A965902_1430632879
 |- Actor Package: /Game/__ExternalActors__/ThirdPerson/Maps/ThirdPersonMap/5/93/ZU2421SJGS1L3M8ZB8Z6BK
 |- Actor Path: /Game/ThirdPerson/Maps/ThirdPersonMap.ThirdPersonMap:PersistentLevel.StaticMeshActor_UAID_047C16CA691A965902_1523072880
 |- Actor Package: /Game/__ExternalActors__/ThirdPerson/Maps/ThirdPersonMap/7/NJ/FGVZG4IMZ89JYZ43T45O2Y
 |- Actor Path: /Game/ThirdPerson/Maps/ThirdPersonMap.ThirdPersonMap:PersistentLevel.StaticMeshActor_UAID_047C16CA691A965902_1806503881
 |- Actor Package: /Game/__ExternalActors__/ThirdPerson/Maps/ThirdPersonMap/3/4S/WHPJEAB2DZSHV8LMC8P9N2
 |- Actor Path: /Game/ThirdPerson/Maps/ThirdPersonMap.ThirdPersonMap:PersistentLevel.StaticMeshActor_UAID_047C16CA691A965902_2053229883
 |- Actor Package: /Game/__ExternalActors__/ThirdPerson/Maps/ThirdPersonMap/D/33/EOCXTYKAD00H9JZ9FG2T0A
 |- Actor Path: /Game/ThirdPerson/Maps/ThirdPersonMap.ThirdPersonMap:PersistentLevel.StaticMeshActor_UAID_047C16CA691A965902_2144386884
 |- Actor Package: /Game/__ExternalActors__/ThirdPerson/Maps/ThirdPersonMap/C/E8/IVUC4OCY5NVMZCLW4ULBFS
 |- Actor Path: /Game/ThirdPerson/Maps/ThirdPersonMap.ThirdPersonMap:PersistentLevel.StaticMeshActor_UAID_047C16CA691A975902_1209284061
 |- Actor Package: /Game/__ExternalActors__/ThirdPerson/Maps/ThirdPersonMap/A/TT/6E1UQYI7W70UGSAJYJAS5L
 |- Actor Path: /Game/ThirdPerson/Maps/ThirdPersonMap.ThirdPersonMap:PersistentLevel.StaticMeshActor_UAID_047C16CA691A975902_1738695062
 |- Actor Package: /Game/__ExternalActors__/ThirdPerson/Maps/ThirdPersonMap/B/U0/JHW42YDFCZWWYXBVU0ZMX7
 |- Actor Path: /Game/ThirdPerson/Maps/ThirdPersonMap.ThirdPersonMap:PersistentLevel.StaticMeshActor_UAID_047C16CA691A975902_1767553063
 |- Actor Package: /Game/__ExternalActors__/ThirdPerson/Maps/ThirdPersonMap/B/U3/EP6WB05EMPILSFAXU9T5BP
 |- Actor Path: /Game/ThirdPerson/Maps/ThirdPersonMap.ThirdPersonMap:PersistentLevel.StaticMeshActor_UAID_047C16CA691A975902_1877191064
 |- Actor Package: /Game/__ExternalActors__/ThirdPerson/Maps/ThirdPersonMap/4/1V/FKGT9OJCK28EOLVAVT5H9L
 |- Actor Path: /Game/ThirdPerson/Maps/ThirdPersonMap.ThirdPersonMap:PersistentLevel.StaticMeshActor_UAID_047C16CA691A975902_2039213065
 |- Actor Package: /Game/__ExternalActors__/ThirdPerson/Maps/ThirdPersonMap/0/LN/WOGZJRA4RBI0LOFOTFS0N5
 |- Actor Path: /Game/ThirdPerson/Maps/ThirdPersonMap.ThirdPersonMap:PersistentLevel.StaticMeshActor_UAID_047C16CA691A975902_2066997066
 |- Actor Package: /Game/__ExternalActors__/ThirdPerson/Maps/ThirdPersonMap/1/B6/3DGZ242MPQ7XHE40QHGXLI
 |- Actor Path: /Game/ThirdPerson/Maps/ThirdPersonMap.ThirdPersonMap:PersistentLevel.StaticMeshActor_UAID_047C16CA691A975902_2082109067
 |- Actor Package: /Game/__ExternalActors__/ThirdPerson/Maps/ThirdPersonMap/A/T9/3G8327DUCBOYRXSXE84EMR
 |- Actor Path: /Game/ThirdPerson/Maps/ThirdPersonMap.ThirdPersonMap:PersistentLevel.StaticMeshActor_UAID_047C16CA691ACF5302_2024186580
 |- Actor Package: /Game/__ExternalActors__/ThirdPerson/Maps/ThirdPersonMap/D/MV/BU1P4JJQBSAJHG8RXSXLWU
 |- Actor Path: /Game/ThirdPerson/Maps/ThirdPersonMap.ThirdPersonMap:PersistentLevel.StaticMeshActor_UAID_047C16CA691ACF5302_2136114586
 |- Actor Package: /Game/__ExternalActors__/ThirdPerson/Maps/ThirdPersonMap/C/V4/1XNM26M8T54IDMV436USIR
 |- Actor Path: /Game/ThirdPerson/Maps/ThirdPersonMap.ThirdPersonMap:PersistentLevel.StaticMeshActor_UAID_047C16CA691AD05302_1521552763
 |- Actor Package: /Game/__ExternalActors__/ThirdPerson/Maps/ThirdPersonMap/8/3U/2CNT3P4HNT9FYWVSS3ED2M
 |- Actor Path: /Game/ThirdPerson/Maps/ThirdPersonMap.ThirdPersonMap:PersistentLevel.StaticMeshActor_UAID_047C16CA691AD05302_1764752771
 |- Actor Package: /Game/__ExternalActors__/ThirdPerson/Maps/ThirdPersonMap/A/GY/JU7FSBYRSXLGIUSXL4MMNP
 |- Actor Path: /Game/ThirdPerson/Maps/ThirdPersonMap.ThirdPersonMap:PersistentLevel.StaticMeshActor_UAID_047C16CA691AD05302_2066712782
 |- Actor Package: /Game/__ExternalActors__/ThirdPerson/Maps/ThirdPersonMap/5/1F/CQPFX5GXLJ0G63K6GR219V
 |- Actor Path: /Game/ThirdPerson/Maps/ThirdPersonMap.ThirdPersonMap:PersistentLevel.VolumetricCloud_0
 |- Actor Package: /Game/__ExternalActors__/ThirdPerson/Maps/ThirdPersonMap/3/EY/87SHEJN5UBEAN2K5OV1G6R
 |- Actor Path: /Game/ThirdPerson/Maps/ThirdPersonMap.ThirdPersonMap:PersistentLevel.WorldDataLayers
 |- Actor Package: /Game/__ExternalActors__/ThirdPerson/Maps/ThirdPersonMap/0/43/HYQWORMY4JDQ5X3OKZXFLC

----------------------------------------------------------------------------------------------------------------
ThirdPersonMap - Runtime Hash Set
----------------------------------------------------------------------------------------------------------------

