[+] Containers:
 |- [+] Container: /Game/ThirdPerson/Maps/ThirdPersonMap
 |   |- [+] ActorDescs:
 |   |   |- Guid:02C8BCA54D17DC4E6E03318A8E157AA9 BaseClass: NativeClass:/Script/Engine.StaticMeshActor Name:StaticMeshActor_UAID_047C16CA691AD15302_1395542977 Label:SM_Crate_4 SpatiallyLoaded:1 Bounds:IsValid=true, Min=(X=-147.923 Y=1502.077 Z=10.000), Max=(X=-32.077 Y=1617.923 Z=110.000) RuntimeGrid:None EditorOnly:0 RuntimeOnly:0 HLODRelevant:1 ListedInSceneOutliner:1 IsMainWorldOnly:0
 |   |   |- Guid:06D9E9E0471004D4065EA19D1B19412A BaseClass: NativeClass:/Script/Engine.StaticMeshActor Name:StaticMeshActor_UAID_047C16CA691AD15302_1341177973 Label:SM_Food_Pumpkin SpatiallyLoaded:1 Bounds:IsValid=true, Min=(X=-66.258 Y=1141.247 Z=76.409), Max=(X=6.414 Y=1220.643 Z=133.417) RuntimeGrid:None EditorOnly:0 RuntimeOnly:0 HLODRelevant:1 ListedInSceneOutliner:1 IsMainWorldOnly:0
 |   |   |- Guid:0B33E61A40F329DDA5BE94A7BEB3DA3E BaseClass: NativeClass:/Script/Engine.StaticMeshActor Name:StaticMeshActor_UAID_047C16CA691AD15302_1331610970 Label:SM_Food_Tomato SpatiallyLoaded:1 Bounds:IsValid=true, Min=(X=-79.185 Y=1150.951 Z=83.248), Max=(X=-60.833 Y=1168.994 Z=99.367) RuntimeGrid:None EditorOnly:0 RuntimeOnly:0 HLODRelevant:1 ListedInSceneOutliner:1 IsMainWorldOnly:0
 |   |   |- Guid:0C449692445E1E19B0B1D39F528F14B1 BaseClass: NativeClass:/Script/Engine.StaticMeshActor Name:StaticMeshActor_UAID_047C16CA691AD05302_1933321777 Label:SM_Sack_01 SpatiallyLoaded:1 Bounds:IsValid=true, Min=(X=1255.238 Y=1066.531 Z=90.010), Max=(X=1284.319 Y=1095.107 Z=128.898) RuntimeGrid:None EditorOnly:0 RuntimeOnly:0 HLODRelevant:1 ListedInSceneOutliner:1 IsMainWorldOnly:0
 |   |   |- Guid:0E58BC7D48E303D2A188F597F8487291 BaseClass: NativeClass:/Script/Engine.StaticMeshActor Name:StaticMeshActor_UAID_047C16CA691ACF5302_2083568582 Label:SM_Log SpatiallyLoaded:1 Bounds:IsValid=true, Min=(X=2020.101 Y=2166.586 Z=6.914), Max=(X=2261.536 Y=2311.151 Z=76.118) RuntimeGrid:None EditorOnly:0 RuntimeOnly:0 HLODRelevant:1 ListedInSceneOutliner:1 IsMainWorldOnly:0
 |   |   |- Guid:172E1E9345D91D62474F799F5861C7C9 BaseClass: NativeClass:/Script/Engine.StaticMeshActor Name:StaticMeshActor_UAID_047C16CA691AD05302_2056593781 Label:SM_Grass_01 SpatiallyLoaded:1 Bounds:IsValid=true, Min=(X=59.341 Y=1727.359 Z=-0.000), Max=(X=158.443 Y=1834.608 Z=135.951) RuntimeGrid:None EditorOnly:0 RuntimeOnly:0 HLODRelevant:1 ListedInSceneOutliner:1 IsMainWorldOnly:0
 |   |   |- Guid:21CC81DE411699AA51B58AADDA08E675 BaseClass: NativeClass:/Script/Engine.StaticMeshActor Name:StaticMeshActor_UAID_047C16CA691AD15302_1336089972 Label:SM_Food_Tomato3 SpatiallyLoaded:1 Bounds:IsValid=true, Min=(X=-49.185 Y=1090.951 Z=83.248), Max=(X=-30.833 Y=1108.994 Z=99.367) RuntimeGrid:None EditorOnly:0 RuntimeOnly:0 HLODRelevant:1 ListedInSceneOutliner:1 IsMainWorldOnly:0
 |   |   |- Guid:2A4E49CC413E98BF5A2E42B3468141D7 BaseClass: NativeClass:/Script/Engine.StaticMeshActor Name:StaticMeshActor_UAID_047C16CA691AD05302_1896085775 Label:SM_Food_Watermelon_Full3 SpatiallyLoaded:1 Bounds:IsValid=true, Min=(X=1530.066 Y=768.281 Z=34.184), Max=(X=1629.739 Y=851.856 Z=125.758) RuntimeGrid:None EditorOnly:0 RuntimeOnly:0 HLODRelevant:1 ListedInSceneOutliner:1 IsMainWorldOnly:0
 |   |   |- Guid:2AB7A4CF4DE934A3F9B3DEBD458081B8 BaseClass: NativeClass:/Script/Engine.StaticMeshActor Name:StaticMeshActor_UAID_047C16CA691AD05302_1955292779 Label:SM_Crate_01 SpatiallyLoaded:1 Bounds:IsValid=true, Min=(X=440.000 Y=-390.000 Z=-40.000), Max=(X=540.000 Y=-290.000 Z=60.000) RuntimeGrid:None EditorOnly:0 RuntimeOnly:0 HLODRelevant:1 ListedInSceneOutliner:1 IsMainWorldOnly:0
 |   |   |- Guid:2F09D4B34B23674DC1DE00AA04B09CFF BaseClass: NativeClass:/Script/Engine.StaticMeshActor Name:StaticMeshActor_UAID_047C16CA691AD15302_1219327966 Label:SM_Coin_2 SpatiallyLoaded:1 Bounds:IsValid=true, Min=(X=1255.048 Y=1105.049 Z=89.500), Max=(X=1265.018 Y=1115.004 Z=90.500) RuntimeGrid:None EditorOnly:0 RuntimeOnly:0 HLODRelevant:1 ListedInSceneOutliner:1 IsMainWorldOnly:0
 |   |   |- Guid:2FB58999456391D349DC0F86DAC136ED BaseClass: NativeClass:/Script/Engine.SkyLight Name:SkyLight_1 Label:SkyLight SpatiallyLoaded:0 Bounds:IsValid=true, Min=(X=0.000 Y=0.000 Z=690.000), Max=(X=0.000 Y=0.000 Z=690.000) RuntimeGrid:None EditorOnly:0 RuntimeOnly:0 HLODRelevant:0 ListedInSceneOutliner:1 IsMainWorldOnly:0 FolderPath:Lighting FolderGuid:963EC3EB4002CCE9759E2EBA541A873A
 |   |   |- Guid:316CF2A6494ACA4C0E4180A87D36AB8F BaseClass: NativeClass:/Script/Engine.ExponentialHeightFog Name:ExponentialHeightFog_0 Label:ExponentialHeightFog SpatiallyLoaded:0 Bounds:IsValid=true, Min=(X=-5600.000 Y=-50.000 Z=-6850.000), Max=(X=-5600.000 Y=-50.000 Z=-6850.000) RuntimeGrid:None EditorOnly:0 RuntimeOnly:0 HLODRelevant:0 ListedInSceneOutliner:1 IsMainWorldOnly:0 FolderPath:Lighting FolderGuid:963EC3EB4002CCE9759E2EBA541A873A
 |   |   |- Guid:3A00AA1C422CE54C0BDB60BAF471BFBB BaseClass: NativeClass:/Script/Engine.PlayerStart Name:PlayerStart_0 Label:PlayerStart SpatiallyLoaded:0 Bounds:IsValid=true, Min=(X=860.000 Y=1070.000 Z=0.013), Max=(X=940.000 Y=1150.000 Z=184.013) RuntimeGrid:None EditorOnly:0 RuntimeOnly:0 HLODRelevant:0 ListedInSceneOutliner:1 IsMainWorldOnly:0
 |   |   |- Guid:3DDCC22148518746C77AA29619CA66C2 BaseClass: NativeClass:/Script/Engine.StaticMeshActor Name:StaticMeshActor_UAID_047C16CA691ACF5302_1721121576 Label:SM_Hills01 SpatiallyLoaded:1 Bounds:IsValid=true, Min=(X=1910.000 Y=450.000 Z=-0.000), Max=(X=2910.000 Y=1450.000 Z=113.965) RuntimeGrid:None EditorOnly:0 RuntimeOnly:0 HLODRelevant:1 ListedInSceneOutliner:1 IsMainWorldOnly:0
 |   |   |- Guid:4D3BE93F4146AAAC8BBE79999D96D57F BaseClass: NativeClass:/Script/Engine.VolumetricCloud Name:VolumetricCloud_0 Label:VolumetricCloud SpatiallyLoaded:0 Bounds:IsValid=true, Min=(X=0.000 Y=0.000 Z=820.000), Max=(X=0.000 Y=0.000 Z=820.000) RuntimeGrid:None EditorOnly:0 RuntimeOnly:0 HLODRelevant:0 ListedInSceneOutliner:1 IsMainWorldOnly:0 FolderPath:Lighting FolderGuid:963EC3EB4002CCE9759E2EBA541A873A
 |   |   |- Guid:50814C6140F4C8D22F441DBAB3D79418 BaseClass: NativeClass:/Script/Engine.StaticMeshActor Name:StaticMeshActor_UAID_047C16CA691AD15302_1220230967 Label:SM_Coin_3 SpatiallyLoaded:1 Bounds:IsValid=true, Min=(X=1275.048 Y=1105.049 Z=89.500), Max=(X=1285.018 Y=1115.004 Z=90.500) RuntimeGrid:None EditorOnly:0 RuntimeOnly:0 HLODRelevant:1 ListedInSceneOutliner:1 IsMainWorldOnly:0
 |   |   |- Guid:54DE6D874B96E58A5659DE81A0872FBA BaseClass: NativeClass:/Script/Engine.StaticMeshActor Name:StaticMeshActor_UAID_047C16CA691ACF5302_1729993577 Label:SM_Tile_Grass SpatiallyLoaded:1 Bounds:IsValid=true, Min=(X=-875.000 Y=-990.000 Z=10.000), Max=(X=2875.000 Y=4510.000 Z=10.000) RuntimeGrid:None EditorOnly:0 RuntimeOnly:0 HLODRelevant:1 ListedInSceneOutliner:1 IsMainWorldOnly:0
 |   |   |- Guid:5984ED204BCDAE9ED46A0E9331159B85 BaseClass: NativeClass:/Script/Engine.StaticMeshActor Name:StaticMeshActor_UAID_047C16CA691AD05302_2066712782 Label:SM_MarketStall_01 SpatiallyLoaded:1 Bounds:IsValid=true, Min=(X=978.146 Y=975.813 Z=10.000), Max=(X=1325.220 Y=1383.708 Z=398.838) RuntimeGrid:None EditorOnly:0 RuntimeOnly:0 HLODRelevant:1 ListedInSceneOutliner:1 IsMainWorldOnly:0
 |   |   |- Guid:5C4F5F9447F50E9D5BAC4B938559672F BaseClass: NativeClass:/Script/Engine.StaticMeshActor Name:StaticMeshActor_UAID_047C16CA691AD05302_1928621776 Label:SM_Table_02 SpatiallyLoaded:1 Bounds:IsValid=true, Min=(X=1231.447 Y=1059.494 Z=9.928), Max=(X=1328.763 Y=1300.708 Z=87.526) RuntimeGrid:None EditorOnly:0 RuntimeOnly:0 HLODRelevant:1 ListedInSceneOutliner:1 IsMainWorldOnly:0
 |   |   |- Guid:5E8810EA484DA3012D99DD86428E2652 BaseClass: NativeClass:/Script/Engine.StaticMeshActor Name:StaticMeshActor_UAID_047C16CA691ACF5302_1929596579 Label:SM_Hills2 SpatiallyLoaded:1 Bounds:IsValid=true, Min=(X=1680.000 Y=-80.000 Z=-0.000), Max=(X=2680.000 Y=920.000 Z=91.172) RuntimeGrid:None EditorOnly:0 RuntimeOnly:0 HLODRelevant:1 ListedInSceneOutliner:1 IsMainWorldOnly:0
 |   |   |- Guid:67122F0149A7E2BAB6A2FE8B3421A943 BaseClass: NativeClass:/Script/Engine.StaticMeshActor Name:StaticMeshActor_UAID_047C16CA691AD15302_1375323975 Label:SM_Crate_2 SpatiallyLoaded:1 Bounds:IsValid=true, Min=(X=-90.000 Y=1400.000 Z=10.000), Max=(X=10.000 Y=1500.000 Z=110.000) RuntimeGrid:None EditorOnly:0 RuntimeOnly:0 HLODRelevant:1 ListedInSceneOutliner:1 IsMainWorldOnly:0
 |   |   |- Guid:6854DEED403581D2169C9189422F85A4 BaseClass: NativeClass:/Script/Engine.StaticMeshActor Name:StaticMeshActor_UAID_047C16CA691AD05302_1764752771 Label:SM_Fence4 SpatiallyLoaded:1 Bounds:IsValid=true, Min=(X=903.543 Y=-679.505 Z=9.891), Max=(X=936.783 Y=-379.576 Z=162.897) RuntimeGrid:None EditorOnly:0 RuntimeOnly:0 HLODRelevant:1 ListedInSceneOutliner:1 IsMainWorldOnly:0
 |   |   |- Guid:68BF596B4BAFF1118109EB9921BA3585 BaseClass: NativeClass:/Script/Engine.StaticMeshActor Name:StaticMeshActor_UAID_047C16CA691ACF5302_1836116578 Label:SM_Hills3 SpatiallyLoaded:1 Bounds:IsValid=true, Min=(X=1363.784 Y=-1227.552 Z=-0.000), Max=(X=4496.216 Y=1627.552 Z=1357.796) RuntimeGrid:None EditorOnly:0 RuntimeOnly:0 HLODRelevant:1 ListedInSceneOutliner:1 IsMainWorldOnly:0
 |   |   |- Guid:6BAF4DDD444C60371492D3919DB42C97 BaseClass: NativeClass:/Script/Engine.WorldDataLayers Name:WorldDataLayers Label:WorldDataLayers SpatiallyLoaded:0 Bounds:IsValid=true, Min=(X=0.000 Y=0.000 Z=0.000), Max=(X=0.000 Y=0.000 Z=0.000) RuntimeGrid:None EditorOnly:0 RuntimeOnly:0 HLODRelevant:0 ListedInSceneOutliner:1 IsMainWorldOnly:1
 |   |   |- Guid:6D1ED12F49788C34726A4CAE9458D919 BaseClass: NativeClass:/Script/Engine.StaticMeshActor Name:StaticMeshActor_UAID_047C16CA691AD15302_1156997963 Label:SM_Box_01 SpatiallyLoaded:1 Bounds:IsValid=true, Min=(X=1325.624 Y=1006.887 Z=10.005), Max=(X=1394.095 Y=1093.216 Z=32.097) RuntimeGrid:None EditorOnly:0 RuntimeOnly:0 HLODRelevant:1 ListedInSceneOutliner:1 IsMainWorldOnly:0
 |   |   |- Guid:6DF61D284862974D089158950E23EDEB BaseClass: NativeClass:/Script/Engine.StaticMeshActor Name:StaticMeshActor_UAID_047C16CA691AD15302_1412238978 Label:SM_Crate_5 SpatiallyLoaded:1 Bounds:IsValid=true, Min=(X=-154.086 Y=1425.914 Z=110.000), Max=(X=-25.914 Y=1554.086 Z=210.000) RuntimeGrid:None EditorOnly:0 RuntimeOnly:0 HLODRelevant:1 ListedInSceneOutliner:1 IsMainWorldOnly:0
 |   |   |- Guid:6E5431D3435FA750AACE2AAB139CFD39 BaseClass: NativeClass:/Script/Engine.StaticMeshActor Name:StaticMeshActor_UAID_047C16CA691AD15302_1103585959 Label:SM_Food_Watermelon_Half SpatiallyLoaded:1 Bounds:IsValid=true, Min=(X=1253.424 Y=1189.480 Z=75.837), Max=(X=1290.358 Y=1220.202 Z=114.056) RuntimeGrid:None EditorOnly:0 RuntimeOnly:0 HLODRelevant:1 ListedInSceneOutliner:1 IsMainWorldOnly:0
 |   |   |- Guid:7473FA81473809B378D45EB5D62E944F BaseClass: NativeClass:/Script/Engine.StaticMeshActor Name:StaticMeshActor_UAID_047C16CA691AD05302_1748043769 Label:SM_Fence2 SpatiallyLoaded:1 Bounds:IsValid=true, Min=(X=903.543 Y=-139.505 Z=9.891), Max=(X=936.783 Y=160.424 Z=162.897) RuntimeGrid:None EditorOnly:0 RuntimeOnly:0 HLODRelevant:1 ListedInSceneOutliner:1 IsMainWorldOnly:0
 |   |   |- Guid:799AE01148DE5885D5811B8F6C5C0F16 BaseClass: NativeClass:/Script/Engine.StaticMeshActor Name:StaticMeshActor_UAID_047C16CA691AD15302_1384959976 Label:SM_Crate_3 SpatiallyLoaded:1 Bounds:IsValid=true, Min=(X=-228.301 Y=1391.699 Z=10.000), Max=(X=-91.699 Y=1528.301 Z=110.000) RuntimeGrid:None EditorOnly:0 RuntimeOnly:0 HLODRelevant:1 ListedInSceneOutliner:1 IsMainWorldOnly:0
 |   |   |- Guid:7AFBDD174ABD77FB65954180E50DAF5B BaseClass: NativeClass:/Script/Engine.StaticMeshActor Name:StaticMeshActor_UAID_047C16CA691ACF5302_2095002584 Label:SM_Fence SpatiallyLoaded:1 Bounds:IsValid=true, Min=(X=773.883 Y=103.095 Z=9.891), Max=(X=1067.093 Y=236.912 Z=162.897) RuntimeGrid:None EditorOnly:0 RuntimeOnly:0 HLODRelevant:1 ListedInSceneOutliner:1 IsMainWorldOnly:0
 |   |   |- Guid:7D7EDC37474F9432332585ACB8C51179 BaseClass: NativeClass:/Script/Engine.StaticMeshActor Name:StaticMeshActor_UAID_047C16CA691AD15302_1162843964 Label:SM_Food_Watermelon_Half2 SpatiallyLoaded:1 Bounds:IsValid=true, Min=(X=1341.156 Y=1038.770 Z=11.704), Max=(X=1381.095 Y=1079.047 Z=33.698) RuntimeGrid:None EditorOnly:0 RuntimeOnly:0 HLODRelevant:1 ListedInSceneOutliner:1 IsMainWorldOnly:0
 |   |   |- Guid:912464A54027DEBF0B50DC84B3505379 BaseClass: NativeClass:/Script/Engine.StaticMeshActor Name:StaticMeshActor_UAID_047C16CA691ACF5302_2089211583 Label:SM_Branch01 SpatiallyLoaded:1 Bounds:IsValid=true, Min=(X=1400.000 Y=4225.921 Z=3.880), Max=(X=1704.232 Y=4419.774 Z=51.373) RuntimeGrid:None EditorOnly:0 RuntimeOnly:0 HLODRelevant:1 ListedInSceneOutliner:1 IsMainWorldOnly:0
 |   |   |- Guid:929940BB452FBF379DB27294899662B6 BaseClass: NativeClass:/Script/Engine.StaticMeshActor Name:StaticMeshActor_UAID_047C16CA691AD15302_1257521968 Label:SM_MarketStall_02 SpatiallyLoaded:1 Bounds:IsValid=true, Min=(X=-398.009 Y=884.917 Z=10.000), Max=(X=86.665 Y=1393.650 Z=400.716) RuntimeGrid:None EditorOnly:0 RuntimeOnly:0 HLODRelevant:1 ListedInSceneOutliner:1 IsMainWorldOnly:0
 |   |   |- Guid:AA10FC72436A54BF4DE69AA68C6FB4DD BaseClass: NativeClass:/Script/Engine.StaticMeshActor Name:StaticMeshActor_UAID_047C16CA691AD05302_1942206778 Label:SM_Chalice_01 SpatiallyLoaded:1 Bounds:IsValid=true, Min=(X=1254.175 Y=1134.175 Z=90.000), Max=(X=1265.825 Y=1145.816 Z=114.633) RuntimeGrid:None EditorOnly:0 RuntimeOnly:0 HLODRelevant:1 ListedInSceneOutliner:1 IsMainWorldOnly:0
 |   |   |- Guid:AE07F2D44A87B1B1C2065690C7125DB1 BaseClass: NativeClass:/Script/Engine.StaticMeshActor Name:StaticMeshActor_UAID_047C16CA691ACF5302_2136114586 Label:small_low_poly_church SpatiallyLoaded:1 Bounds:IsValid=true, Min=(X=325.917 Y=1785.603 Z=10.000), Max=(X=1430.387 Y=3252.367 Z=1438.744) RuntimeGrid:None EditorOnly:0 RuntimeOnly:0 HLODRelevant:1 ListedInSceneOutliner:1 IsMainWorldOnly:0
 |   |   |- Guid:B785ED2844B84CFB91E7F39FE661CD99 BaseClass: NativeClass:/Script/Engine.DirectionalLight Name:DirectionalLight_0 Label:DirectionalLight SpatiallyLoaded:0 Bounds:IsValid=true, Min=(X=-1048576.000 Y=-1048576.000 Z=-1048576.000), Max=(X=1048576.000 Y=1048576.000 Z=1048576.000) RuntimeGrid:None EditorOnly:0 RuntimeOnly:0 HLODRelevant:0 ListedInSceneOutliner:1 IsMainWorldOnly:0 FolderPath:Lighting FolderGuid:963EC3EB4002CCE9759E2EBA541A873A
 |   |   |- Guid:BAA6C8E94727BA03FE708A90A4954631 BaseClass: NativeClass:/Script/Engine.StaticMeshActor Name:StaticMeshActor_UAID_047C16CA691AD05302_1521552763 Label:low_poly_simple_house SpatiallyLoaded:1 Bounds:IsValid=true, Min=(X=856.617 Y=98.145 Z=16.693), Max=(X=1653.828 Y=854.480 Z=422.013) RuntimeGrid:None EditorOnly:0 RuntimeOnly:0 HLODRelevant:1 ListedInSceneOutliner:1 IsMainWorldOnly:0
 |   |   |- Guid:C08096C14D4D25C99A7BECA4B1684BF1 BaseClass: NativeClass:/Script/Engine.StaticMeshActor Name:StaticMeshActor_UAID_047C16CA691AD15302_1353429974 Label:SM_Food_Pumpkin2 SpatiallyLoaded:1 Bounds:IsValid=true, Min=(X=-45.780 Y=1204.315 Z=82.465), Max=(X=5.799 Y=1255.903 Z=127.539) RuntimeGrid:None EditorOnly:0 RuntimeOnly:0 HLODRelevant:1 ListedInSceneOutliner:1 IsMainWorldOnly:0
 |   |   |- Guid:C11996F2477490BE82C530A17FD2313B BaseClass: NativeClass:/Script/Engine.StaticMeshActor Name:StaticMeshActor_UAID_047C16CA691AD05302_1624315767 Label:SM_Tree_Dead01 SpatiallyLoaded:1 Bounds:IsValid=true, Min=(X=1595.207 Y=4249.464 Z=9.461), Max=(X=1718.513 Y=4348.514 Z=371.237) RuntimeGrid:None EditorOnly:0 RuntimeOnly:0 HLODRelevant:1 ListedInSceneOutliner:1 IsMainWorldOnly:0
 |   |   |- Guid:C34FD72244D5A8C453DEFDA0DC384CE7 BaseClass: NativeClass:/Script/Engine.StaticMeshActor Name:StaticMeshActor_UAID_047C16CA691AD05302_1757131770 Label:SM_Fence3 SpatiallyLoaded:1 Bounds:IsValid=true, Min=(X=903.543 Y=-399.505 Z=9.891), Max=(X=936.783 Y=-99.576 Z=162.897) RuntimeGrid:None EditorOnly:0 RuntimeOnly:0 HLODRelevant:1 ListedInSceneOutliner:1 IsMainWorldOnly:0
 |   |   |- Guid:C65954EF4E4850DB03ACA99458519A3A BaseClass: NativeClass:/Script/Engine.StaticMeshActor Name:StaticMeshActor_UAID_047C16CA691AD05302_1566474765 Label:low_poly_simple_house3 SpatiallyLoaded:1 Bounds:IsValid=true, Min=(X=169.539 Y=-215.636 Z=16.693), Max=(X=873.573 Y=397.812 Z=422.013) RuntimeGrid:None EditorOnly:0 RuntimeOnly:0 HLODRelevant:1 ListedInSceneOutliner:1 IsMainWorldOnly:0
 |   |   |- Guid:C7B46AA44092906EE87C09866BEE48E7 BaseClass: NativeClass:/Script/Engine.StaticMeshActor Name:StaticMeshActor_UAID_047C16CA691AD05302_1548798764 Label:low_poly_simple_house2 SpatiallyLoaded:1 Bounds:IsValid=true, Min=(X=-661.855 Y=76.172 Z=16.693), Max=(X=94.480 Y=873.383 Z=422.013) RuntimeGrid:None EditorOnly:0 RuntimeOnly:0 HLODRelevant:1 ListedInSceneOutliner:1 IsMainWorldOnly:0
 |   |   |- Guid:CBCF970B4D2CBD73D4F4539BA7BDBDD1 BaseClass: NativeClass:/Script/Engine.StaticMeshActor Name:StaticMeshActor_UAID_047C16CA691AD15302_1217143965 Label:SM_Coin_01 SpatiallyLoaded:1 Bounds:IsValid=true, Min=(X=1275.048 Y=1115.049 Z=89.500), Max=(X=1285.018 Y=1125.004 Z=90.500) RuntimeGrid:None EditorOnly:0 RuntimeOnly:0 HLODRelevant:1 ListedInSceneOutliner:1 IsMainWorldOnly:0
 |   |   |- Guid:CCFF262C46EEFFDF319E7F9539CE697E BaseClass: NativeClass:/Script/Engine.SkyAtmosphere Name:SkyAtmosphere_0 Label:SkyAtmosphere SpatiallyLoaded:0 Bounds:IsValid=true, Min=(X=0.000 Y=0.000 Z=1020.000), Max=(X=0.000 Y=0.000 Z=1020.000) RuntimeGrid:None EditorOnly:0 RuntimeOnly:0 HLODRelevant:0 ListedInSceneOutliner:1 IsMainWorldOnly:0 FolderPath:Lighting FolderGuid:963EC3EB4002CCE9759E2EBA541A873A
 |   |   |- Guid:CF5BB6FE4CB91AB65504B19B7597EC4B BaseClass: NativeClass:/Script/Engine.StaticMeshActor Name:StaticMeshActor_UAID_047C16CA691AD05302_1657407768 Label:SM_Cart_01 SpatiallyLoaded:1 Bounds:IsValid=true, Min=(X=1335.422 Y=676.261 Z=-35.983), Max=(X=1688.582 Y=1007.507 Z=213.259) RuntimeGrid:None EditorOnly:0 RuntimeOnly:0 HLODRelevant:1 ListedInSceneOutliner:1 IsMainWorldOnly:0
 |   |   |- Guid:D14A3D6049BBBCBB34E86296BCB5FD39 BaseClass: NativeClass:/Script/Engine.StaticMeshActor Name:StaticMeshActor_UAID_047C16CA691AD05302_1961387780 Label:SM_Barrell_Closed_01 SpatiallyLoaded:1 Bounds:IsValid=true, Min=(X=-423.020 Y=136.980 Z=-45.800), Max=(X=-336.980 Y=223.020 Z=65.800) RuntimeGrid:None EditorOnly:0 RuntimeOnly:0 HLODRelevant:1 ListedInSceneOutliner:1 IsMainWorldOnly:0
 |   |   |- Guid:D64BF0214930D601DF66D4908C75A6F9 BaseClass: NativeClass:/Script/Engine.StaticMeshActor Name:StaticMeshActor_UAID_047C16CA691AD15302_1311894969 Label:SM_Table_3 SpatiallyLoaded:1 Bounds:IsValid=true, Min=(X=-127.105 Y=979.325 Z=9.928), Max=(X=67.526 Y=1300.945 Z=87.526) RuntimeGrid:None EditorOnly:0 RuntimeOnly:0 HLODRelevant:1 ListedInSceneOutliner:1 IsMainWorldOnly:0
 |   |   |- Guid:D908DB294BB5551767F41EBC7D019CE9 BaseClass: NativeClass:/Script/Engine.StaticMeshActor Name:StaticMeshActor_UAID_047C16CA691ACF5302_1717419575 Label:SM_Hills02 SpatiallyLoaded:1 Bounds:IsValid=true, Min=(X=2186.888 Y=47.359 Z=-0.000), Max=(X=3953.112 Y=4652.642 Z=1357.796) RuntimeGrid:None EditorOnly:0 RuntimeOnly:0 HLODRelevant:1 ListedInSceneOutliner:1 IsMainWorldOnly:0
 |   |   |- Guid:DAEA1A6E412064B81353DB9AE75ED0A0 BaseClass: NativeClass:/Script/Engine.StaticMeshActor Name:StaticMeshActor_UAID_047C16CA691ACF5302_2024186580 Label:SM_Stones02 SpatiallyLoaded:1 Bounds:IsValid=true, Min=(X=1804.605 Y=1678.851 Z=10.000), Max=(X=2256.562 Y=2142.292 Z=246.141) RuntimeGrid:None EditorOnly:0 RuntimeOnly:0 HLODRelevant:1 ListedInSceneOutliner:1 IsMainWorldOnly:0
 |   |   |- Guid:E3CA307A484A6CDA63606F9E8DA2C32B BaseClass: NativeClass:/Script/Engine.StaticMeshActor Name:StaticMeshActor_UAID_047C16CA691ACF5302_2036293581 Label:SM_Tree04 SpatiallyLoaded:1 Bounds:IsValid=true, Min=(X=2524.333 Y=2118.852 Z=518.489), Max=(X=2934.434 Y=2358.018 Z=1011.317) RuntimeGrid:None EditorOnly:0 RuntimeOnly:0 HLODRelevant:1 ListedInSceneOutliner:1 IsMainWorldOnly:0
 |   |   |- Guid:E64B00934BBEC67080922CBA92BEEC31 BaseClass: NativeClass:/Script/Engine.StaticMeshActor Name:StaticMeshActor_UAID_047C16CA691AD15302_1332646971 Label:SM_Food_Tomato2 SpatiallyLoaded:1 Bounds:IsValid=true, Min=(X=-89.185 Y=1060.951 Z=83.248), Max=(X=-70.833 Y=1078.994 Z=99.367) RuntimeGrid:None EditorOnly:0 RuntimeOnly:0 HLODRelevant:1 ListedInSceneOutliner:1 IsMainWorldOnly:0
 |   |   |- Guid:EB70DB1742065B46F0E6ABA6B503C185 BaseClass: NativeClass:/Script/Engine.StaticMeshActor Name:StaticMeshActor_UAID_047C16CA691AD15302_1134307960 Label:SM_Book_01 SpatiallyLoaded:1 Bounds:IsValid=true, Min=(X=1296.863 Y=1119.105 Z=88.150), Max=(X=1323.137 Y=1140.895 Z=92.000) RuntimeGrid:None EditorOnly:0 RuntimeOnly:0 HLODRelevant:1 ListedInSceneOutliner:1 IsMainWorldOnly:0
 |   |   |- Guid:EC4E0C944CE6AC6E784BC6BB2916EA13 BaseClass: NativeClass:/Script/Engine.StaticMeshActor Name:StaticMeshActor_UAID_A4AE111137DC5EFB00_1110535423 Label:SM_SkySphere SpatiallyLoaded:0 Bounds:IsValid=true, Min=(X=-1638400.000 Y=-1638400.000 Z=-1638400.000), Max=(X=1638400.000 Y=1638400.000 Z=1638400.000) RuntimeGrid:None EditorOnly:0 RuntimeOnly:0 HLODRelevant:0 ListedInSceneOutliner:1 IsMainWorldOnly:0 FolderPath:Lighting FolderGuid:963EC3EB4002CCE9759E2EBA541A873A
 |   |   |- Guid:EE5AF38B4324F87331A4BBBE2EAEE904 BaseClass: NativeClass:/Script/Engine.StaticMeshActor Name:StaticMeshActor_UAID_047C16CA691AD05302_1881428774 Label:SM_Food_Watermelon_Full2 SpatiallyLoaded:1 Bounds:IsValid=true, Min=(X=1545.664 Y=710.943 Z=22.240), Max=(X=1634.138 Y=789.192 Z=97.710) RuntimeGrid:None EditorOnly:0 RuntimeOnly:0 HLODRelevant:1 ListedInSceneOutliner:1 IsMainWorldOnly:0
 |   |   |- Guid:F1924B8D48954B30891B2DB6A694F9CC BaseClass: NativeClass:/Script/Engine.StaticMeshActor Name:StaticMeshActor_1 Label:SM_Cube SpatiallyLoaded:1 Bounds:IsValid=true, Min=(X=0.000 Y=0.000 Z=-50.000), Max=(X=3000.000 Y=3500.000 Z=0.000) RuntimeGrid:None EditorOnly:0 RuntimeOnly:0 HLODRelevant:1 ListedInSceneOutliner:1 IsMainWorldOnly:0 FolderPath:Playground FolderGuid:C73F09FC4215536B1DCE2A9E0A830C70
 |   |   |- Guid:F42D60CD444FC3C9412DA7AF8428F972 BaseClass: NativeClass:/Script/Engine.StaticMeshActor Name:StaticMeshActor_UAID_047C16CA691AD05302_1613263766 Label:SM_Stone02 SpatiallyLoaded:1 Bounds:IsValid=true, Min=(X=1795.279 Y=1077.468 Z=6.797), Max=(X=1876.180 Y=1163.528 Z=107.855) RuntimeGrid:None EditorOnly:0 RuntimeOnly:0 HLODRelevant:1 ListedInSceneOutliner:1 IsMainWorldOnly:0
 |   |   |- Guid:F5E3FEB3450C49844FD93DA8E083C8AD BaseClass: NativeClass:/Script/Engine.PostProcessVolume Name:PostProcessVolume_0 Label:PostProcessVolume SpatiallyLoaded:0 Bounds:IsValid=true, Min=(X=0.000 Y=0.000 Z=400.000), Max=(X=200.000 Y=200.000 Z=600.000) RuntimeGrid:None EditorOnly:0 RuntimeOnly:0 HLODRelevant:0 ListedInSceneOutliner:1 IsMainWorldOnly:0 FolderPath:Lighting FolderGuid:963EC3EB4002CCE9759E2EBA541A873A
 |   |   |- Guid:F8E07E0247C37F709F7A9DA36711EAA3 BaseClass: NativeClass:/Script/Engine.StaticMeshActor Name:StaticMeshActor_UAID_047C16CA691AD05302_1795728773 Label:SM_Food_Watermelon_Full SpatiallyLoaded:1 Bounds:IsValid=true, Min=(X=1601.660 Y=753.133 Z=22.240), Max=(X=1658.145 Y=826.727 Z=97.710) RuntimeGrid:None EditorOnly:0 RuntimeOnly:0 HLODRelevant:1 ListedInSceneOutliner:1 IsMainWorldOnly:0
 |   |- [+] Clusters:
 |   |   |- [+] [  0]
 |   |   |   |- Guid:02C8BCA54D17DC4E6E03318A8E157AA9 BaseClass: NativeClass:/Script/Engine.StaticMeshActor Name:StaticMeshActor_UAID_047C16CA691AD15302_1395542977 Label:SM_Crate_4 SpatiallyLoaded:1 Bounds:IsValid=true, Min=(X=-147.923 Y=1502.077 Z=10.000), Max=(X=-32.077 Y=1617.923 Z=110.000) RuntimeGrid:None EditorOnly:0 RuntimeOnly:0 HLODRelevant:1 ListedInSceneOutliner:1 IsMainWorldOnly:0
 |   |   |- [+] [  1]
 |   |   |   |- Guid:06D9E9E0471004D4065EA19D1B19412A BaseClass: NativeClass:/Script/Engine.StaticMeshActor Name:StaticMeshActor_UAID_047C16CA691AD15302_1341177973 Label:SM_Food_Pumpkin SpatiallyLoaded:1 Bounds:IsValid=true, Min=(X=-66.258 Y=1141.247 Z=76.409), Max=(X=6.414 Y=1220.643 Z=133.417) RuntimeGrid:None EditorOnly:0 RuntimeOnly:0 HLODRelevant:1 ListedInSceneOutliner:1 IsMainWorldOnly:0
 |   |   |- [+] [  2]
 |   |   |   |- Guid:0B33E61A40F329DDA5BE94A7BEB3DA3E BaseClass: NativeClass:/Script/Engine.StaticMeshActor Name:StaticMeshActor_UAID_047C16CA691AD15302_1331610970 Label:SM_Food_Tomato SpatiallyLoaded:1 Bounds:IsValid=true, Min=(X=-79.185 Y=1150.951 Z=83.248), Max=(X=-60.833 Y=1168.994 Z=99.367) RuntimeGrid:None EditorOnly:0 RuntimeOnly:0 HLODRelevant:1 ListedInSceneOutliner:1 IsMainWorldOnly:0
 |   |   |- [+] [  3]
 |   |   |   |- Guid:0C449692445E1E19B0B1D39F528F14B1 BaseClass: NativeClass:/Script/Engine.StaticMeshActor Name:StaticMeshActor_UAID_047C16CA691AD05302_1933321777 Label:SM_Sack_01 SpatiallyLoaded:1 Bounds:IsValid=true, Min=(X=1255.238 Y=1066.531 Z=90.010), Max=(X=1284.319 Y=1095.107 Z=128.898) RuntimeGrid:None EditorOnly:0 RuntimeOnly:0 HLODRelevant:1 ListedInSceneOutliner:1 IsMainWorldOnly:0
 |   |   |- [+] [  4]
 |   |   |   |- Guid:0E58BC7D48E303D2A188F597F8487291 BaseClass: NativeClass:/Script/Engine.StaticMeshActor Name:StaticMeshActor_UAID_047C16CA691ACF5302_2083568582 Label:SM_Log SpatiallyLoaded:1 Bounds:IsValid=true, Min=(X=2020.101 Y=2166.586 Z=6.914), Max=(X=2261.536 Y=2311.151 Z=76.118) RuntimeGrid:None EditorOnly:0 RuntimeOnly:0 HLODRelevant:1 ListedInSceneOutliner:1 IsMainWorldOnly:0
 |   |   |- [+] [  5]
 |   |   |   |- Guid:172E1E9345D91D62474F799F5861C7C9 BaseClass: NativeClass:/Script/Engine.StaticMeshActor Name:StaticMeshActor_UAID_047C16CA691AD05302_2056593781 Label:SM_Grass_01 SpatiallyLoaded:1 Bounds:IsValid=true, Min=(X=59.341 Y=1727.359 Z=-0.000), Max=(X=158.443 Y=1834.608 Z=135.951) RuntimeGrid:None EditorOnly:0 RuntimeOnly:0 HLODRelevant:1 ListedInSceneOutliner:1 IsMainWorldOnly:0
 |   |   |- [+] [  6]
 |   |   |   |- Guid:21CC81DE411699AA51B58AADDA08E675 BaseClass: NativeClass:/Script/Engine.StaticMeshActor Name:StaticMeshActor_UAID_047C16CA691AD15302_1336089972 Label:SM_Food_Tomato3 SpatiallyLoaded:1 Bounds:IsValid=true, Min=(X=-49.185 Y=1090.951 Z=83.248), Max=(X=-30.833 Y=1108.994 Z=99.367) RuntimeGrid:None EditorOnly:0 RuntimeOnly:0 HLODRelevant:1 ListedInSceneOutliner:1 IsMainWorldOnly:0
 |   |   |- [+] [  7]
 |   |   |   |- Guid:2A4E49CC413E98BF5A2E42B3468141D7 BaseClass: NativeClass:/Script/Engine.StaticMeshActor Name:StaticMeshActor_UAID_047C16CA691AD05302_1896085775 Label:SM_Food_Watermelon_Full3 SpatiallyLoaded:1 Bounds:IsValid=true, Min=(X=1530.066 Y=768.281 Z=34.184), Max=(X=1629.739 Y=851.856 Z=125.758) RuntimeGrid:None EditorOnly:0 RuntimeOnly:0 HLODRelevant:1 ListedInSceneOutliner:1 IsMainWorldOnly:0
 |   |   |- [+] [  8]
 |   |   |   |- Guid:2AB7A4CF4DE934A3F9B3DEBD458081B8 BaseClass: NativeClass:/Script/Engine.StaticMeshActor Name:StaticMeshActor_UAID_047C16CA691AD05302_1955292779 Label:SM_Crate_01 SpatiallyLoaded:1 Bounds:IsValid=true, Min=(X=440.000 Y=-390.000 Z=-40.000), Max=(X=540.000 Y=-290.000 Z=60.000) RuntimeGrid:None EditorOnly:0 RuntimeOnly:0 HLODRelevant:1 ListedInSceneOutliner:1 IsMainWorldOnly:0
 |   |   |- [+] [  9]
 |   |   |   |- Guid:2F09D4B34B23674DC1DE00AA04B09CFF BaseClass: NativeClass:/Script/Engine.StaticMeshActor Name:StaticMeshActor_UAID_047C16CA691AD15302_1219327966 Label:SM_Coin_2 SpatiallyLoaded:1 Bounds:IsValid=true, Min=(X=1255.048 Y=1105.049 Z=89.500), Max=(X=1265.018 Y=1115.004 Z=90.500) RuntimeGrid:None EditorOnly:0 RuntimeOnly:0 HLODRelevant:1 ListedInSceneOutliner:1 IsMainWorldOnly:0
 |   |   |- [+] [ 10]
 |   |   |   |- Guid:2FB58999456391D349DC0F86DAC136ED BaseClass: NativeClass:/Script/Engine.SkyLight Name:SkyLight_1 Label:SkyLight SpatiallyLoaded:0 Bounds:IsValid=true, Min=(X=0.000 Y=0.000 Z=690.000), Max=(X=0.000 Y=0.000 Z=690.000) RuntimeGrid:None EditorOnly:0 RuntimeOnly:0 HLODRelevant:0 ListedInSceneOutliner:1 IsMainWorldOnly:0 FolderPath:Lighting FolderGuid:963EC3EB4002CCE9759E2EBA541A873A
 |   |   |- [+] [ 11]
 |   |   |   |- Guid:316CF2A6494ACA4C0E4180A87D36AB8F BaseClass: NativeClass:/Script/Engine.ExponentialHeightFog Name:ExponentialHeightFog_0 Label:ExponentialHeightFog SpatiallyLoaded:0 Bounds:IsValid=true, Min=(X=-5600.000 Y=-50.000 Z=-6850.000), Max=(X=-5600.000 Y=-50.000 Z=-6850.000) RuntimeGrid:None EditorOnly:0 RuntimeOnly:0 HLODRelevant:0 ListedInSceneOutliner:1 IsMainWorldOnly:0 FolderPath:Lighting FolderGuid:963EC3EB4002CCE9759E2EBA541A873A
 |   |   |- [+] [ 12]
 |   |   |   |- Guid:3A00AA1C422CE54C0BDB60BAF471BFBB BaseClass: NativeClass:/Script/Engine.PlayerStart Name:PlayerStart_0 Label:PlayerStart SpatiallyLoaded:0 Bounds:IsValid=true, Min=(X=860.000 Y=1070.000 Z=0.013), Max=(X=940.000 Y=1150.000 Z=184.013) RuntimeGrid:None EditorOnly:0 RuntimeOnly:0 HLODRelevant:0 ListedInSceneOutliner:1 IsMainWorldOnly:0
 |   |   |- [+] [ 13]
 |   |   |   |- Guid:3DDCC22148518746C77AA29619CA66C2 BaseClass: NativeClass:/Script/Engine.StaticMeshActor Name:StaticMeshActor_UAID_047C16CA691ACF5302_1721121576 Label:SM_Hills01 SpatiallyLoaded:1 Bounds:IsValid=true, Min=(X=1910.000 Y=450.000 Z=-0.000), Max=(X=2910.000 Y=1450.000 Z=113.965) RuntimeGrid:None EditorOnly:0 RuntimeOnly:0 HLODRelevant:1 ListedInSceneOutliner:1 IsMainWorldOnly:0
 |   |   |- [+] [ 14]
 |   |   |   |- Guid:4D3BE93F4146AAAC8BBE79999D96D57F BaseClass: NativeClass:/Script/Engine.VolumetricCloud Name:VolumetricCloud_0 Label:VolumetricCloud SpatiallyLoaded:0 Bounds:IsValid=true, Min=(X=0.000 Y=0.000 Z=820.000), Max=(X=0.000 Y=0.000 Z=820.000) RuntimeGrid:None EditorOnly:0 RuntimeOnly:0 HLODRelevant:0 ListedInSceneOutliner:1 IsMainWorldOnly:0 FolderPath:Lighting FolderGuid:963EC3EB4002CCE9759E2EBA541A873A
 |   |   |- [+] [ 15]
 |   |   |   |- Guid:50814C6140F4C8D22F441DBAB3D79418 BaseClass: NativeClass:/Script/Engine.StaticMeshActor Name:StaticMeshActor_UAID_047C16CA691AD15302_1220230967 Label:SM_Coin_3 SpatiallyLoaded:1 Bounds:IsValid=true, Min=(X=1275.048 Y=1105.049 Z=89.500), Max=(X=1285.018 Y=1115.004 Z=90.500) RuntimeGrid:None EditorOnly:0 RuntimeOnly:0 HLODRelevant:1 ListedInSceneOutliner:1 IsMainWorldOnly:0
 |   |   |- [+] [ 16]
 |   |   |   |- Guid:54DE6D874B96E58A5659DE81A0872FBA BaseClass: NativeClass:/Script/Engine.StaticMeshActor Name:StaticMeshActor_UAID_047C16CA691ACF5302_1729993577 Label:SM_Tile_Grass SpatiallyLoaded:1 Bounds:IsValid=true, Min=(X=-875.000 Y=-990.000 Z=10.000), Max=(X=2875.000 Y=4510.000 Z=10.000) RuntimeGrid:None EditorOnly:0 RuntimeOnly:0 HLODRelevant:1 ListedInSceneOutliner:1 IsMainWorldOnly:0
 |   |   |- [+] [ 17]
 |   |   |   |- Guid:5984ED204BCDAE9ED46A0E9331159B85 BaseClass: NativeClass:/Script/Engine.StaticMeshActor Name:StaticMeshActor_UAID_047C16CA691AD05302_2066712782 Label:SM_MarketStall_01 SpatiallyLoaded:1 Bounds:IsValid=true, Min=(X=978.146 Y=975.813 Z=10.000), Max=(X=1325.220 Y=1383.708 Z=398.838) RuntimeGrid:None EditorOnly:0 RuntimeOnly:0 HLODRelevant:1 ListedInSceneOutliner:1 IsMainWorldOnly:0
 |   |   |- [+] [ 18]
 |   |   |   |- Guid:5C4F5F9447F50E9D5BAC4B938559672F BaseClass: NativeClass:/Script/Engine.StaticMeshActor Name:StaticMeshActor_UAID_047C16CA691AD05302_1928621776 Label:SM_Table_02 SpatiallyLoaded:1 Bounds:IsValid=true, Min=(X=1231.447 Y=1059.494 Z=9.928), Max=(X=1328.763 Y=1300.708 Z=87.526) RuntimeGrid:None EditorOnly:0 RuntimeOnly:0 HLODRelevant:1 ListedInSceneOutliner:1 IsMainWorldOnly:0
 |   |   |- [+] [ 19]
 |   |   |   |- Guid:5E8810EA484DA3012D99DD86428E2652 BaseClass: NativeClass:/Script/Engine.StaticMeshActor Name:StaticMeshActor_UAID_047C16CA691ACF5302_1929596579 Label:SM_Hills2 SpatiallyLoaded:1 Bounds:IsValid=true, Min=(X=1680.000 Y=-80.000 Z=-0.000), Max=(X=2680.000 Y=920.000 Z=91.172) RuntimeGrid:None EditorOnly:0 RuntimeOnly:0 HLODRelevant:1 ListedInSceneOutliner:1 IsMainWorldOnly:0
 |   |   |- [+] [ 20]
 |   |   |   |- Guid:67122F0149A7E2BAB6A2FE8B3421A943 BaseClass: NativeClass:/Script/Engine.StaticMeshActor Name:StaticMeshActor_UAID_047C16CA691AD15302_1375323975 Label:SM_Crate_2 SpatiallyLoaded:1 Bounds:IsValid=true, Min=(X=-90.000 Y=1400.000 Z=10.000), Max=(X=10.000 Y=1500.000 Z=110.000) RuntimeGrid:None EditorOnly:0 RuntimeOnly:0 HLODRelevant:1 ListedInSceneOutliner:1 IsMainWorldOnly:0
 |   |   |- [+] [ 21]
 |   |   |   |- Guid:6854DEED403581D2169C9189422F85A4 BaseClass: NativeClass:/Script/Engine.StaticMeshActor Name:StaticMeshActor_UAID_047C16CA691AD05302_1764752771 Label:SM_Fence4 SpatiallyLoaded:1 Bounds:IsValid=true, Min=(X=903.543 Y=-679.505 Z=9.891), Max=(X=936.783 Y=-379.576 Z=162.897) RuntimeGrid:None EditorOnly:0 RuntimeOnly:0 HLODRelevant:1 ListedInSceneOutliner:1 IsMainWorldOnly:0
 |   |   |- [+] [ 22]
 |   |   |   |- Guid:68BF596B4BAFF1118109EB9921BA3585 BaseClass: NativeClass:/Script/Engine.StaticMeshActor Name:StaticMeshActor_UAID_047C16CA691ACF5302_1836116578 Label:SM_Hills3 SpatiallyLoaded:1 Bounds:IsValid=true, Min=(X=1363.784 Y=-1227.552 Z=-0.000), Max=(X=4496.216 Y=1627.552 Z=1357.796) RuntimeGrid:None EditorOnly:0 RuntimeOnly:0 HLODRelevant:1 ListedInSceneOutliner:1 IsMainWorldOnly:0
 |   |   |- [+] [ 23]
 |   |   |   |- Guid:6BAF4DDD444C60371492D3919DB42C97 BaseClass: NativeClass:/Script/Engine.WorldDataLayers Name:WorldDataLayers Label:WorldDataLayers SpatiallyLoaded:0 Bounds:IsValid=true, Min=(X=0.000 Y=0.000 Z=0.000), Max=(X=0.000 Y=0.000 Z=0.000) RuntimeGrid:None EditorOnly:0 RuntimeOnly:0 HLODRelevant:0 ListedInSceneOutliner:1 IsMainWorldOnly:1
 |   |   |- [+] [ 24]
 |   |   |   |- Guid:6D1ED12F49788C34726A4CAE9458D919 BaseClass: NativeClass:/Script/Engine.StaticMeshActor Name:StaticMeshActor_UAID_047C16CA691AD15302_1156997963 Label:SM_Box_01 SpatiallyLoaded:1 Bounds:IsValid=true, Min=(X=1325.624 Y=1006.887 Z=10.005), Max=(X=1394.095 Y=1093.216 Z=32.097) RuntimeGrid:None EditorOnly:0 RuntimeOnly:0 HLODRelevant:1 ListedInSceneOutliner:1 IsMainWorldOnly:0
 |   |   |- [+] [ 25]
 |   |   |   |- Guid:6DF61D284862974D089158950E23EDEB BaseClass: NativeClass:/Script/Engine.StaticMeshActor Name:StaticMeshActor_UAID_047C16CA691AD15302_1412238978 Label:SM_Crate_5 SpatiallyLoaded:1 Bounds:IsValid=true, Min=(X=-154.086 Y=1425.914 Z=110.000), Max=(X=-25.914 Y=1554.086 Z=210.000) RuntimeGrid:None EditorOnly:0 RuntimeOnly:0 HLODRelevant:1 ListedInSceneOutliner:1 IsMainWorldOnly:0
 |   |   |- [+] [ 26]
 |   |   |   |- Guid:6E5431D3435FA750AACE2AAB139CFD39 BaseClass: NativeClass:/Script/Engine.StaticMeshActor Name:StaticMeshActor_UAID_047C16CA691AD15302_1103585959 Label:SM_Food_Watermelon_Half SpatiallyLoaded:1 Bounds:IsValid=true, Min=(X=1253.424 Y=1189.480 Z=75.837), Max=(X=1290.358 Y=1220.202 Z=114.056) RuntimeGrid:None EditorOnly:0 RuntimeOnly:0 HLODRelevant:1 ListedInSceneOutliner:1 IsMainWorldOnly:0
 |   |   |- [+] [ 27]
 |   |   |   |- Guid:7473FA81473809B378D45EB5D62E944F BaseClass: NativeClass:/Script/Engine.StaticMeshActor Name:StaticMeshActor_UAID_047C16CA691AD05302_1748043769 Label:SM_Fence2 SpatiallyLoaded:1 Bounds:IsValid=true, Min=(X=903.543 Y=-139.505 Z=9.891), Max=(X=936.783 Y=160.424 Z=162.897) RuntimeGrid:None EditorOnly:0 RuntimeOnly:0 HLODRelevant:1 ListedInSceneOutliner:1 IsMainWorldOnly:0
 |   |   |- [+] [ 28]
 |   |   |   |- Guid:799AE01148DE5885D5811B8F6C5C0F16 BaseClass: NativeClass:/Script/Engine.StaticMeshActor Name:StaticMeshActor_UAID_047C16CA691AD15302_1384959976 Label:SM_Crate_3 SpatiallyLoaded:1 Bounds:IsValid=true, Min=(X=-228.301 Y=1391.699 Z=10.000), Max=(X=-91.699 Y=1528.301 Z=110.000) RuntimeGrid:None EditorOnly:0 RuntimeOnly:0 HLODRelevant:1 ListedInSceneOutliner:1 IsMainWorldOnly:0
 |   |   |- [+] [ 29]
 |   |   |   |- Guid:7AFBDD174ABD77FB65954180E50DAF5B BaseClass: NativeClass:/Script/Engine.StaticMeshActor Name:StaticMeshActor_UAID_047C16CA691ACF5302_2095002584 Label:SM_Fence SpatiallyLoaded:1 Bounds:IsValid=true, Min=(X=773.883 Y=103.095 Z=9.891), Max=(X=1067.093 Y=236.912 Z=162.897) RuntimeGrid:None EditorOnly:0 RuntimeOnly:0 HLODRelevant:1 ListedInSceneOutliner:1 IsMainWorldOnly:0
 |   |   |- [+] [ 30]
 |   |   |   |- Guid:7D7EDC37474F9432332585ACB8C51179 BaseClass: NativeClass:/Script/Engine.StaticMeshActor Name:StaticMeshActor_UAID_047C16CA691AD15302_1162843964 Label:SM_Food_Watermelon_Half2 SpatiallyLoaded:1 Bounds:IsValid=true, Min=(X=1341.156 Y=1038.770 Z=11.704), Max=(X=1381.095 Y=1079.047 Z=33.698) RuntimeGrid:None EditorOnly:0 RuntimeOnly:0 HLODRelevant:1 ListedInSceneOutliner:1 IsMainWorldOnly:0
 |   |   |- [+] [ 31]
 |   |   |   |- Guid:912464A54027DEBF0B50DC84B3505379 BaseClass: NativeClass:/Script/Engine.StaticMeshActor Name:StaticMeshActor_UAID_047C16CA691ACF5302_2089211583 Label:SM_Branch01 SpatiallyLoaded:1 Bounds:IsValid=true, Min=(X=1400.000 Y=4225.921 Z=3.880), Max=(X=1704.232 Y=4419.774 Z=51.373) RuntimeGrid:None EditorOnly:0 RuntimeOnly:0 HLODRelevant:1 ListedInSceneOutliner:1 IsMainWorldOnly:0
 |   |   |- [+] [ 32]
 |   |   |   |- Guid:929940BB452FBF379DB27294899662B6 BaseClass: NativeClass:/Script/Engine.StaticMeshActor Name:StaticMeshActor_UAID_047C16CA691AD15302_1257521968 Label:SM_MarketStall_02 SpatiallyLoaded:1 Bounds:IsValid=true, Min=(X=-398.009 Y=884.917 Z=10.000), Max=(X=86.665 Y=1393.650 Z=400.716) RuntimeGrid:None EditorOnly:0 RuntimeOnly:0 HLODRelevant:1 ListedInSceneOutliner:1 IsMainWorldOnly:0
 |   |   |- [+] [ 33]
 |   |   |   |- Guid:AA10FC72436A54BF4DE69AA68C6FB4DD BaseClass: NativeClass:/Script/Engine.StaticMeshActor Name:StaticMeshActor_UAID_047C16CA691AD05302_1942206778 Label:SM_Chalice_01 SpatiallyLoaded:1 Bounds:IsValid=true, Min=(X=1254.175 Y=1134.175 Z=90.000), Max=(X=1265.825 Y=1145.816 Z=114.633) RuntimeGrid:None EditorOnly:0 RuntimeOnly:0 HLODRelevant:1 ListedInSceneOutliner:1 IsMainWorldOnly:0
 |   |   |- [+] [ 34]
 |   |   |   |- Guid:AE07F2D44A87B1B1C2065690C7125DB1 BaseClass: NativeClass:/Script/Engine.StaticMeshActor Name:StaticMeshActor_UAID_047C16CA691ACF5302_2136114586 Label:small_low_poly_church SpatiallyLoaded:1 Bounds:IsValid=true, Min=(X=325.917 Y=1785.603 Z=10.000), Max=(X=1430.387 Y=3252.367 Z=1438.744) RuntimeGrid:None EditorOnly:0 RuntimeOnly:0 HLODRelevant:1 ListedInSceneOutliner:1 IsMainWorldOnly:0
 |   |   |- [+] [ 35]
 |   |   |   |- Guid:B785ED2844B84CFB91E7F39FE661CD99 BaseClass: NativeClass:/Script/Engine.DirectionalLight Name:DirectionalLight_0 Label:DirectionalLight SpatiallyLoaded:0 Bounds:IsValid=true, Min=(X=-1048576.000 Y=-1048576.000 Z=-1048576.000), Max=(X=1048576.000 Y=1048576.000 Z=1048576.000) RuntimeGrid:None EditorOnly:0 RuntimeOnly:0 HLODRelevant:0 ListedInSceneOutliner:1 IsMainWorldOnly:0 FolderPath:Lighting FolderGuid:963EC3EB4002CCE9759E2EBA541A873A
 |   |   |- [+] [ 36]
 |   |   |   |- Guid:BAA6C8E94727BA03FE708A90A4954631 BaseClass: NativeClass:/Script/Engine.StaticMeshActor Name:StaticMeshActor_UAID_047C16CA691AD05302_1521552763 Label:low_poly_simple_house SpatiallyLoaded:1 Bounds:IsValid=true, Min=(X=856.617 Y=98.145 Z=16.693), Max=(X=1653.828 Y=854.480 Z=422.013) RuntimeGrid:None EditorOnly:0 RuntimeOnly:0 HLODRelevant:1 ListedInSceneOutliner:1 IsMainWorldOnly:0
 |   |   |- [+] [ 37]
 |   |   |   |- Guid:C08096C14D4D25C99A7BECA4B1684BF1 BaseClass: NativeClass:/Script/Engine.StaticMeshActor Name:StaticMeshActor_UAID_047C16CA691AD15302_1353429974 Label:SM_Food_Pumpkin2 SpatiallyLoaded:1 Bounds:IsValid=true, Min=(X=-45.780 Y=1204.315 Z=82.465), Max=(X=5.799 Y=1255.903 Z=127.539) RuntimeGrid:None EditorOnly:0 RuntimeOnly:0 HLODRelevant:1 ListedInSceneOutliner:1 IsMainWorldOnly:0
 |   |   |- [+] [ 38]
 |   |   |   |- Guid:C11996F2477490BE82C530A17FD2313B BaseClass: NativeClass:/Script/Engine.StaticMeshActor Name:StaticMeshActor_UAID_047C16CA691AD05302_1624315767 Label:SM_Tree_Dead01 SpatiallyLoaded:1 Bounds:IsValid=true, Min=(X=1595.207 Y=4249.464 Z=9.461), Max=(X=1718.513 Y=4348.514 Z=371.237) RuntimeGrid:None EditorOnly:0 RuntimeOnly:0 HLODRelevant:1 ListedInSceneOutliner:1 IsMainWorldOnly:0
 |   |   |- [+] [ 39]
 |   |   |   |- Guid:C34FD72244D5A8C453DEFDA0DC384CE7 BaseClass: NativeClass:/Script/Engine.StaticMeshActor Name:StaticMeshActor_UAID_047C16CA691AD05302_1757131770 Label:SM_Fence3 SpatiallyLoaded:1 Bounds:IsValid=true, Min=(X=903.543 Y=-399.505 Z=9.891), Max=(X=936.783 Y=-99.576 Z=162.897) RuntimeGrid:None EditorOnly:0 RuntimeOnly:0 HLODRelevant:1 ListedInSceneOutliner:1 IsMainWorldOnly:0
 |   |   |- [+] [ 40]
 |   |   |   |- Guid:C65954EF4E4850DB03ACA99458519A3A BaseClass: NativeClass:/Script/Engine.StaticMeshActor Name:StaticMeshActor_UAID_047C16CA691AD05302_1566474765 Label:low_poly_simple_house3 SpatiallyLoaded:1 Bounds:IsValid=true, Min=(X=169.539 Y=-215.636 Z=16.693), Max=(X=873.573 Y=397.812 Z=422.013) RuntimeGrid:None EditorOnly:0 RuntimeOnly:0 HLODRelevant:1 ListedInSceneOutliner:1 IsMainWorldOnly:0
 |   |   |- [+] [ 41]
 |   |   |   |- Guid:C7B46AA44092906EE87C09866BEE48E7 BaseClass: NativeClass:/Script/Engine.StaticMeshActor Name:StaticMeshActor_UAID_047C16CA691AD05302_1548798764 Label:low_poly_simple_house2 SpatiallyLoaded:1 Bounds:IsValid=true, Min=(X=-661.855 Y=76.172 Z=16.693), Max=(X=94.480 Y=873.383 Z=422.013) RuntimeGrid:None EditorOnly:0 RuntimeOnly:0 HLODRelevant:1 ListedInSceneOutliner:1 IsMainWorldOnly:0
 |   |   |- [+] [ 42]
 |   |   |   |- Guid:CBCF970B4D2CBD73D4F4539BA7BDBDD1 BaseClass: NativeClass:/Script/Engine.StaticMeshActor Name:StaticMeshActor_UAID_047C16CA691AD15302_1217143965 Label:SM_Coin_01 SpatiallyLoaded:1 Bounds:IsValid=true, Min=(X=1275.048 Y=1115.049 Z=89.500), Max=(X=1285.018 Y=1125.004 Z=90.500) RuntimeGrid:None EditorOnly:0 RuntimeOnly:0 HLODRelevant:1 ListedInSceneOutliner:1 IsMainWorldOnly:0
 |   |   |- [+] [ 43]
 |   |   |   |- Guid:CCFF262C46EEFFDF319E7F9539CE697E BaseClass: NativeClass:/Script/Engine.SkyAtmosphere Name:SkyAtmosphere_0 Label:SkyAtmosphere SpatiallyLoaded:0 Bounds:IsValid=true, Min=(X=0.000 Y=0.000 Z=1020.000), Max=(X=0.000 Y=0.000 Z=1020.000) RuntimeGrid:None EditorOnly:0 RuntimeOnly:0 HLODRelevant:0 ListedInSceneOutliner:1 IsMainWorldOnly:0 FolderPath:Lighting FolderGuid:963EC3EB4002CCE9759E2EBA541A873A
 |   |   |- [+] [ 44]
 |   |   |   |- Guid:CF5BB6FE4CB91AB65504B19B7597EC4B BaseClass: NativeClass:/Script/Engine.StaticMeshActor Name:StaticMeshActor_UAID_047C16CA691AD05302_1657407768 Label:SM_Cart_01 SpatiallyLoaded:1 Bounds:IsValid=true, Min=(X=1335.422 Y=676.261 Z=-35.983), Max=(X=1688.582 Y=1007.507 Z=213.259) RuntimeGrid:None EditorOnly:0 RuntimeOnly:0 HLODRelevant:1 ListedInSceneOutliner:1 IsMainWorldOnly:0
 |   |   |- [+] [ 45]
 |   |   |   |- Guid:D14A3D6049BBBCBB34E86296BCB5FD39 BaseClass: NativeClass:/Script/Engine.StaticMeshActor Name:StaticMeshActor_UAID_047C16CA691AD05302_1961387780 Label:SM_Barrell_Closed_01 SpatiallyLoaded:1 Bounds:IsValid=true, Min=(X=-423.020 Y=136.980 Z=-45.800), Max=(X=-336.980 Y=223.020 Z=65.800) RuntimeGrid:None EditorOnly:0 RuntimeOnly:0 HLODRelevant:1 ListedInSceneOutliner:1 IsMainWorldOnly:0
 |   |   |- [+] [ 46]
 |   |   |   |- Guid:D64BF0214930D601DF66D4908C75A6F9 BaseClass: NativeClass:/Script/Engine.StaticMeshActor Name:StaticMeshActor_UAID_047C16CA691AD15302_1311894969 Label:SM_Table_3 SpatiallyLoaded:1 Bounds:IsValid=true, Min=(X=-127.105 Y=979.325 Z=9.928), Max=(X=67.526 Y=1300.945 Z=87.526) RuntimeGrid:None EditorOnly:0 RuntimeOnly:0 HLODRelevant:1 ListedInSceneOutliner:1 IsMainWorldOnly:0
 |   |   |- [+] [ 47]
 |   |   |   |- Guid:D908DB294BB5551767F41EBC7D019CE9 BaseClass: NativeClass:/Script/Engine.StaticMeshActor Name:StaticMeshActor_UAID_047C16CA691ACF5302_1717419575 Label:SM_Hills02 SpatiallyLoaded:1 Bounds:IsValid=true, Min=(X=2186.888 Y=47.359 Z=-0.000), Max=(X=3953.112 Y=4652.642 Z=1357.796) RuntimeGrid:None EditorOnly:0 RuntimeOnly:0 HLODRelevant:1 ListedInSceneOutliner:1 IsMainWorldOnly:0
 |   |   |- [+] [ 48]
 |   |   |   |- Guid:DAEA1A6E412064B81353DB9AE75ED0A0 BaseClass: NativeClass:/Script/Engine.StaticMeshActor Name:StaticMeshActor_UAID_047C16CA691ACF5302_2024186580 Label:SM_Stones02 SpatiallyLoaded:1 Bounds:IsValid=true, Min=(X=1804.605 Y=1678.851 Z=10.000), Max=(X=2256.562 Y=2142.292 Z=246.141) RuntimeGrid:None EditorOnly:0 RuntimeOnly:0 HLODRelevant:1 ListedInSceneOutliner:1 IsMainWorldOnly:0
 |   |   |- [+] [ 49]
 |   |   |   |- Guid:E3CA307A484A6CDA63606F9E8DA2C32B BaseClass: NativeClass:/Script/Engine.StaticMeshActor Name:StaticMeshActor_UAID_047C16CA691ACF5302_2036293581 Label:SM_Tree04 SpatiallyLoaded:1 Bounds:IsValid=true, Min=(X=2524.333 Y=2118.852 Z=518.489), Max=(X=2934.434 Y=2358.018 Z=1011.317) RuntimeGrid:None EditorOnly:0 RuntimeOnly:0 HLODRelevant:1 ListedInSceneOutliner:1 IsMainWorldOnly:0
 |   |   |- [+] [ 50]
 |   |   |   |- Guid:E64B00934BBEC67080922CBA92BEEC31 BaseClass: NativeClass:/Script/Engine.StaticMeshActor Name:StaticMeshActor_UAID_047C16CA691AD15302_1332646971 Label:SM_Food_Tomato2 SpatiallyLoaded:1 Bounds:IsValid=true, Min=(X=-89.185 Y=1060.951 Z=83.248), Max=(X=-70.833 Y=1078.994 Z=99.367) RuntimeGrid:None EditorOnly:0 RuntimeOnly:0 HLODRelevant:1 ListedInSceneOutliner:1 IsMainWorldOnly:0
 |   |   |- [+] [ 51]
 |   |   |   |- Guid:EB70DB1742065B46F0E6ABA6B503C185 BaseClass: NativeClass:/Script/Engine.StaticMeshActor Name:StaticMeshActor_UAID_047C16CA691AD15302_1134307960 Label:SM_Book_01 SpatiallyLoaded:1 Bounds:IsValid=true, Min=(X=1296.863 Y=1119.105 Z=88.150), Max=(X=1323.137 Y=1140.895 Z=92.000) RuntimeGrid:None EditorOnly:0 RuntimeOnly:0 HLODRelevant:1 ListedInSceneOutliner:1 IsMainWorldOnly:0
 |   |   |- [+] [ 52]
 |   |   |   |- Guid:EC4E0C944CE6AC6E784BC6BB2916EA13 BaseClass: NativeClass:/Script/Engine.StaticMeshActor Name:StaticMeshActor_UAID_A4AE111137DC5EFB00_1110535423 Label:SM_SkySphere SpatiallyLoaded:0 Bounds:IsValid=true, Min=(X=-1638400.000 Y=-1638400.000 Z=-1638400.000), Max=(X=1638400.000 Y=1638400.000 Z=1638400.000) RuntimeGrid:None EditorOnly:0 RuntimeOnly:0 HLODRelevant:0 ListedInSceneOutliner:1 IsMainWorldOnly:0 FolderPath:Lighting FolderGuid:963EC3EB4002CCE9759E2EBA541A873A
 |   |   |- [+] [ 53]
 |   |   |   |- Guid:EE5AF38B4324F87331A4BBBE2EAEE904 BaseClass: NativeClass:/Script/Engine.StaticMeshActor Name:StaticMeshActor_UAID_047C16CA691AD05302_1881428774 Label:SM_Food_Watermelon_Full2 SpatiallyLoaded:1 Bounds:IsValid=true, Min=(X=1545.664 Y=710.943 Z=22.240), Max=(X=1634.138 Y=789.192 Z=97.710) RuntimeGrid:None EditorOnly:0 RuntimeOnly:0 HLODRelevant:1 ListedInSceneOutliner:1 IsMainWorldOnly:0
 |   |   |- [+] [ 54]
 |   |   |   |- Guid:F1924B8D48954B30891B2DB6A694F9CC BaseClass: NativeClass:/Script/Engine.StaticMeshActor Name:StaticMeshActor_1 Label:SM_Cube SpatiallyLoaded:1 Bounds:IsValid=true, Min=(X=0.000 Y=0.000 Z=-50.000), Max=(X=3000.000 Y=3500.000 Z=0.000) RuntimeGrid:None EditorOnly:0 RuntimeOnly:0 HLODRelevant:1 ListedInSceneOutliner:1 IsMainWorldOnly:0 FolderPath:Playground FolderGuid:C73F09FC4215536B1DCE2A9E0A830C70
 |   |   |- [+] [ 55]
 |   |   |   |- Guid:F42D60CD444FC3C9412DA7AF8428F972 BaseClass: NativeClass:/Script/Engine.StaticMeshActor Name:StaticMeshActor_UAID_047C16CA691AD05302_1613263766 Label:SM_Stone02 SpatiallyLoaded:1 Bounds:IsValid=true, Min=(X=1795.279 Y=1077.468 Z=6.797), Max=(X=1876.180 Y=1163.528 Z=107.855) RuntimeGrid:None EditorOnly:0 RuntimeOnly:0 HLODRelevant:1 ListedInSceneOutliner:1 IsMainWorldOnly:0
 |   |   |- [+] [ 56]
 |   |   |   |- Guid:F5E3FEB3450C49844FD93DA8E083C8AD BaseClass: NativeClass:/Script/Engine.PostProcessVolume Name:PostProcessVolume_0 Label:PostProcessVolume SpatiallyLoaded:0 Bounds:IsValid=true, Min=(X=0.000 Y=0.000 Z=400.000), Max=(X=200.000 Y=200.000 Z=600.000) RuntimeGrid:None EditorOnly:0 RuntimeOnly:0 HLODRelevant:0 ListedInSceneOutliner:1 IsMainWorldOnly:0 FolderPath:Lighting FolderGuid:963EC3EB4002CCE9759E2EBA541A873A
 |   |   |- [+] [ 57]
 |   |   |   |- Guid:F8E07E0247C37F709F7A9DA36711EAA3 BaseClass: NativeClass:/Script/Engine.StaticMeshActor Name:StaticMeshActor_UAID_047C16CA691AD05302_1795728773 Label:SM_Food_Watermelon_Full SpatiallyLoaded:1 Bounds:IsValid=true, Min=(X=1601.660 Y=753.133 Z=22.240), Max=(X=1658.145 Y=826.727 Z=97.710) RuntimeGrid:None EditorOnly:0 RuntimeOnly:0 HLODRelevant:1 ListedInSceneOutliner:1 IsMainWorldOnly:0
 |- ContainerInstances:
 |- [+] MainContainer:
 |   |-        ID: 00000000000000000000000000000000
 |   |-  ParentID: 00000000000000000000000000000000
 |   |-    Bounds: IsValid=false, Min=(X=0.000 Y=0.000 Z=0.000), Max=(X=0.000 Y=0.000 Z=0.000)
 |   |- Transform: 0.000000,0.000000,0.000000|0.000000,0.000000,-0.000000|1.000000,1.000000,1.000000
 |   |- Container: /Game/ThirdPerson/Maps/ThirdPersonMap
----------------------------------------------------------------------------------------------------------------
ThirdPersonMap - Persistent Level
----------------------------------------------------------------------------------------------------------------
[+] Content of ThirdPersonMap Persistent Level
 |- Always loaded Actor Count: 58 
 |- Actor Path: /Game/ThirdPerson/Maps/ThirdPersonMap.ThirdPersonMap:PersistentLevel.DirectionalLight_0
 |- Actor Package: /Game/__ExternalActors__/ThirdPerson/Maps/ThirdPersonMap/5/R1/TS5OQ5CRUWFZYL1ZQ7I416
 |- Actor Path: /Game/ThirdPerson/Maps/ThirdPersonMap.ThirdPersonMap:PersistentLevel.ExponentialHeightFog_0
 |- Actor Package: /Game/__ExternalActors__/ThirdPerson/Maps/ThirdPersonMap/6/J7/N10XDC9G27EMLS5AGZ6AVV
 |- Actor Path: /Game/ThirdPerson/Maps/ThirdPersonMap.ThirdPersonMap:PersistentLevel.PlayerStart_0
 |- Actor Package: /Game/__ExternalActors__/ThirdPerson/Maps/ThirdPersonMap/D/DE/SWSI13675DVYIZ0N4NF7Y3
 |- Actor Path: /Game/ThirdPerson/Maps/ThirdPersonMap.ThirdPersonMap:PersistentLevel.PostProcessVolume_0
 |- Actor Package: /Game/__ExternalActors__/ThirdPerson/Maps/ThirdPersonMap/1/AZ/A7GPT109Y6ZTTJD4A7TXER
 |- Actor Path: /Game/ThirdPerson/Maps/ThirdPersonMap.ThirdPersonMap:PersistentLevel.SkyAtmosphere_0
 |- Actor Package: /Game/__ExternalActors__/ThirdPerson/Maps/ThirdPersonMap/4/LN/30UBDLYFFA5ZR7U4W4L4GG
 |- Actor Path: /Game/ThirdPerson/Maps/ThirdPersonMap.ThirdPersonMap:PersistentLevel.SkyLight_1
 |- Actor Package: /Game/__ExternalActors__/ThirdPerson/Maps/ThirdPersonMap/8/S1/DXUWD12MD3HRWVVXX076BY
 |- Actor Path: /Game/ThirdPerson/Maps/ThirdPersonMap.ThirdPersonMap:PersistentLevel.StaticMeshActor_1
 |- Actor Package: /Game/__ExternalActors__/ThirdPerson/Maps/ThirdPersonMap/6/YO/NG2R9BPZVA7ZDN0Z4VSTG6
 |- Actor Path: /Game/ThirdPerson/Maps/ThirdPersonMap.ThirdPersonMap:PersistentLevel.StaticMeshActor_UAID_047C16CA691ACF5302_1717419575
 |- Actor Package: /Game/__ExternalActors__/ThirdPerson/Maps/ThirdPersonMap/8/8D/53HM4TOR6RLLDYIYTJZ2U3
 |- Actor Path: /Game/ThirdPerson/Maps/ThirdPersonMap.ThirdPersonMap:PersistentLevel.StaticMeshActor_UAID_047C16CA691ACF5302_1721121576
 |- Actor Package: /Game/__ExternalActors__/ThirdPerson/Maps/ThirdPersonMap/6/F4/HTEN9Y3D0MO6R7QBHI8QH7
 |- Actor Path: /Game/ThirdPerson/Maps/ThirdPersonMap.ThirdPersonMap:PersistentLevel.StaticMeshActor_UAID_047C16CA691ACF5302_1729993577
 |- Actor Package: /Game/__ExternalActors__/ThirdPerson/Maps/ThirdPersonMap/E/7P/ODR90R7SLRELO1EUD05NEV
 |- Actor Path: /Game/ThirdPerson/Maps/ThirdPersonMap.ThirdPersonMap:PersistentLevel.StaticMeshActor_UAID_047C16CA691ACF5302_1836116578
 |- Actor Package: /Game/__ExternalActors__/ThirdPerson/Maps/ThirdPersonMap/2/HV/JB4I3SP3N993PMFGAMV2RH
 |- Actor Path: /Game/ThirdPerson/Maps/ThirdPersonMap.ThirdPersonMap:PersistentLevel.StaticMeshActor_UAID_047C16CA691ACF5302_1929596579
 |- Actor Package: /Game/__ExternalActors__/ThirdPerson/Maps/ThirdPersonMap/0/GD/T2H7K5V5ALSA13R27UHEFC
 |- Actor Path: /Game/ThirdPerson/Maps/ThirdPersonMap.ThirdPersonMap:PersistentLevel.StaticMeshActor_UAID_047C16CA691ACF5302_2024186580
 |- Actor Package: /Game/__ExternalActors__/ThirdPerson/Maps/ThirdPersonMap/D/MV/BU1P4JJQBSAJHG8RXSXLWU
 |- Actor Path: /Game/ThirdPerson/Maps/ThirdPersonMap.ThirdPersonMap:PersistentLevel.StaticMeshActor_UAID_047C16CA691ACF5302_2036293581
 |- Actor Package: /Game/__ExternalActors__/ThirdPerson/Maps/ThirdPersonMap/9/2L/QWDDYAMX3BW5TZO21SB44H
 |- Actor Path: /Game/ThirdPerson/Maps/ThirdPersonMap.ThirdPersonMap:PersistentLevel.StaticMeshActor_UAID_047C16CA691ACF5302_2083568582
 |- Actor Package: /Game/__ExternalActors__/ThirdPerson/Maps/ThirdPersonMap/E/S0/DFU51MOW08UZUOJRM119FV
 |- Actor Path: /Game/ThirdPerson/Maps/ThirdPersonMap.ThirdPersonMap:PersistentLevel.StaticMeshActor_UAID_047C16CA691ACF5302_2089211583
 |- Actor Package: /Game/__ExternalActors__/ThirdPerson/Maps/ThirdPersonMap/0/AW/CS87SD9CZLS64L71WDW4DO
 |- Actor Path: /Game/ThirdPerson/Maps/ThirdPersonMap.ThirdPersonMap:PersistentLevel.StaticMeshActor_UAID_047C16CA691ACF5302_2095002584
 |- Actor Package: /Game/__ExternalActors__/ThirdPerson/Maps/ThirdPersonMap/F/0X/RYSDMJHO6CUFMI4O3LECK8
 |- Actor Path: /Game/ThirdPerson/Maps/ThirdPersonMap.ThirdPersonMap:PersistentLevel.StaticMeshActor_UAID_047C16CA691ACF5302_2136114586
 |- Actor Package: /Game/__ExternalActors__/ThirdPerson/Maps/ThirdPersonMap/C/V4/1XNM26M8T54IDMV436USIR
 |- Actor Path: /Game/ThirdPerson/Maps/ThirdPersonMap.ThirdPersonMap:PersistentLevel.StaticMeshActor_UAID_047C16CA691AD05302_1521552763
 |- Actor Package: /Game/__ExternalActors__/ThirdPerson/Maps/ThirdPersonMap/8/3U/2CNT3P4HNT9FYWVSS3ED2M
 |- Actor Path: /Game/ThirdPerson/Maps/ThirdPersonMap.ThirdPersonMap:PersistentLevel.StaticMeshActor_UAID_047C16CA691AD05302_1548798764
 |- Actor Package: /Game/__ExternalActors__/ThirdPerson/Maps/ThirdPersonMap/7/ET/FGO5YE90EOXGMDA7GUGNWV
 |- Actor Path: /Game/ThirdPerson/Maps/ThirdPersonMap.ThirdPersonMap:PersistentLevel.StaticMeshActor_UAID_047C16CA691AD05302_1566474765
 |- Actor Package: /Game/__ExternalActors__/ThirdPerson/Maps/ThirdPersonMap/2/KV/AXO5PQYXR3KDE1DECW31EC
 |- Actor Path: /Game/ThirdPerson/Maps/ThirdPersonMap.ThirdPersonMap:PersistentLevel.StaticMeshActor_UAID_047C16CA691AD05302_1613263766
 |- Actor Package: /Game/__ExternalActors__/ThirdPerson/Maps/ThirdPersonMap/4/EE/DW3KYEDFZDW2FJ7XADMKDA
 |- Actor Path: /Game/ThirdPerson/Maps/ThirdPersonMap.ThirdPersonMap:PersistentLevel.StaticMeshActor_UAID_047C16CA691AD05302_1624315767
 |- Actor Package: /Game/__ExternalActors__/ThirdPerson/Maps/ThirdPersonMap/4/TV/7NI5VQ5U5QYPIGP3QK2BFU
 |- Actor Path: /Game/ThirdPerson/Maps/ThirdPersonMap.ThirdPersonMap:PersistentLevel.StaticMeshActor_UAID_047C16CA691AD05302_1657407768
 |- Actor Package: /Game/__ExternalActors__/ThirdPerson/Maps/ThirdPersonMap/E/7R/T128V1GZ11HZ9DGAW5HJ7X
 |- Actor Path: /Game/ThirdPerson/Maps/ThirdPersonMap.ThirdPersonMap:PersistentLevel.StaticMeshActor_UAID_047C16CA691AD05302_1748043769
 |- Actor Package: /Game/__ExternalActors__/ThirdPerson/Maps/ThirdPersonMap/2/27/IPNTWO4QG7KJMKZLQI3CE4
 |- Actor Path: /Game/ThirdPerson/Maps/ThirdPersonMap.ThirdPersonMap:PersistentLevel.StaticMeshActor_UAID_047C16CA691AD05302_1757131770
 |- Actor Package: /Game/__ExternalActors__/ThirdPerson/Maps/ThirdPersonMap/B/DU/CWYQJC9Q60UEEA5R63JLIA
 |- Actor Path: /Game/ThirdPerson/Maps/ThirdPersonMap.ThirdPersonMap:PersistentLevel.StaticMeshActor_UAID_047C16CA691AD05302_1764752771
 |- Actor Package: /Game/__ExternalActors__/ThirdPerson/Maps/ThirdPersonMap/A/GY/JU7FSBYRSXLGIUSXL4MMNP
 |- Actor Path: /Game/ThirdPerson/Maps/ThirdPersonMap.ThirdPersonMap:PersistentLevel.StaticMeshActor_UAID_047C16CA691AD05302_1795728773
 |- Actor Package: /Game/__ExternalActors__/ThirdPerson/Maps/ThirdPersonMap/C/K7/467K55PHDIZIKKVEBO9V71
 |- Actor Path: /Game/ThirdPerson/Maps/ThirdPersonMap.ThirdPersonMap:PersistentLevel.StaticMeshActor_UAID_047C16CA691AD05302_1881428774
 |- Actor Package: /Game/__ExternalActors__/ThirdPerson/Maps/ThirdPersonMap/0/ZU/EZ2RES0NEV4ETD9SQK8Z2W
 |- Actor Path: /Game/ThirdPerson/Maps/ThirdPersonMap.ThirdPersonMap:PersistentLevel.StaticMeshActor_UAID_047C16CA691AD05302_1896085775
 |- Actor Package: /Game/__ExternalActors__/ThirdPerson/Maps/ThirdPersonMap/0/20/XQZO2ARVB30BD56HVXT0SS
 |- Actor Path: /Game/ThirdPerson/Maps/ThirdPersonMap.ThirdPersonMap:PersistentLevel.StaticMeshActor_UAID_047C16CA691AD05302_1928621776
 |- Actor Package: /Game/__ExternalActors__/ThirdPerson/Maps/ThirdPersonMap/8/G9/UKNYN6GJO4G0TS7JU2U2V5
 |- Actor Path: /Game/ThirdPerson/Maps/ThirdPersonMap.ThirdPersonMap:PersistentLevel.StaticMeshActor_UAID_047C16CA691AD05302_1933321777
 |- Actor Package: /Game/__ExternalActors__/ThirdPerson/Maps/ThirdPersonMap/6/5U/JWL6D0WT2R9L4R999243VO
 |- Actor Path: /Game/ThirdPerson/Maps/ThirdPersonMap.ThirdPersonMap:PersistentLevel.StaticMeshActor_UAID_047C16CA691AD05302_1942206778
 |- Actor Package: /Game/__ExternalActors__/ThirdPerson/Maps/ThirdPersonMap/9/VR/SQSHXQRT16B8UXCZAWY72W
 |- Actor Path: /Game/ThirdPerson/Maps/ThirdPersonMap.ThirdPersonMap:PersistentLevel.StaticMeshActor_UAID_047C16CA691AD05302_1955292779
 |- Actor Package: /Game/__ExternalActors__/ThirdPerson/Maps/ThirdPersonMap/0/48/5CVO39HWPSF1OGXP0ZZQ67
 |- Actor Path: /Game/ThirdPerson/Maps/ThirdPersonMap.ThirdPersonMap:PersistentLevel.StaticMeshActor_UAID_047C16CA691AD05302_1961387780
 |- Actor Package: /Game/__ExternalActors__/ThirdPerson/Maps/ThirdPersonMap/F/13/7F1PG0OYGVMNI8ESB62CQC
 |- Actor Path: /Game/ThirdPerson/Maps/ThirdPersonMap.ThirdPersonMap:PersistentLevel.StaticMeshActor_UAID_047C16CA691AD05302_2056593781
 |- Actor Package: /Game/__ExternalActors__/ThirdPerson/Maps/ThirdPersonMap/6/QP/11KOPFGOSHSGGA9X2DMFSW
 |- Actor Path: /Game/ThirdPerson/Maps/ThirdPersonMap.ThirdPersonMap:PersistentLevel.StaticMeshActor_UAID_047C16CA691AD05302_2066712782
 |- Actor Package: /Game/__ExternalActors__/ThirdPerson/Maps/ThirdPersonMap/5/1F/CQPFX5GXLJ0G63K6GR219V
 |- Actor Path: /Game/ThirdPerson/Maps/ThirdPersonMap.ThirdPersonMap:PersistentLevel.StaticMeshActor_UAID_047C16CA691AD15302_1103585959
 |- Actor Package: /Game/__ExternalActors__/ThirdPerson/Maps/ThirdPersonMap/2/VJ/EJQVQWCT7TX5G657XILNUN
 |- Actor Path: /Game/ThirdPerson/Maps/ThirdPersonMap.ThirdPersonMap:PersistentLevel.StaticMeshActor_UAID_047C16CA691AD15302_1134307960
 |- Actor Package: /Game/__ExternalActors__/ThirdPerson/Maps/ThirdPersonMap/7/LT/93S3QCBGCUHPJC9OR2N513
 |- Actor Path: /Game/ThirdPerson/Maps/ThirdPersonMap.ThirdPersonMap:PersistentLevel.StaticMeshActor_UAID_047C16CA691AD15302_1156997963
 |- Actor Package: /Game/__ExternalActors__/ThirdPerson/Maps/ThirdPersonMap/4/1L/Y4DC5KLH6PPPJVX66C0XRV
 |- Actor Path: /Game/ThirdPerson/Maps/ThirdPersonMap.ThirdPersonMap:PersistentLevel.StaticMeshActor_UAID_047C16CA691AD15302_1162843964
 |- Actor Package: /Game/__ExternalActors__/ThirdPerson/Maps/ThirdPersonMap/D/P6/FGE5T85ZAXGO5UNXT7LRK3
 |- Actor Path: /Game/ThirdPerson/Maps/ThirdPersonMap.ThirdPersonMap:PersistentLevel.StaticMeshActor_UAID_047C16CA691AD15302_1217143965
 |- Actor Package: /Game/__ExternalActors__/ThirdPerson/Maps/ThirdPersonMap/5/WS/EQIABGN56YR1KD316AKRWQ
 |- Actor Path: /Game/ThirdPerson/Maps/ThirdPersonMap.ThirdPersonMap:PersistentLevel.StaticMeshActor_UAID_047C16CA691AD15302_1219327966
 |- Actor Package: /Game/__ExternalActors__/ThirdPerson/Maps/ThirdPersonMap/9/76/1CPABC0JRG8C3SGZ70GJCM
 |- Actor Path: /Game/ThirdPerson/Maps/ThirdPersonMap.ThirdPersonMap:PersistentLevel.StaticMeshActor_UAID_047C16CA691AD15302_1220230967
 |- Actor Package: /Game/__ExternalActors__/ThirdPerson/Maps/ThirdPersonMap/D/QD/J6XJZ93WE9TQ7ZJWZ0WUC2
 |- Actor Path: /Game/ThirdPerson/Maps/ThirdPersonMap.ThirdPersonMap:PersistentLevel.StaticMeshActor_UAID_047C16CA691AD15302_1257521968
 |- Actor Package: /Game/__ExternalActors__/ThirdPerson/Maps/ThirdPersonMap/4/R7/D08YFAVMMAKQ5UWTKLQUCJ
 |- Actor Path: /Game/ThirdPerson/Maps/ThirdPersonMap.ThirdPersonMap:PersistentLevel.StaticMeshActor_UAID_047C16CA691AD15302_1311894969
 |- Actor Package: /Game/__ExternalActors__/ThirdPerson/Maps/ThirdPersonMap/6/3M/K4D7L6SB9B2IQ6SHNJ2TU3
 |- Actor Path: /Game/ThirdPerson/Maps/ThirdPersonMap.ThirdPersonMap:PersistentLevel.StaticMeshActor_UAID_047C16CA691AD15302_1331610970
 |- Actor Package: /Game/__ExternalActors__/ThirdPerson/Maps/ThirdPersonMap/E/T2/5HVHBUUA3I0AO2T9A43H49
 |- Actor Path: /Game/ThirdPerson/Maps/ThirdPersonMap.ThirdPersonMap:PersistentLevel.StaticMeshActor_UAID_047C16CA691AD15302_1332646971
 |- Actor Package: /Game/__ExternalActors__/ThirdPerson/Maps/ThirdPersonMap/5/CS/YACFU18ASY7R6I2EYBWEIO
 |- Actor Path: /Game/ThirdPerson/Maps/ThirdPersonMap.ThirdPersonMap:PersistentLevel.StaticMeshActor_UAID_047C16CA691AD15302_1336089972
 |- Actor Package: /Game/__ExternalActors__/ThirdPerson/Maps/ThirdPersonMap/D/5A/Y9CC711S45EJ281X2G2OBB
 |- Actor Path: /Game/ThirdPerson/Maps/ThirdPersonMap.ThirdPersonMap:PersistentLevel.StaticMeshActor_UAID_047C16CA691AD15302_1341177973
 |- Actor Package: /Game/__ExternalActors__/ThirdPerson/Maps/ThirdPersonMap/7/RU/QALQ1QP5S2KK9N7AGZJO4I
 |- Actor Path: /Game/ThirdPerson/Maps/ThirdPersonMap.ThirdPersonMap:PersistentLevel.StaticMeshActor_UAID_047C16CA691AD15302_1353429974
 |- Actor Package: /Game/__ExternalActors__/ThirdPerson/Maps/ThirdPersonMap/0/TM/XV4MWS50KHXEEM11M5W7R3
 |- Actor Path: /Game/ThirdPerson/Maps/ThirdPersonMap.ThirdPersonMap:PersistentLevel.StaticMeshActor_UAID_047C16CA691AD15302_1375323975
 |- Actor Package: /Game/__ExternalActors__/ThirdPerson/Maps/ThirdPersonMap/5/SL/3M0NO03BGMN3V8H6PI6AKD
 |- Actor Path: /Game/ThirdPerson/Maps/ThirdPersonMap.ThirdPersonMap:PersistentLevel.StaticMeshActor_UAID_047C16CA691AD15302_1384959976
 |- Actor Package: /Game/__ExternalActors__/ThirdPerson/Maps/ThirdPersonMap/D/6O/1E8BIWHWE3X0HF5YA0HSBA
 |- Actor Path: /Game/ThirdPerson/Maps/ThirdPersonMap.ThirdPersonMap:PersistentLevel.StaticMeshActor_UAID_047C16CA691AD15302_1395542977
 |- Actor Package: /Game/__ExternalActors__/ThirdPerson/Maps/ThirdPersonMap/0/ZA/FFDR7HSCDWJT06YNI61BG4
 |- Actor Path: /Game/ThirdPerson/Maps/ThirdPersonMap.ThirdPersonMap:PersistentLevel.StaticMeshActor_UAID_047C16CA691AD15302_1412238978
 |- Actor Package: /Game/__ExternalActors__/ThirdPerson/Maps/ThirdPersonMap/4/6O/TK9PLWJM7128IDGBXD6MEM
 |- Actor Path: /Game/ThirdPerson/Maps/ThirdPersonMap.ThirdPersonMap:PersistentLevel.StaticMeshActor_UAID_A4AE111137DC5EFB00_1110535423
 |- Actor Package: /Game/__ExternalActors__/ThirdPerson/Maps/ThirdPersonMap/4/PN/2QISIGK5DJNQ05US8O8FXW
 |- Actor Path: /Game/ThirdPerson/Maps/ThirdPersonMap.ThirdPersonMap:PersistentLevel.VolumetricCloud_0
 |- Actor Package: /Game/__ExternalActors__/ThirdPerson/Maps/ThirdPersonMap/3/EY/87SHEJN5UBEAN2K5OV1G6R
 |- Actor Path: /Game/ThirdPerson/Maps/ThirdPersonMap.ThirdPersonMap:PersistentLevel.WorldDataLayers
 |- Actor Package: /Game/__ExternalActors__/ThirdPerson/Maps/ThirdPersonMap/0/43/HYQWORMY4JDQ5X3OKZXFLC

----------------------------------------------------------------------------------------------------------------
ThirdPersonMap - Runtime Hash Set
----------------------------------------------------------------------------------------------------------------

