[+] Containers:
 |- [+] Container: /Game/ThirdPerson/Maps/ThirdPersonMap
 |   |- [+] ActorDescs:
 |   |   |- Guid:022E0FEA4B9669FDC561FC98F3B74EA9 BaseClass: NativeClass:/Script/Engine.StaticMeshActor Name:StaticMeshActor_UAID_047C16CA691A475802_1268807919 Label:SM_Mountain01 SpatiallyLoaded:1 Bounds:IsValid=true, Min=(X=-39417.265 Y=-63110.558 Z=-4055.153), Max=(X=-11604.750 Y=68764.500 Z=18044.567) RuntimeGrid:None EditorOnly:0 RuntimeOnly:0 HLODRelevant:1 ListedInSceneOutliner:1 IsMainWorldOnly:0 FolderPath:Cenario FolderGuid:0531F1A843307BDEEA604A83DF2063F6
 |   |   |- Guid:0ADD66B341E050E866F3BE8F8C0C926A BaseClass: NativeClass:/Script/Engine.StaticMeshActor Name:StaticMeshActor_UAID_047C16CA691AD15302_1535592988 Label:SM_Fence5 SpatiallyLoaded:1 Bounds:IsValid=true, Min=(X=230.495 Y=2403.217 Z=9.891), Max=(X=530.424 Y=2436.457 Z=162.897) RuntimeGrid:None EditorOnly:0 RuntimeOnly:0 HLODRelevant:1 ListedInSceneOutliner:1 IsMainWorldOnly:0
 |   |   |- Guid:2FB58999456391D349DC0F86DAC136ED BaseClass: NativeClass:/Script/Engine.SkyLight Name:SkyLight_1 Label:SkyLight SpatiallyLoaded:0 Bounds:IsValid=true, Min=(X=0.000 Y=0.000 Z=690.000), Max=(X=0.000 Y=0.000 Z=690.000) RuntimeGrid:None EditorOnly:0 RuntimeOnly:0 HLODRelevant:0 ListedInSceneOutliner:1 IsMainWorldOnly:0 FolderPath:Lighting FolderGuid:963EC3EB4002CCE9759E2EBA541A873A
 |   |   |- Guid:316CF2A6494ACA4C0E4180A87D36AB8F BaseClass: NativeClass:/Script/Engine.ExponentialHeightFog Name:ExponentialHeightFog_0 Label:ExponentialHeightFog SpatiallyLoaded:0 Bounds:IsValid=true, Min=(X=-5600.000 Y=-50.000 Z=-6850.000), Max=(X=-5600.000 Y=-50.000 Z=-6850.000) RuntimeGrid:None EditorOnly:0 RuntimeOnly:0 HLODRelevant:0 ListedInSceneOutliner:1 IsMainWorldOnly:0 FolderPath:Lighting FolderGuid:963EC3EB4002CCE9759E2EBA541A873A
 |   |   |- Guid:32AFBF65412D8E2BA6D66D9E471885FF BaseClass: NativeClass:/Script/Engine.StaticMeshActor Name:StaticMeshActor_UAID_047C16CA691A495802_1941679276 Label:goose_low_poly SpatiallyLoaded:1 Bounds:IsValid=true, Min=(X=1097.887 Y=2159.370 Z=13.850), Max=(X=1144.113 Y=2257.991 Z=143.455) RuntimeGrid:None EditorOnly:0 RuntimeOnly:0 HLODRelevant:1 ListedInSceneOutliner:1 IsMainWorldOnly:0
 |   |   |- Guid:3A00AA1C422CE54C0BDB60BAF471BFBB BaseClass: NativeClass:/Script/Engine.PlayerStart Name:PlayerStart_0 Label:PlayerStart SpatiallyLoaded:0 Bounds:IsValid=true, Min=(X=-40.000 Y=-40.000 Z=14.000), Max=(X=40.000 Y=40.000 Z=198.000) RuntimeGrid:None EditorOnly:0 RuntimeOnly:0 HLODRelevant:0 ListedInSceneOutliner:1 IsMainWorldOnly:0
 |   |   |- Guid:4D3BE93F4146AAAC8BBE79999D96D57F BaseClass: NativeClass:/Script/Engine.VolumetricCloud Name:VolumetricCloud_0 Label:VolumetricCloud SpatiallyLoaded:0 Bounds:IsValid=true, Min=(X=0.000 Y=0.000 Z=820.000), Max=(X=0.000 Y=0.000 Z=820.000) RuntimeGrid:None EditorOnly:0 RuntimeOnly:0 HLODRelevant:0 ListedInSceneOutliner:1 IsMainWorldOnly:0 FolderPath:Lighting FolderGuid:963EC3EB4002CCE9759E2EBA541A873A
 |   |   |- Guid:4F9BBFA742E91F767611AB9895A63705 BaseClass: NativeClass:/Script/Engine.StaticMeshActor Name:StaticMeshActor_UAID_047C16CA691A485802_2099527098 Label:SM_Mountain3 SpatiallyLoaded:1 Bounds:IsValid=true, Min=(X=-6285.805 Y=-99575.408 Z=-890.313), Max=(X=70383.769 Y=64877.343 Z=44394.381) RuntimeGrid:None EditorOnly:0 RuntimeOnly:0 HLODRelevant:1 ListedInSceneOutliner:1 IsMainWorldOnly:0 FolderPath:Cenario FolderGuid:0531F1A843307BDEEA604A83DF2063F6
 |   |   |- Guid:56F3399B47E7C3D2B8FFCA95B1C5E6C6 BaseClass:/Game/MinhasBluePrints/BP_Veneno.BP_Veneno_C NativeClass:/Script/Engine.Actor Name:BP_Veneno_C_UAID_047C16CA691A545502_1366475041 Label:BP_Veneno SpatiallyLoaded:1 Bounds:IsValid=true, Min=(X=408.000 Y=1039.000 Z=57.000), Max=(X=452.000 Y=1061.000 Z=123.000) RuntimeGrid:None EditorOnly:0 RuntimeOnly:0 HLODRelevant:0 ListedInSceneOutliner:1 IsMainWorldOnly:0
 |   |   |- Guid:597F99174C3497C204EFF5AFAC2411C4 BaseClass:/Game/MinhasBluePrints/BP_Door.BP_Door_C NativeClass:/Script/Engine.Actor Name:BP_Porta_C_UAID_04BF1B869F79F85602_1794922959 Label:BP_Porta SpatiallyLoaded:1 Bounds:IsValid=true, Min=(X=260.976 Y=1281.413 Z=8.000), Max=(X=559.024 Y=1598.587 Z=232.000) RuntimeGrid:None EditorOnly:0 RuntimeOnly:0 HLODRelevant:0 ListedInSceneOutliner:1 IsMainWorldOnly:0
 |   |   |- Guid:5984ED204BCDAE9ED46A0E9331159B85 BaseClass: NativeClass:/Script/Engine.StaticMeshActor Name:StaticMeshActor_UAID_047C16CA691AD05302_2066712782 Label:SM_MarketStall_01 SpatiallyLoaded:1 Bounds:IsValid=true, Min=(X=978.146 Y=975.813 Z=10.000), Max=(X=1325.220 Y=1383.708 Z=398.838) RuntimeGrid:None EditorOnly:0 RuntimeOnly:0 HLODRelevant:1 ListedInSceneOutliner:1 IsMainWorldOnly:0
 |   |   |- Guid:6176FE884409E2A73A403E83DDD9906D BaseClass: NativeClass:/Script/Engine.StaticMeshActor Name:StaticMeshActor_UAID_047C16CA691AD15302_1978468014 Label:SM_Stairs_01 SpatiallyLoaded:1 Bounds:IsValid=true, Min=(X=227.235 Y=2178.146 Z=7.025), Max=(X=412.961 Y=2314.134 Z=435.670) RuntimeGrid:None EditorOnly:0 RuntimeOnly:0 HLODRelevant:1 ListedInSceneOutliner:1 IsMainWorldOnly:0
 |   |   |- Guid:6854DEED403581D2169C9189422F85A4 BaseClass: NativeClass:/Script/Engine.StaticMeshActor Name:StaticMeshActor_UAID_047C16CA691AD05302_1764752771 Label:SM_Fence4 SpatiallyLoaded:1 Bounds:IsValid=true, Min=(X=903.543 Y=-679.505 Z=9.891), Max=(X=936.783 Y=-379.576 Z=162.897) RuntimeGrid:None EditorOnly:0 RuntimeOnly:0 HLODRelevant:1 ListedInSceneOutliner:1 IsMainWorldOnly:0
 |   |   |- Guid:6BAF4DDD444C60371492D3919DB42C97 BaseClass: NativeClass:/Script/Engine.WorldDataLayers Name:WorldDataLayers Label:WorldDataLayers SpatiallyLoaded:0 Bounds:IsValid=true, Min=(X=0.000 Y=0.000 Z=0.000), Max=(X=0.000 Y=0.000 Z=0.000) RuntimeGrid:None EditorOnly:0 RuntimeOnly:0 HLODRelevant:0 ListedInSceneOutliner:1 IsMainWorldOnly:1
 |   |   |- Guid:7473FA81473809B378D45EB5D62E944F BaseClass: NativeClass:/Script/Engine.StaticMeshActor Name:StaticMeshActor_UAID_047C16CA691AD05302_1748043769 Label:SM_Fence2 SpatiallyLoaded:1 Bounds:IsValid=true, Min=(X=903.543 Y=-139.505 Z=9.891), Max=(X=936.783 Y=160.424 Z=162.897) RuntimeGrid:None EditorOnly:0 RuntimeOnly:0 HLODRelevant:1 ListedInSceneOutliner:1 IsMainWorldOnly:0
 |   |   |- Guid:7AFBDD174ABD77FB65954180E50DAF5B BaseClass: NativeClass:/Script/Engine.StaticMeshActor Name:StaticMeshActor_UAID_047C16CA691ACF5302_2095002584 Label:SM_Fence SpatiallyLoaded:1 Bounds:IsValid=true, Min=(X=773.883 Y=103.095 Z=9.891), Max=(X=1067.093 Y=236.912 Z=162.897) RuntimeGrid:None EditorOnly:0 RuntimeOnly:0 HLODRelevant:1 ListedInSceneOutliner:1 IsMainWorldOnly:0
 |   |   |- Guid:7DBC34A14B5F1C7B13A4E4B8715CC67C BaseClass: NativeClass:/Script/Engine.StaticMeshActor Name:StaticMeshActor_UAID_047C16CA691AD15302_1543600990 Label:SM_Fence7 SpatiallyLoaded:1 Bounds:IsValid=true, Min=(X=-349.505 Y=2403.217 Z=9.891), Max=(X=-49.576 Y=2436.457 Z=162.897) RuntimeGrid:None EditorOnly:0 RuntimeOnly:0 HLODRelevant:1 ListedInSceneOutliner:1 IsMainWorldOnly:0
 |   |   |- Guid:84CAC86745E6855388F8428317AEBC29 BaseClass: NativeClass:/Script/Engine.StaticMeshActor Name:StaticMeshActor_UAID_047C16CA691A495802_2052599277 Label:goose_low_poly2 SpatiallyLoaded:1 Bounds:IsValid=true, Min=(X=-7825.252 Y=19499.155 Z=-32238.852), Max=(X=7583.253 Y=52372.514 Z=10962.816) RuntimeGrid:None EditorOnly:0 RuntimeOnly:0 HLODRelevant:1 ListedInSceneOutliner:1 IsMainWorldOnly:0
 |   |   |- Guid:900E87364A36C7DAC6FB0D892FBD3643 BaseClass: NativeClass:/Script/Engine.StaticMeshActor Name:StaticMeshActor_UAID_047C16CA691AD15302_1546568991 Label:SM_Fence8 SpatiallyLoaded:1 Bounds:IsValid=true, Min=(X=-639.505 Y=2403.217 Z=9.891), Max=(X=-339.576 Y=2436.457 Z=162.897) RuntimeGrid:None EditorOnly:0 RuntimeOnly:0 HLODRelevant:1 ListedInSceneOutliner:1 IsMainWorldOnly:0
 |   |   |- Guid:91517FA7430A0B37D8E5C1901B7DB2F0 BaseClass:/Game/MinhasBluePrints/BP_Vida.BP_Vida_C NativeClass:/Script/Engine.Actor Name:BP_Vida_C_UAID_047C16CA691A535502_2097330863 Label:BP_Vida SpatiallyLoaded:1 Bounds:IsValid=true, Min=(X=488.000 Y=978.000 Z=78.000), Max=(X=552.000 Y=1042.000 Z=142.000) RuntimeGrid:None EditorOnly:0 RuntimeOnly:0 HLODRelevant:0 ListedInSceneOutliner:1 IsMainWorldOnly:0
 |   |   |- Guid:A34FB9E3486A2F9AA769FEBF16439385 BaseClass: NativeClass:/Script/Engine.StaticMeshActor Name:StaticMeshActor_UAID_047C16CA691AD15302_1540770989 Label:SM_Fence6 SpatiallyLoaded:1 Bounds:IsValid=true, Min=(X=-59.505 Y=2403.217 Z=9.891), Max=(X=240.424 Y=2436.457 Z=162.897) RuntimeGrid:None EditorOnly:0 RuntimeOnly:0 HLODRelevant:1 ListedInSceneOutliner:1 IsMainWorldOnly:0
 |   |   |- Guid:A6839A67473445B9429718939C2CCBC1 BaseClass: NativeClass:/Script/Landscape.Landscape Name:Landscape_UAID_047C16CA691A475802_1813730920 Label:Landscape3 SpatiallyLoaded:0 Bounds:IsValid=true, Min=(X=-19823.000 Y=-23290.000 Z=-50.250), Max=(X=24277.000 Y=20810.000 Z=6478.875) RuntimeGrid:None EditorOnly:0 RuntimeOnly:0 HLODRelevant:0 ListedInSceneOutliner:1 IsMainWorldOnly:0 FolderPath:Cenario FolderGuid:0531F1A843307BDEEA604A83DF2063F6
 |   |   |- Guid:AE07F2D44A87B1B1C2065690C7125DB1 BaseClass: NativeClass:/Script/Engine.StaticMeshActor Name:StaticMeshActor_UAID_047C16CA691ACF5302_2136114586 Label:small_low_poly_church SpatiallyLoaded:1 Bounds:IsValid=true, Min=(X=1133.482 Y=3902.201 Z=10.000), Max=(X=2049.614 Y=5310.038 Z=1438.744) RuntimeGrid:None EditorOnly:0 RuntimeOnly:0 HLODRelevant:1 ListedInSceneOutliner:1 IsMainWorldOnly:0
 |   |   |- Guid:B785ED2844B84CFB91E7F39FE661CD99 BaseClass: NativeClass:/Script/Engine.DirectionalLight Name:DirectionalLight_0 Label:DirectionalLight SpatiallyLoaded:0 Bounds:IsValid=true, Min=(X=-1048576.000 Y=-1048576.000 Z=-1048576.000), Max=(X=1048576.000 Y=1048576.000 Z=1048576.000) RuntimeGrid:None EditorOnly:0 RuntimeOnly:0 HLODRelevant:0 ListedInSceneOutliner:1 IsMainWorldOnly:0 FolderPath:Lighting FolderGuid:963EC3EB4002CCE9759E2EBA541A873A
 |   |   |- Guid:BAA6C8E94727BA03FE708A90A4954631 BaseClass: NativeClass:/Script/Engine.StaticMeshActor Name:StaticMeshActor_UAID_047C16CA691AD05302_1521552763 Label:low_poly_simple_house SpatiallyLoaded:1 Bounds:IsValid=true, Min=(X=856.617 Y=98.145 Z=16.693), Max=(X=1653.828 Y=854.480 Z=422.013) RuntimeGrid:None EditorOnly:0 RuntimeOnly:0 HLODRelevant:1 ListedInSceneOutliner:1 IsMainWorldOnly:0
 |   |   |- Guid:C34FD72244D5A8C453DEFDA0DC384CE7 BaseClass: NativeClass:/Script/Engine.StaticMeshActor Name:StaticMeshActor_UAID_047C16CA691AD05302_1757131770 Label:SM_Fence3 SpatiallyLoaded:1 Bounds:IsValid=true, Min=(X=903.543 Y=-399.505 Z=9.891), Max=(X=936.783 Y=-99.576 Z=162.897) RuntimeGrid:None EditorOnly:0 RuntimeOnly:0 HLODRelevant:1 ListedInSceneOutliner:1 IsMainWorldOnly:0
 |   |   |- Guid:C65954EF4E4850DB03ACA99458519A3A BaseClass: NativeClass:/Script/Engine.StaticMeshActor Name:StaticMeshActor_UAID_047C16CA691AD05302_1566474765 Label:low_poly_simple_house3 SpatiallyLoaded:1 Bounds:IsValid=true, Min=(X=169.539 Y=-215.636 Z=16.693), Max=(X=873.573 Y=397.812 Z=422.013) RuntimeGrid:None EditorOnly:0 RuntimeOnly:0 HLODRelevant:1 ListedInSceneOutliner:1 IsMainWorldOnly:0
 |   |   |- Guid:C7B46AA44092906EE87C09866BEE48E7 BaseClass: NativeClass:/Script/Engine.StaticMeshActor Name:StaticMeshActor_UAID_047C16CA691AD05302_1548798764 Label:low_poly_simple_house2 SpatiallyLoaded:1 Bounds:IsValid=true, Min=(X=-661.855 Y=76.172 Z=16.693), Max=(X=94.480 Y=873.383 Z=422.013) RuntimeGrid:None EditorOnly:0 RuntimeOnly:0 HLODRelevant:1 ListedInSceneOutliner:1 IsMainWorldOnly:0
 |   |   |- Guid:CCFF262C46EEFFDF319E7F9539CE697E BaseClass: NativeClass:/Script/Engine.SkyAtmosphere Name:SkyAtmosphere_0 Label:SkyAtmosphere SpatiallyLoaded:0 Bounds:IsValid=true, Min=(X=0.000 Y=0.000 Z=1020.000), Max=(X=0.000 Y=0.000 Z=1020.000) RuntimeGrid:None EditorOnly:0 RuntimeOnly:0 HLODRelevant:0 ListedInSceneOutliner:1 IsMainWorldOnly:0 FolderPath:Lighting FolderGuid:963EC3EB4002CCE9759E2EBA541A873A
 |   |   |- Guid:DAEA1A6E412064B81353DB9AE75ED0A0 BaseClass: NativeClass:/Script/Engine.StaticMeshActor Name:StaticMeshActor_UAID_047C16CA691ACF5302_2024186580 Label:SM_Stones02 SpatiallyLoaded:1 Bounds:IsValid=true, Min=(X=1804.605 Y=1678.851 Z=10.000), Max=(X=2256.562 Y=2142.292 Z=246.141) RuntimeGrid:None EditorOnly:0 RuntimeOnly:0 HLODRelevant:1 ListedInSceneOutliner:1 IsMainWorldOnly:0
 |   |   |- Guid:E138BAF34D1671B7EEEB17A46221C8F6 BaseClass: NativeClass:/Script/Engine.StaticMeshActor Name:StaticMeshActor_UAID_047C16CA691A485802_2055333097 Label:SM_Mountain2 SpatiallyLoaded:1 Bounds:IsValid=true, Min=(X=-70927.439 Y=-69667.806 Z=-2764.141), Max=(X=66675.392 Y=13023.846 Z=17559.709) RuntimeGrid:None EditorOnly:0 RuntimeOnly:0 HLODRelevant:1 ListedInSceneOutliner:1 IsMainWorldOnly:0 FolderPath:Cenario FolderGuid:0531F1A843307BDEEA604A83DF2063F6
 |   |   |- Guid:EC4E0C944CE6AC6E784BC6BB2916EA13 BaseClass: NativeClass:/Script/Engine.StaticMeshActor Name:StaticMeshActor_UAID_A4AE111137DC5EFB00_1110535423 Label:SM_SkySphere SpatiallyLoaded:0 Bounds:IsValid=true, Min=(X=-1638400.000 Y=-1638400.000 Z=-1638400.000), Max=(X=1638400.000 Y=1638400.000 Z=1638400.000) RuntimeGrid:None EditorOnly:0 RuntimeOnly:0 HLODRelevant:0 ListedInSceneOutliner:1 IsMainWorldOnly:0 FolderPath:Lighting FolderGuid:963EC3EB4002CCE9759E2EBA541A873A
 |   |   |- Guid:F5E3FEB3450C49844FD93DA8E083C8AD BaseClass: NativeClass:/Script/Engine.PostProcessVolume Name:PostProcessVolume_0 Label:PostProcessVolume SpatiallyLoaded:0 Bounds:IsValid=true, Min=(X=0.000 Y=0.000 Z=400.000), Max=(X=200.000 Y=200.000 Z=600.000) RuntimeGrid:None EditorOnly:0 RuntimeOnly:0 HLODRelevant:0 ListedInSceneOutliner:1 IsMainWorldOnly:0 FolderPath:Lighting FolderGuid:963EC3EB4002CCE9759E2EBA541A873A
 |   |- [+] Clusters:
 |   |   |- [+] [  0]
 |   |   |   |- Guid:022E0FEA4B9669FDC561FC98F3B74EA9 BaseClass: NativeClass:/Script/Engine.StaticMeshActor Name:StaticMeshActor_UAID_047C16CA691A475802_1268807919 Label:SM_Mountain01 SpatiallyLoaded:1 Bounds:IsValid=true, Min=(X=-39417.265 Y=-63110.558 Z=-4055.153), Max=(X=-11604.750 Y=68764.500 Z=18044.567) RuntimeGrid:None EditorOnly:0 RuntimeOnly:0 HLODRelevant:1 ListedInSceneOutliner:1 IsMainWorldOnly:0 FolderPath:Cenario FolderGuid:0531F1A843307BDEEA604A83DF2063F6
 |   |   |- [+] [  1]
 |   |   |   |- Guid:0ADD66B341E050E866F3BE8F8C0C926A BaseClass: NativeClass:/Script/Engine.StaticMeshActor Name:StaticMeshActor_UAID_047C16CA691AD15302_1535592988 Label:SM_Fence5 SpatiallyLoaded:1 Bounds:IsValid=true, Min=(X=230.495 Y=2403.217 Z=9.891), Max=(X=530.424 Y=2436.457 Z=162.897) RuntimeGrid:None EditorOnly:0 RuntimeOnly:0 HLODRelevant:1 ListedInSceneOutliner:1 IsMainWorldOnly:0
 |   |   |- [+] [  2]
 |   |   |   |- Guid:2FB58999456391D349DC0F86DAC136ED BaseClass: NativeClass:/Script/Engine.SkyLight Name:SkyLight_1 Label:SkyLight SpatiallyLoaded:0 Bounds:IsValid=true, Min=(X=0.000 Y=0.000 Z=690.000), Max=(X=0.000 Y=0.000 Z=690.000) RuntimeGrid:None EditorOnly:0 RuntimeOnly:0 HLODRelevant:0 ListedInSceneOutliner:1 IsMainWorldOnly:0 FolderPath:Lighting FolderGuid:963EC3EB4002CCE9759E2EBA541A873A
 |   |   |- [+] [  3]
 |   |   |   |- Guid:316CF2A6494ACA4C0E4180A87D36AB8F BaseClass: NativeClass:/Script/Engine.ExponentialHeightFog Name:ExponentialHeightFog_0 Label:ExponentialHeightFog SpatiallyLoaded:0 Bounds:IsValid=true, Min=(X=-5600.000 Y=-50.000 Z=-6850.000), Max=(X=-5600.000 Y=-50.000 Z=-6850.000) RuntimeGrid:None EditorOnly:0 RuntimeOnly:0 HLODRelevant:0 ListedInSceneOutliner:1 IsMainWorldOnly:0 FolderPath:Lighting FolderGuid:963EC3EB4002CCE9759E2EBA541A873A
 |   |   |- [+] [  4]
 |   |   |   |- Guid:32AFBF65412D8E2BA6D66D9E471885FF BaseClass: NativeClass:/Script/Engine.StaticMeshActor Name:StaticMeshActor_UAID_047C16CA691A495802_1941679276 Label:goose_low_poly SpatiallyLoaded:1 Bounds:IsValid=true, Min=(X=1097.887 Y=2159.370 Z=13.850), Max=(X=1144.113 Y=2257.991 Z=143.455) RuntimeGrid:None EditorOnly:0 RuntimeOnly:0 HLODRelevant:1 ListedInSceneOutliner:1 IsMainWorldOnly:0
 |   |   |- [+] [  5]
 |   |   |   |- Guid:3A00AA1C422CE54C0BDB60BAF471BFBB BaseClass: NativeClass:/Script/Engine.PlayerStart Name:PlayerStart_0 Label:PlayerStart SpatiallyLoaded:0 Bounds:IsValid=true, Min=(X=-40.000 Y=-40.000 Z=14.000), Max=(X=40.000 Y=40.000 Z=198.000) RuntimeGrid:None EditorOnly:0 RuntimeOnly:0 HLODRelevant:0 ListedInSceneOutliner:1 IsMainWorldOnly:0
 |   |   |- [+] [  6]
 |   |   |   |- Guid:4D3BE93F4146AAAC8BBE79999D96D57F BaseClass: NativeClass:/Script/Engine.VolumetricCloud Name:VolumetricCloud_0 Label:VolumetricCloud SpatiallyLoaded:0 Bounds:IsValid=true, Min=(X=0.000 Y=0.000 Z=820.000), Max=(X=0.000 Y=0.000 Z=820.000) RuntimeGrid:None EditorOnly:0 RuntimeOnly:0 HLODRelevant:0 ListedInSceneOutliner:1 IsMainWorldOnly:0 FolderPath:Lighting FolderGuid:963EC3EB4002CCE9759E2EBA541A873A
 |   |   |- [+] [  7]
 |   |   |   |- Guid:4F9BBFA742E91F767611AB9895A63705 BaseClass: NativeClass:/Script/Engine.StaticMeshActor Name:StaticMeshActor_UAID_047C16CA691A485802_2099527098 Label:SM_Mountain3 SpatiallyLoaded:1 Bounds:IsValid=true, Min=(X=-6285.805 Y=-99575.408 Z=-890.313), Max=(X=70383.769 Y=64877.343 Z=44394.381) RuntimeGrid:None EditorOnly:0 RuntimeOnly:0 HLODRelevant:1 ListedInSceneOutliner:1 IsMainWorldOnly:0 FolderPath:Cenario FolderGuid:0531F1A843307BDEEA604A83DF2063F6
 |   |   |- [+] [  8]
 |   |   |   |- Guid:56F3399B47E7C3D2B8FFCA95B1C5E6C6 BaseClass:/Game/MinhasBluePrints/BP_Veneno.BP_Veneno_C NativeClass:/Script/Engine.Actor Name:BP_Veneno_C_UAID_047C16CA691A545502_1366475041 Label:BP_Veneno SpatiallyLoaded:1 Bounds:IsValid=true, Min=(X=408.000 Y=1039.000 Z=57.000), Max=(X=452.000 Y=1061.000 Z=123.000) RuntimeGrid:None EditorOnly:0 RuntimeOnly:0 HLODRelevant:0 ListedInSceneOutliner:1 IsMainWorldOnly:0
 |   |   |- [+] [  9]
 |   |   |   |- Guid:597F99174C3497C204EFF5AFAC2411C4 BaseClass:/Game/MinhasBluePrints/BP_Door.BP_Door_C NativeClass:/Script/Engine.Actor Name:BP_Porta_C_UAID_04BF1B869F79F85602_1794922959 Label:BP_Porta SpatiallyLoaded:1 Bounds:IsValid=true, Min=(X=260.976 Y=1281.413 Z=8.000), Max=(X=559.024 Y=1598.587 Z=232.000) RuntimeGrid:None EditorOnly:0 RuntimeOnly:0 HLODRelevant:0 ListedInSceneOutliner:1 IsMainWorldOnly:0
 |   |   |- [+] [ 10]
 |   |   |   |- Guid:5984ED204BCDAE9ED46A0E9331159B85 BaseClass: NativeClass:/Script/Engine.StaticMeshActor Name:StaticMeshActor_UAID_047C16CA691AD05302_2066712782 Label:SM_MarketStall_01 SpatiallyLoaded:1 Bounds:IsValid=true, Min=(X=978.146 Y=975.813 Z=10.000), Max=(X=1325.220 Y=1383.708 Z=398.838) RuntimeGrid:None EditorOnly:0 RuntimeOnly:0 HLODRelevant:1 ListedInSceneOutliner:1 IsMainWorldOnly:0
 |   |   |- [+] [ 11]
 |   |   |   |- Guid:6176FE884409E2A73A403E83DDD9906D BaseClass: NativeClass:/Script/Engine.StaticMeshActor Name:StaticMeshActor_UAID_047C16CA691AD15302_1978468014 Label:SM_Stairs_01 SpatiallyLoaded:1 Bounds:IsValid=true, Min=(X=227.235 Y=2178.146 Z=7.025), Max=(X=412.961 Y=2314.134 Z=435.670) RuntimeGrid:None EditorOnly:0 RuntimeOnly:0 HLODRelevant:1 ListedInSceneOutliner:1 IsMainWorldOnly:0
 |   |   |- [+] [ 12]
 |   |   |   |- Guid:6854DEED403581D2169C9189422F85A4 BaseClass: NativeClass:/Script/Engine.StaticMeshActor Name:StaticMeshActor_UAID_047C16CA691AD05302_1764752771 Label:SM_Fence4 SpatiallyLoaded:1 Bounds:IsValid=true, Min=(X=903.543 Y=-679.505 Z=9.891), Max=(X=936.783 Y=-379.576 Z=162.897) RuntimeGrid:None EditorOnly:0 RuntimeOnly:0 HLODRelevant:1 ListedInSceneOutliner:1 IsMainWorldOnly:0
 |   |   |- [+] [ 13]
 |   |   |   |- Guid:6BAF4DDD444C60371492D3919DB42C97 BaseClass: NativeClass:/Script/Engine.WorldDataLayers Name:WorldDataLayers Label:WorldDataLayers SpatiallyLoaded:0 Bounds:IsValid=true, Min=(X=0.000 Y=0.000 Z=0.000), Max=(X=0.000 Y=0.000 Z=0.000) RuntimeGrid:None EditorOnly:0 RuntimeOnly:0 HLODRelevant:0 ListedInSceneOutliner:1 IsMainWorldOnly:1
 |   |   |- [+] [ 14]
 |   |   |   |- Guid:7473FA81473809B378D45EB5D62E944F BaseClass: NativeClass:/Script/Engine.StaticMeshActor Name:StaticMeshActor_UAID_047C16CA691AD05302_1748043769 Label:SM_Fence2 SpatiallyLoaded:1 Bounds:IsValid=true, Min=(X=903.543 Y=-139.505 Z=9.891), Max=(X=936.783 Y=160.424 Z=162.897) RuntimeGrid:None EditorOnly:0 RuntimeOnly:0 HLODRelevant:1 ListedInSceneOutliner:1 IsMainWorldOnly:0
 |   |   |- [+] [ 15]
 |   |   |   |- Guid:7AFBDD174ABD77FB65954180E50DAF5B BaseClass: NativeClass:/Script/Engine.StaticMeshActor Name:StaticMeshActor_UAID_047C16CA691ACF5302_2095002584 Label:SM_Fence SpatiallyLoaded:1 Bounds:IsValid=true, Min=(X=773.883 Y=103.095 Z=9.891), Max=(X=1067.093 Y=236.912 Z=162.897) RuntimeGrid:None EditorOnly:0 RuntimeOnly:0 HLODRelevant:1 ListedInSceneOutliner:1 IsMainWorldOnly:0
 |   |   |- [+] [ 16]
 |   |   |   |- Guid:7DBC34A14B5F1C7B13A4E4B8715CC67C BaseClass: NativeClass:/Script/Engine.StaticMeshActor Name:StaticMeshActor_UAID_047C16CA691AD15302_1543600990 Label:SM_Fence7 SpatiallyLoaded:1 Bounds:IsValid=true, Min=(X=-349.505 Y=2403.217 Z=9.891), Max=(X=-49.576 Y=2436.457 Z=162.897) RuntimeGrid:None EditorOnly:0 RuntimeOnly:0 HLODRelevant:1 ListedInSceneOutliner:1 IsMainWorldOnly:0
 |   |   |- [+] [ 17]
 |   |   |   |- Guid:84CAC86745E6855388F8428317AEBC29 BaseClass: NativeClass:/Script/Engine.StaticMeshActor Name:StaticMeshActor_UAID_047C16CA691A495802_2052599277 Label:goose_low_poly2 SpatiallyLoaded:1 Bounds:IsValid=true, Min=(X=-7825.252 Y=19499.155 Z=-32238.852), Max=(X=7583.253 Y=52372.514 Z=10962.816) RuntimeGrid:None EditorOnly:0 RuntimeOnly:0 HLODRelevant:1 ListedInSceneOutliner:1 IsMainWorldOnly:0
 |   |   |- [+] [ 18]
 |   |   |   |- Guid:900E87364A36C7DAC6FB0D892FBD3643 BaseClass: NativeClass:/Script/Engine.StaticMeshActor Name:StaticMeshActor_UAID_047C16CA691AD15302_1546568991 Label:SM_Fence8 SpatiallyLoaded:1 Bounds:IsValid=true, Min=(X=-639.505 Y=2403.217 Z=9.891), Max=(X=-339.576 Y=2436.457 Z=162.897) RuntimeGrid:None EditorOnly:0 RuntimeOnly:0 HLODRelevant:1 ListedInSceneOutliner:1 IsMainWorldOnly:0
 |   |   |- [+] [ 19]
 |   |   |   |- Guid:91517FA7430A0B37D8E5C1901B7DB2F0 BaseClass:/Game/MinhasBluePrints/BP_Vida.BP_Vida_C NativeClass:/Script/Engine.Actor Name:BP_Vida_C_UAID_047C16CA691A535502_2097330863 Label:BP_Vida SpatiallyLoaded:1 Bounds:IsValid=true, Min=(X=488.000 Y=978.000 Z=78.000), Max=(X=552.000 Y=1042.000 Z=142.000) RuntimeGrid:None EditorOnly:0 RuntimeOnly:0 HLODRelevant:0 ListedInSceneOutliner:1 IsMainWorldOnly:0
 |   |   |- [+] [ 20]
 |   |   |   |- Guid:A34FB9E3486A2F9AA769FEBF16439385 BaseClass: NativeClass:/Script/Engine.StaticMeshActor Name:StaticMeshActor_UAID_047C16CA691AD15302_1540770989 Label:SM_Fence6 SpatiallyLoaded:1 Bounds:IsValid=true, Min=(X=-59.505 Y=2403.217 Z=9.891), Max=(X=240.424 Y=2436.457 Z=162.897) RuntimeGrid:None EditorOnly:0 RuntimeOnly:0 HLODRelevant:1 ListedInSceneOutliner:1 IsMainWorldOnly:0
 |   |   |- [+] [ 21]
 |   |   |   |- Guid:A6839A67473445B9429718939C2CCBC1 BaseClass: NativeClass:/Script/Landscape.Landscape Name:Landscape_UAID_047C16CA691A475802_1813730920 Label:Landscape3 SpatiallyLoaded:0 Bounds:IsValid=true, Min=(X=-19823.000 Y=-23290.000 Z=-50.250), Max=(X=24277.000 Y=20810.000 Z=6478.875) RuntimeGrid:None EditorOnly:0 RuntimeOnly:0 HLODRelevant:0 ListedInSceneOutliner:1 IsMainWorldOnly:0 FolderPath:Cenario FolderGuid:0531F1A843307BDEEA604A83DF2063F6
 |   |   |- [+] [ 22]
 |   |   |   |- Guid:AE07F2D44A87B1B1C2065690C7125DB1 BaseClass: NativeClass:/Script/Engine.StaticMeshActor Name:StaticMeshActor_UAID_047C16CA691ACF5302_2136114586 Label:small_low_poly_church SpatiallyLoaded:1 Bounds:IsValid=true, Min=(X=1133.482 Y=3902.201 Z=10.000), Max=(X=2049.614 Y=5310.038 Z=1438.744) RuntimeGrid:None EditorOnly:0 RuntimeOnly:0 HLODRelevant:1 ListedInSceneOutliner:1 IsMainWorldOnly:0
 |   |   |- [+] [ 23]
 |   |   |   |- Guid:B785ED2844B84CFB91E7F39FE661CD99 BaseClass: NativeClass:/Script/Engine.DirectionalLight Name:DirectionalLight_0 Label:DirectionalLight SpatiallyLoaded:0 Bounds:IsValid=true, Min=(X=-1048576.000 Y=-1048576.000 Z=-1048576.000), Max=(X=1048576.000 Y=1048576.000 Z=1048576.000) RuntimeGrid:None EditorOnly:0 RuntimeOnly:0 HLODRelevant:0 ListedInSceneOutliner:1 IsMainWorldOnly:0 FolderPath:Lighting FolderGuid:963EC3EB4002CCE9759E2EBA541A873A
 |   |   |- [+] [ 24]
 |   |   |   |- Guid:BAA6C8E94727BA03FE708A90A4954631 BaseClass: NativeClass:/Script/Engine.StaticMeshActor Name:StaticMeshActor_UAID_047C16CA691AD05302_1521552763 Label:low_poly_simple_house SpatiallyLoaded:1 Bounds:IsValid=true, Min=(X=856.617 Y=98.145 Z=16.693), Max=(X=1653.828 Y=854.480 Z=422.013) RuntimeGrid:None EditorOnly:0 RuntimeOnly:0 HLODRelevant:1 ListedInSceneOutliner:1 IsMainWorldOnly:0
 |   |   |- [+] [ 25]
 |   |   |   |- Guid:C34FD72244D5A8C453DEFDA0DC384CE7 BaseClass: NativeClass:/Script/Engine.StaticMeshActor Name:StaticMeshActor_UAID_047C16CA691AD05302_1757131770 Label:SM_Fence3 SpatiallyLoaded:1 Bounds:IsValid=true, Min=(X=903.543 Y=-399.505 Z=9.891), Max=(X=936.783 Y=-99.576 Z=162.897) RuntimeGrid:None EditorOnly:0 RuntimeOnly:0 HLODRelevant:1 ListedInSceneOutliner:1 IsMainWorldOnly:0
 |   |   |- [+] [ 26]
 |   |   |   |- Guid:C65954EF4E4850DB03ACA99458519A3A BaseClass: NativeClass:/Script/Engine.StaticMeshActor Name:StaticMeshActor_UAID_047C16CA691AD05302_1566474765 Label:low_poly_simple_house3 SpatiallyLoaded:1 Bounds:IsValid=true, Min=(X=169.539 Y=-215.636 Z=16.693), Max=(X=873.573 Y=397.812 Z=422.013) RuntimeGrid:None EditorOnly:0 RuntimeOnly:0 HLODRelevant:1 ListedInSceneOutliner:1 IsMainWorldOnly:0
 |   |   |- [+] [ 27]
 |   |   |   |- Guid:C7B46AA44092906EE87C09866BEE48E7 BaseClass: NativeClass:/Script/Engine.StaticMeshActor Name:StaticMeshActor_UAID_047C16CA691AD05302_1548798764 Label:low_poly_simple_house2 SpatiallyLoaded:1 Bounds:IsValid=true, Min=(X=-661.855 Y=76.172 Z=16.693), Max=(X=94.480 Y=873.383 Z=422.013) RuntimeGrid:None EditorOnly:0 RuntimeOnly:0 HLODRelevant:1 ListedInSceneOutliner:1 IsMainWorldOnly:0
 |   |   |- [+] [ 28]
 |   |   |   |- Guid:CCFF262C46EEFFDF319E7F9539CE697E BaseClass: NativeClass:/Script/Engine.SkyAtmosphere Name:SkyAtmosphere_0 Label:SkyAtmosphere SpatiallyLoaded:0 Bounds:IsValid=true, Min=(X=0.000 Y=0.000 Z=1020.000), Max=(X=0.000 Y=0.000 Z=1020.000) RuntimeGrid:None EditorOnly:0 RuntimeOnly:0 HLODRelevant:0 ListedInSceneOutliner:1 IsMainWorldOnly:0 FolderPath:Lighting FolderGuid:963EC3EB4002CCE9759E2EBA541A873A
 |   |   |- [+] [ 29]
 |   |   |   |- Guid:DAEA1A6E412064B81353DB9AE75ED0A0 BaseClass: NativeClass:/Script/Engine.StaticMeshActor Name:StaticMeshActor_UAID_047C16CA691ACF5302_2024186580 Label:SM_Stones02 SpatiallyLoaded:1 Bounds:IsValid=true, Min=(X=1804.605 Y=1678.851 Z=10.000), Max=(X=2256.562 Y=2142.292 Z=246.141) RuntimeGrid:None EditorOnly:0 RuntimeOnly:0 HLODRelevant:1 ListedInSceneOutliner:1 IsMainWorldOnly:0
 |   |   |- [+] [ 30]
 |   |   |   |- Guid:E138BAF34D1671B7EEEB17A46221C8F6 BaseClass: NativeClass:/Script/Engine.StaticMeshActor Name:StaticMeshActor_UAID_047C16CA691A485802_2055333097 Label:SM_Mountain2 SpatiallyLoaded:1 Bounds:IsValid=true, Min=(X=-70927.439 Y=-69667.806 Z=-2764.141), Max=(X=66675.392 Y=13023.846 Z=17559.709) RuntimeGrid:None EditorOnly:0 RuntimeOnly:0 HLODRelevant:1 ListedInSceneOutliner:1 IsMainWorldOnly:0 FolderPath:Cenario FolderGuid:0531F1A843307BDEEA604A83DF2063F6
 |   |   |- [+] [ 31]
 |   |   |   |- Guid:EC4E0C944CE6AC6E784BC6BB2916EA13 BaseClass: NativeClass:/Script/Engine.StaticMeshActor Name:StaticMeshActor_UAID_A4AE111137DC5EFB00_1110535423 Label:SM_SkySphere SpatiallyLoaded:0 Bounds:IsValid=true, Min=(X=-1638400.000 Y=-1638400.000 Z=-1638400.000), Max=(X=1638400.000 Y=1638400.000 Z=1638400.000) RuntimeGrid:None EditorOnly:0 RuntimeOnly:0 HLODRelevant:0 ListedInSceneOutliner:1 IsMainWorldOnly:0 FolderPath:Lighting FolderGuid:963EC3EB4002CCE9759E2EBA541A873A
 |   |   |- [+] [ 32]
 |   |   |   |- Guid:F5E3FEB3450C49844FD93DA8E083C8AD BaseClass: NativeClass:/Script/Engine.PostProcessVolume Name:PostProcessVolume_0 Label:PostProcessVolume SpatiallyLoaded:0 Bounds:IsValid=true, Min=(X=0.000 Y=0.000 Z=400.000), Max=(X=200.000 Y=200.000 Z=600.000) RuntimeGrid:None EditorOnly:0 RuntimeOnly:0 HLODRelevant:0 ListedInSceneOutliner:1 IsMainWorldOnly:0 FolderPath:Lighting FolderGuid:963EC3EB4002CCE9759E2EBA541A873A
 |- ContainerInstances:
 |- [+] MainContainer:
 |   |-        ID: 00000000000000000000000000000000
 |   |-  ParentID: 00000000000000000000000000000000
 |   |-    Bounds: IsValid=false, Min=(X=0.000 Y=0.000 Z=0.000), Max=(X=0.000 Y=0.000 Z=0.000)
 |   |- Transform: 0.000000,0.000000,0.000000|0.000000,0.000000,-0.000000|1.000000,1.000000,1.000000
 |   |- Container: /Game/ThirdPerson/Maps/ThirdPersonMap
----------------------------------------------------------------------------------------------------------------
ThirdPersonMap - Persistent Level
----------------------------------------------------------------------------------------------------------------
[+] Content of ThirdPersonMap Persistent Level
 |- Always loaded Actor Count: 33 
 |- Actor Path: /Game/ThirdPerson/Maps/ThirdPersonMap.ThirdPersonMap:PersistentLevel.BP_Porta_C_UAID_04BF1B869F79F85602_1794922959
 |- Actor Package: /Game/__ExternalActors__/ThirdPerson/Maps/ThirdPersonMap/7/GR/HPX43SV26ZICMS11ZZEKT9
 |- Actor Path: /Game/ThirdPerson/Maps/ThirdPersonMap.ThirdPersonMap:PersistentLevel.BP_Veneno_C_UAID_047C16CA691A545502_1366475041
 |- Actor Package: /Game/__ExternalActors__/ThirdPerson/Maps/ThirdPersonMap/D/OR/X1COMACJ24K15KHPREV3PK
 |- Actor Path: /Game/ThirdPerson/Maps/ThirdPersonMap.ThirdPersonMap:PersistentLevel.BP_Vida_C_UAID_047C16CA691A535502_2097330863
 |- Actor Package: /Game/__ExternalActors__/ThirdPerson/Maps/ThirdPersonMap/D/XU/QNE9UMG11FCYWNAC5JCQKQ
 |- Actor Path: /Game/ThirdPerson/Maps/ThirdPersonMap.ThirdPersonMap:PersistentLevel.DirectionalLight_0
 |- Actor Package: /Game/__ExternalActors__/ThirdPerson/Maps/ThirdPersonMap/5/R1/TS5OQ5CRUWFZYL1ZQ7I416
 |- Actor Path: /Game/ThirdPerson/Maps/ThirdPersonMap.ThirdPersonMap:PersistentLevel.ExponentialHeightFog_0
 |- Actor Package: /Game/__ExternalActors__/ThirdPerson/Maps/ThirdPersonMap/6/J7/N10XDC9G27EMLS5AGZ6AVV
 |- Actor Path: /Game/ThirdPerson/Maps/ThirdPersonMap.ThirdPersonMap:PersistentLevel.Landscape_UAID_047C16CA691A475802_1813730920
 |- Actor Package: /Game/__ExternalActors__/ThirdPerson/Maps/ThirdPersonMap/9/ZS/TA0EZFJH5FX259T0L2OXIG
 |- Actor Path: /Game/ThirdPerson/Maps/ThirdPersonMap.ThirdPersonMap:PersistentLevel.PlayerStart_0
 |- Actor Package: /Game/__ExternalActors__/ThirdPerson/Maps/ThirdPersonMap/D/DE/SWSI13675DVYIZ0N4NF7Y3
 |- Actor Path: /Game/ThirdPerson/Maps/ThirdPersonMap.ThirdPersonMap:PersistentLevel.PostProcessVolume_0
 |- Actor Package: /Game/__ExternalActors__/ThirdPerson/Maps/ThirdPersonMap/1/AZ/A7GPT109Y6ZTTJD4A7TXER
 |- Actor Path: /Game/ThirdPerson/Maps/ThirdPersonMap.ThirdPersonMap:PersistentLevel.SkyAtmosphere_0
 |- Actor Package: /Game/__ExternalActors__/ThirdPerson/Maps/ThirdPersonMap/4/LN/30UBDLYFFA5ZR7U4W4L4GG
 |- Actor Path: /Game/ThirdPerson/Maps/ThirdPersonMap.ThirdPersonMap:PersistentLevel.SkyLight_1
 |- Actor Package: /Game/__ExternalActors__/ThirdPerson/Maps/ThirdPersonMap/8/S1/DXUWD12MD3HRWVVXX076BY
 |- Actor Path: /Game/ThirdPerson/Maps/ThirdPersonMap.ThirdPersonMap:PersistentLevel.StaticMeshActor_UAID_047C16CA691A475802_1268807919
 |- Actor Package: /Game/__ExternalActors__/ThirdPerson/Maps/ThirdPersonMap/E/TL/VLDX88KUE1SBIG9UXHXM2N
 |- Actor Path: /Game/ThirdPerson/Maps/ThirdPersonMap.ThirdPersonMap:PersistentLevel.StaticMeshActor_UAID_047C16CA691A485802_2055333097
 |- Actor Package: /Game/__ExternalActors__/ThirdPerson/Maps/ThirdPersonMap/0/CU/98DR6ULV2J0RSN9K2VBY8W
 |- Actor Path: /Game/ThirdPerson/Maps/ThirdPersonMap.ThirdPersonMap:PersistentLevel.StaticMeshActor_UAID_047C16CA691A485802_2099527098
 |- Actor Package: /Game/__ExternalActors__/ThirdPerson/Maps/ThirdPersonMap/7/GV/3BUB0L3373L4H9CEAEGLTI
 |- Actor Path: /Game/ThirdPerson/Maps/ThirdPersonMap.ThirdPersonMap:PersistentLevel.StaticMeshActor_UAID_047C16CA691A495802_1941679276
 |- Actor Package: /Game/__ExternalActors__/ThirdPerson/Maps/ThirdPersonMap/9/69/SQ6UENGK1EDH4NDC1JOL35
 |- Actor Path: /Game/ThirdPerson/Maps/ThirdPersonMap.ThirdPersonMap:PersistentLevel.StaticMeshActor_UAID_047C16CA691A495802_2052599277
 |- Actor Package: /Game/__ExternalActors__/ThirdPerson/Maps/ThirdPersonMap/1/NM/6UUPDT7GR27TQHLB0R8W8D
 |- Actor Path: /Game/ThirdPerson/Maps/ThirdPersonMap.ThirdPersonMap:PersistentLevel.StaticMeshActor_UAID_047C16CA691ACF5302_2024186580
 |- Actor Package: /Game/__ExternalActors__/ThirdPerson/Maps/ThirdPersonMap/D/MV/BU1P4JJQBSAJHG8RXSXLWU
 |- Actor Path: /Game/ThirdPerson/Maps/ThirdPersonMap.ThirdPersonMap:PersistentLevel.StaticMeshActor_UAID_047C16CA691ACF5302_2095002584
 |- Actor Package: /Game/__ExternalActors__/ThirdPerson/Maps/ThirdPersonMap/F/0X/RYSDMJHO6CUFMI4O3LECK8
 |- Actor Path: /Game/ThirdPerson/Maps/ThirdPersonMap.ThirdPersonMap:PersistentLevel.StaticMeshActor_UAID_047C16CA691ACF5302_2136114586
 |- Actor Package: /Game/__ExternalActors__/ThirdPerson/Maps/ThirdPersonMap/C/V4/1XNM26M8T54IDMV436USIR
 |- Actor Path: /Game/ThirdPerson/Maps/ThirdPersonMap.ThirdPersonMap:PersistentLevel.StaticMeshActor_UAID_047C16CA691AD05302_1521552763
 |- Actor Package: /Game/__ExternalActors__/ThirdPerson/Maps/ThirdPersonMap/8/3U/2CNT3P4HNT9FYWVSS3ED2M
 |- Actor Path: /Game/ThirdPerson/Maps/ThirdPersonMap.ThirdPersonMap:PersistentLevel.StaticMeshActor_UAID_047C16CA691AD05302_1548798764
 |- Actor Package: /Game/__ExternalActors__/ThirdPerson/Maps/ThirdPersonMap/7/ET/FGO5YE90EOXGMDA7GUGNWV
 |- Actor Path: /Game/ThirdPerson/Maps/ThirdPersonMap.ThirdPersonMap:PersistentLevel.StaticMeshActor_UAID_047C16CA691AD05302_1566474765
 |- Actor Package: /Game/__ExternalActors__/ThirdPerson/Maps/ThirdPersonMap/2/KV/AXO5PQYXR3KDE1DECW31EC
 |- Actor Path: /Game/ThirdPerson/Maps/ThirdPersonMap.ThirdPersonMap:PersistentLevel.StaticMeshActor_UAID_047C16CA691AD05302_1748043769
 |- Actor Package: /Game/__ExternalActors__/ThirdPerson/Maps/ThirdPersonMap/2/27/IPNTWO4QG7KJMKZLQI3CE4
 |- Actor Path: /Game/ThirdPerson/Maps/ThirdPersonMap.ThirdPersonMap:PersistentLevel.StaticMeshActor_UAID_047C16CA691AD05302_1757131770
 |- Actor Package: /Game/__ExternalActors__/ThirdPerson/Maps/ThirdPersonMap/B/DU/CWYQJC9Q60UEEA5R63JLIA
 |- Actor Path: /Game/ThirdPerson/Maps/ThirdPersonMap.ThirdPersonMap:PersistentLevel.StaticMeshActor_UAID_047C16CA691AD05302_1764752771
 |- Actor Package: /Game/__ExternalActors__/ThirdPerson/Maps/ThirdPersonMap/A/GY/JU7FSBYRSXLGIUSXL4MMNP
 |- Actor Path: /Game/ThirdPerson/Maps/ThirdPersonMap.ThirdPersonMap:PersistentLevel.StaticMeshActor_UAID_047C16CA691AD05302_2066712782
 |- Actor Package: /Game/__ExternalActors__/ThirdPerson/Maps/ThirdPersonMap/5/1F/CQPFX5GXLJ0G63K6GR219V
 |- Actor Path: /Game/ThirdPerson/Maps/ThirdPersonMap.ThirdPersonMap:PersistentLevel.StaticMeshActor_UAID_047C16CA691AD15302_1535592988
 |- Actor Package: /Game/__ExternalActors__/ThirdPerson/Maps/ThirdPersonMap/8/31/Y7N3LTCCXHAFJH9KBZYHOO
 |- Actor Path: /Game/ThirdPerson/Maps/ThirdPersonMap.ThirdPersonMap:PersistentLevel.StaticMeshActor_UAID_047C16CA691AD15302_1540770989
 |- Actor Package: /Game/__ExternalActors__/ThirdPerson/Maps/ThirdPersonMap/8/QL/FPJRNBBWIZL51GV4O4LWO6
 |- Actor Path: /Game/ThirdPerson/Maps/ThirdPersonMap.ThirdPersonMap:PersistentLevel.StaticMeshActor_UAID_047C16CA691AD15302_1543600990
 |- Actor Package: /Game/__ExternalActors__/ThirdPerson/Maps/ThirdPersonMap/0/40/4YIZ4QRQWBW5NJBUF21DVA
 |- Actor Path: /Game/ThirdPerson/Maps/ThirdPersonMap.ThirdPersonMap:PersistentLevel.StaticMeshActor_UAID_047C16CA691AD15302_1546568991
 |- Actor Package: /Game/__ExternalActors__/ThirdPerson/Maps/ThirdPersonMap/8/K1/SGY3G6CNCMA6GVJ78D3RNC
 |- Actor Path: /Game/ThirdPerson/Maps/ThirdPersonMap.ThirdPersonMap:PersistentLevel.StaticMeshActor_UAID_047C16CA691AD15302_1978468014
 |- Actor Package: /Game/__ExternalActors__/ThirdPerson/Maps/ThirdPersonMap/5/UJ/TPJFQFGFAC7XXS8DZ06PAO
 |- Actor Path: /Game/ThirdPerson/Maps/ThirdPersonMap.ThirdPersonMap:PersistentLevel.StaticMeshActor_UAID_A4AE111137DC5EFB00_1110535423
 |- Actor Package: /Game/__ExternalActors__/ThirdPerson/Maps/ThirdPersonMap/4/PN/2QISIGK5DJNQ05US8O8FXW
 |- Actor Path: /Game/ThirdPerson/Maps/ThirdPersonMap.ThirdPersonMap:PersistentLevel.VolumetricCloud_0
 |- Actor Package: /Game/__ExternalActors__/ThirdPerson/Maps/ThirdPersonMap/3/EY/87SHEJN5UBEAN2K5OV1G6R
 |- Actor Path: /Game/ThirdPerson/Maps/ThirdPersonMap.ThirdPersonMap:PersistentLevel.WorldDataLayers
 |- Actor Package: /Game/__ExternalActors__/ThirdPerson/Maps/ThirdPersonMap/0/43/HYQWORMY4JDQ5X3OKZXFLC

----------------------------------------------------------------------------------------------------------------
ThirdPersonMap - Runtime Hash Set
----------------------------------------------------------------------------------------------------------------

